[0.059s] Invoking command in '/home/kadi/UR5e_ros2/ros2_real/build/ur_robot_driver': AMENT_PREFIX_PATH=/home/kadi/UR5e_ros2/ros2_real/install/velocity_controllers:/home/kadi/UR5e_ros2/ros2_real/install/ur_controllers:/home/kadi/UR5e_ros2/ros2_real/install/position_controllers:/home/kadi/UR5e_ros2/ros2_real/install/joint_trajectory_controller:/home/kadi/UR5e_ros2/ros2_real/install/joint_state_broadcaster:/home/kadi/UR5e_ros2/ros2_real/install/forward_command_controller:/home/kadi/UR5e_ros2/ros2_real/install/force_torque_sensor_broadcaster:/home/kadi/UR5e_ros2/ros2_real/install/controller_manager:/home/kadi/UR5e_ros2/ros2_real/install/hardware_interface_testing:/home/kadi/UR5e_ros2/ros2_real/install/controller_interface:/home/kadi/UR5e_ros2/ros2_real/install/hardware_interface:/home/kadi/UR5e_ros2/ros2_real/install/ur_dashboard_msgs:/home/kadi/UR5e_ros2/ros2_real/install/ros2_controllers_test_nodes:/home/kadi/UR5e_ros2/ros2_real/install/ros2_control_test_assets:/home/kadi/UR5e_ros2/ros2_real/install/controller_manager_msgs:/home/kadi/UR5e_ros2/ros2_real/install/control_msgs:${AMENT_PREFIX_PATH} CMAKE_PREFIX_PATH=/home/kadi/UR5e_ros2/ros2_real/install/velocity_controllers:/home/kadi/UR5e_ros2/ros2_real/install/ur_controllers:/home/kadi/UR5e_ros2/ros2_real/install/position_controllers:/home/kadi/UR5e_ros2/ros2_real/install/joint_trajectory_controller:/home/kadi/UR5e_ros2/ros2_real/install/joint_state_broadcaster:/home/kadi/UR5e_ros2/ros2_real/install/forward_command_controller:/home/kadi/UR5e_ros2/ros2_real/install/force_torque_sensor_broadcaster:/home/kadi/UR5e_ros2/ros2_real/install/controller_manager:/home/kadi/UR5e_ros2/ros2_real/install/hardware_interface_testing:/home/kadi/UR5e_ros2/ros2_real/install/controller_interface:/home/kadi/UR5e_ros2/ros2_real/install/hardware_interface:/home/kadi/UR5e_ros2/ros2_real/install/ur_msgs:/home/kadi/UR5e_ros2/ros2_real/install/ur_description:/home/kadi/UR5e_ros2/ros2_real/install/ur_dashboard_msgs:/home/kadi/UR5e_ros2/ros2_real/install/ur_client_library:/home/kadi/UR5e_ros2/ros2_real/install/ros2_control_test_assets:/home/kadi/UR5e_ros2/ros2_real/install/controller_manager_msgs:/home/kadi/UR5e_ros2/ros2_real/install/control_msgs:/opt/ros/iron LD_LIBRARY_PATH=/home/kadi/UR5e_ros2/ros2_real/install/velocity_controllers/lib:/home/kadi/UR5e_ros2/ros2_real/install/ur_controllers/lib:/home/kadi/UR5e_ros2/ros2_real/install/position_controllers/lib:/home/kadi/UR5e_ros2/ros2_real/install/joint_trajectory_controller/lib:/home/kadi/UR5e_ros2/ros2_real/install/joint_state_broadcaster/lib:/home/kadi/UR5e_ros2/ros2_real/install/forward_command_controller/lib:/home/kadi/UR5e_ros2/ros2_real/install/force_torque_sensor_broadcaster/lib:/home/kadi/UR5e_ros2/ros2_real/install/controller_manager/lib:/home/kadi/UR5e_ros2/ros2_real/install/hardware_interface_testing/lib:/home/kadi/UR5e_ros2/ros2_real/install/controller_interface/lib:/home/kadi/UR5e_ros2/ros2_real/install/hardware_interface/lib:/home/kadi/UR5e_ros2/ros2_real/install/ur_msgs/lib:/home/kadi/UR5e_ros2/ros2_real/install/ur_dashboard_msgs/lib:/home/kadi/UR5e_ros2/ros2_real/install/ur_client_library/lib:/home/kadi/UR5e_ros2/ros2_real/install/ros2_control_test_assets/lib:/home/kadi/UR5e_ros2/ros2_real/install/controller_manager_msgs/lib:/home/kadi/UR5e_ros2/ros2_real/install/control_msgs/lib:/home/kadi/mujoco-3.0.0/lib:/home/kadi/mujoco-3.0.0/lib:/home/kadi/mujoco-3.0.0/lib:/home/kadi/mujoco-3.0.0/lib:/home/kadi/mujoco-3.0.0/lib:/usr/lib/x86_64-linux-gnu/gazebo-11/plugins:/opt/ros/iron/opt/rviz_ogre_vendor/lib:/opt/ros/iron/lib/x86_64-linux-gnu:/opt/ros/iron/lib PKG_CONFIG_PATH=/home/kadi/UR5e_ros2/ros2_real/install/ur_client_library/lib/x86_64-linux-gnu/pkgconfig:/home/kadi/UR5e_ros2/ros2_real/install/ur_client_library/lib/pkgconfig PYTHONPATH=/home/kadi/UR5e_ros2/ros2_real/install/controller_manager/lib/python3.10/site-packages:/home/kadi/UR5e_ros2/ros2_real/install/ur_msgs/lib/python3.10/site-packages:/home/kadi/UR5e_ros2/ros2_real/install/ur_dashboard_msgs/lib/python3.10/site-packages:/home/kadi/UR5e_ros2/ros2_real/install/ros2_controllers_test_nodes/lib/python3.10/site-packages:/home/kadi/UR5e_ros2/ros2_real/install/controller_manager_msgs/lib/python3.10/site-packages:/home/kadi/UR5e_ros2/ros2_real/install/control_msgs/lib/python3.10/site-packages:/opt/ros/iron/lib/python3.10/site-packages /usr/bin/cmake --build /home/kadi/UR5e_ros2/ros2_real/build/ur_robot_driver -- -j16 -l16
[0.104s] [35m[1mConsolidate compiler generated dependencies of target ur_robot_driver_plugin[0m
[0.121s] [ 53%] Built target ur_ros2_control_node
[0.121s] [ 53%] Built target urscript_interface
[0.121s] [ 73%] Built target controller_stopper_node
[0.121s] [ 73%] Built target dashboard_client
[0.127s] [ 80%] [32mBuilding CXX object CMakeFiles/ur_robot_driver_plugin.dir/src/hardware_interface.cpp.o[0m
[0.128s] [ 80%] Built target ament_cmake_python_copy_ur_robot_driver
[0.292s] running egg_info
[0.293s] writing ur_robot_driver.egg-info/PKG-INFO
[0.293s] writing dependency_links to ur_robot_driver.egg-info/dependency_links.txt
[0.293s] writing top-level names to ur_robot_driver.egg-info/top_level.txt
[0.294s] reading manifest file 'ur_robot_driver.egg-info/SOURCES.txt'
[0.295s] writing manifest file 'ur_robot_driver.egg-info/SOURCES.txt'
[0.321s] [ 80%] Built target ament_cmake_python_build_ur_robot_driver_egg
[2.950s] [01m[K/home/kadi/UR5e_ros2/ros2_real/src/Universal_Robots_ROS2_Driver/ur_robot_driver/src/hardware_interface.cpp:[m[K In member function â€˜[01m[Kvirtual hardware_interface::return_type ur_robot_driver::URPositionHardwareInterface::write(const rclcpp::Time&, const rclcpp::Duration&)[m[Kâ€™:
[2.951s] [01m[K/home/kadi/UR5e_ros2/ros2_real/src/Universal_Robots_ROS2_Driver/ur_robot_driver/src/hardware_interface.cpp:672:104:[m[K [01;31m[Kerror: [m[Kâ€˜[01m[Kf[m[Kâ€™ was not declared in this scope
[2.951s]   672 |       ur_driver_->writeFreedriveControlMessage(urcl::control::FreedriveControlMessage::FREEDRIVE_NOOP);[01;31m[Kf[m[K
[2.951s]       |                                                                                                        [01;31m[K^[m[K
[2.951s] [01m[K/home/kadi/UR5e_ros2/ros2_real/src/Universal_Robots_ROS2_Driver/ur_robot_driver/src/hardware_interface.cpp:684:58:[m[K [01;31m[Kerror: [m[Kqualified-id in declaration before â€˜[01m[K([m[Kâ€™ token
[2.951s]   684 | void URPositionHardwareInterface::handleRobotProgramState[01;31m[K([m[Kbool program_running)
[2.951s]       |                                                          [01;31m[K^[m[K
[2.951s] [01m[K/home/kadi/UR5e_ros2/ros2_real/src/Universal_Robots_ROS2_Driver/ur_robot_driver/src/hardware_interface.cpp:689:46:[m[K [01;31m[Kerror: [m[Kqualified-id in declaration before â€˜[01m[K([m[Kâ€™ token
[2.951s]   689 | void URPositionHardwareInterface::initAsyncIO[01;31m[K([m[K)
[2.951s]       |                                              [01;31m[K^[m[K
[2.951s] [01m[K/home/kadi/UR5e_ros2/ros2_real/src/Universal_Robots_ROS2_Driver/ur_robot_driver/src/hardware_interface.cpp:707:47:[m[K [01;31m[Kerror: [m[Kqualified-id in declaration before â€˜[01m[K([m[Kâ€™ token
[2.951s]   707 | void URPositionHardwareInterface::checkAsyncIO[01;31m[K([m[K)
[2.951s]       |                                               [01;31m[K^[m[K
[2.951s] [01m[K/home/kadi/UR5e_ros2/ros2_real/src/Universal_Robots_ROS2_Driver/ur_robot_driver/src/hardware_interface.cpp:780:56:[m[K [01;31m[Kerror: [m[Kqualified-id in declaration before â€˜[01m[K([m[Kâ€™ token
[2.951s]   780 | void URPositionHardwareInterface::updateNonDoubleValues[01;31m[K([m[K)
[2.951s]       |                                                        [01;31m[K^[m[K
[2.952s] [01m[K/home/kadi/UR5e_ros2/ros2_real/src/Universal_Robots_ROS2_Driver/ur_robot_driver/src/hardware_interface.cpp:808:55:[m[K [01;31m[Kerror: [m[Kqualified-id in declaration before â€˜[01m[K([m[Kâ€™ token
[2.952s]   808 | void URPositionHardwareInterface::transformForceTorque[01;31m[K([m[K)
[2.952s]       |                                                       [01;31m[K^[m[K
[2.952s] [01m[K/home/kadi/UR5e_ros2/ros2_real/src/Universal_Robots_ROS2_Driver/ur_robot_driver/src/hardware_interface.cpp:825:50:[m[K [01;31m[Kerror: [m[Kqualified-id in declaration before â€˜[01m[K([m[Kâ€™ token
[2.952s]   825 | void URPositionHardwareInterface::extractToolPose[01;31m[K([m[K)
[2.952s]       |                                                  [01;31m[K^[m[K
[2.952s] [01m[K/home/kadi/UR5e_ros2/ros2_real/src/Universal_Robots_ROS2_Driver/ur_robot_driver/src/hardware_interface.cpp:845:89:[m[K [01;31m[Kerror: [m[Kqualified-id in declaration before â€˜[01m[K([m[Kâ€™ token
[2.952s]   845 | hardware_interface::return_type URPositionHardwareInterface::prepare_command_mode_switch[01;31m[K([m[K
[2.952s]       |                                                                                         [01;31m[K^[m[K
[2.952s] [01m[K/home/kadi/UR5e_ros2/ros2_real/src/Universal_Robots_ROS2_Driver/ur_robot_driver/src/hardware_interface.cpp:897:89:[m[K [01;31m[Kerror: [m[Kqualified-id in declaration before â€˜[01m[K([m[Kâ€™ token
[2.952s]   897 | hardware_interface::return_type URPositionHardwareInterface::perform_command_mode_switch[01;31m[K([m[K
[2.952s]       |                                                                                         [01;31m[K^[m[K
[2.972s] In file included from [01m[K/opt/ros/iron/include/class_loader/class_loader/class_loader.hpp:56[m[K,
[2.972s]                  from [01m[K/opt/ros/iron/include/pluginlib/pluginlib/class_list_macros.hpp:40[m[K,
[2.972s]                  from [01m[K/home/kadi/UR5e_ros2/ros2_real/src/Universal_Robots_ROS2_Driver/ur_robot_driver/src/hardware_interface.cpp:932[m[K:
[2.972s] [01m[K/home/kadi/UR5e_ros2/ros2_real/src/Universal_Robots_ROS2_Driver/ur_robot_driver/src/hardware_interface.cpp:[m[K At global scope:
[2.972s] [01m[K/home/kadi/UR5e_ros2/ros2_real/src/Universal_Robots_ROS2_Driver/ur_robot_driver/src/hardware_interface.cpp:934:1:[m[K [01;31m[Kerror: [m[Kexpected â€˜[01m[K}[m[Kâ€™ at end of input
[2.972s]   934 | [01;31m[KPLUGINLIB_EXPORT_CLASS[m[K(ur_robot_driver::URPositionHardwareInterface, hardware_interface::SystemInterface)
[2.972s]       | [01;31m[K^~~~~~~~~~~~~~~~~~~~~~[m[K
[2.972s] [01m[K/home/kadi/UR5e_ros2/ros2_real/src/Universal_Robots_ROS2_Driver/ur_robot_driver/src/hardware_interface.cpp:57:1:[m[K [01;36m[Knote: [m[Kto match this â€˜[01m[K{[m[Kâ€™
[2.972s]    57 | [01;36m[K{[m[K
[2.972s]       | [01;36m[K^[m[K
[3.966s] [01m[K/home/kadi/UR5e_ros2/ros2_real/src/Universal_Robots_ROS2_Driver/ur_robot_driver/src/hardware_interface.cpp:[m[K In member function â€˜[01m[Kvirtual hardware_interface::return_type ur_robot_driver::URPositionHardwareInterface::write(const rclcpp::Time&, const rclcpp::Duration&)[m[Kâ€™:
[3.966s] [01m[K/home/kadi/UR5e_ros2/ros2_real/src/Universal_Robots_ROS2_Driver/ur_robot_driver/src/hardware_interface.cpp:930:1:[m[K [01;35m[Kwarning: [m[Kcontrol reaches end of non-void function [[01;35m[K]8;;https://gcc.gnu.org/onlinedocs/gcc/Warning-Options.html#index-Wreturn-type-Wreturn-type]8;;[m[K]
[3.966s]   930 | [01;35m[K}[m[K  // namespace ur_robot_driver
[3.966s]       | [01;35m[K^[m[K
[4.027s] gmake[2]: *** [CMakeFiles/ur_robot_driver_plugin.dir/build.make:90: CMakeFiles/ur_robot_driver_plugin.dir/src/hardware_interface.cpp.o] Error 1
[4.027s] gmake[1]: *** [CMakeFiles/Makefile2:148: CMakeFiles/ur_robot_driver_plugin.dir/all] Error 2
[4.027s] gmake: *** [Makefile:146: all] Error 2
[4.031s] Invoked command in '/home/kadi/UR5e_ros2/ros2_real/build/ur_robot_driver' returned '2': AMENT_PREFIX_PATH=/home/kadi/UR5e_ros2/ros2_real/install/velocity_controllers:/home/kadi/UR5e_ros2/ros2_real/install/ur_controllers:/home/kadi/UR5e_ros2/ros2_real/install/position_controllers:/home/kadi/UR5e_ros2/ros2_real/install/joint_trajectory_controller:/home/kadi/UR5e_ros2/ros2_real/install/joint_state_broadcaster:/home/kadi/UR5e_ros2/ros2_real/install/forward_command_controller:/home/kadi/UR5e_ros2/ros2_real/install/force_torque_sensor_broadcaster:/home/kadi/UR5e_ros2/ros2_real/install/controller_manager:/home/kadi/UR5e_ros2/ros2_real/install/hardware_interface_testing:/home/kadi/UR5e_ros2/ros2_real/install/controller_interface:/home/kadi/UR5e_ros2/ros2_real/install/hardware_interface:/home/kadi/UR5e_ros2/ros2_real/install/ur_dashboard_msgs:/home/kadi/UR5e_ros2/ros2_real/install/ros2_controllers_test_nodes:/home/kadi/UR5e_ros2/ros2_real/install/ros2_control_test_assets:/home/kadi/UR5e_ros2/ros2_real/install/controller_manager_msgs:/home/kadi/UR5e_ros2/ros2_real/install/control_msgs:${AMENT_PREFIX_PATH} CMAKE_PREFIX_PATH=/home/kadi/UR5e_ros2/ros2_real/install/velocity_controllers:/home/kadi/UR5e_ros2/ros2_real/install/ur_controllers:/home/kadi/UR5e_ros2/ros2_real/install/position_controllers:/home/kadi/UR5e_ros2/ros2_real/install/joint_trajectory_controller:/home/kadi/UR5e_ros2/ros2_real/install/joint_state_broadcaster:/home/kadi/UR5e_ros2/ros2_real/install/forward_command_controller:/home/kadi/UR5e_ros2/ros2_real/install/force_torque_sensor_broadcaster:/home/kadi/UR5e_ros2/ros2_real/install/controller_manager:/home/kadi/UR5e_ros2/ros2_real/install/hardware_interface_testing:/home/kadi/UR5e_ros2/ros2_real/install/controller_interface:/home/kadi/UR5e_ros2/ros2_real/install/hardware_interface:/home/kadi/UR5e_ros2/ros2_real/install/ur_msgs:/home/kadi/UR5e_ros2/ros2_real/install/ur_description:/home/kadi/UR5e_ros2/ros2_real/install/ur_dashboard_msgs:/home/kadi/UR5e_ros2/ros2_real/install/ur_client_library:/home/kadi/UR5e_ros2/ros2_real/install/ros2_control_test_assets:/home/kadi/UR5e_ros2/ros2_real/install/controller_manager_msgs:/home/kadi/UR5e_ros2/ros2_real/install/control_msgs:/opt/ros/iron LD_LIBRARY_PATH=/home/kadi/UR5e_ros2/ros2_real/install/velocity_controllers/lib:/home/kadi/UR5e_ros2/ros2_real/install/ur_controllers/lib:/home/kadi/UR5e_ros2/ros2_real/install/position_controllers/lib:/home/kadi/UR5e_ros2/ros2_real/install/joint_trajectory_controller/lib:/home/kadi/UR5e_ros2/ros2_real/install/joint_state_broadcaster/lib:/home/kadi/UR5e_ros2/ros2_real/install/forward_command_controller/lib:/home/kadi/UR5e_ros2/ros2_real/install/force_torque_sensor_broadcaster/lib:/home/kadi/UR5e_ros2/ros2_real/install/controller_manager/lib:/home/kadi/UR5e_ros2/ros2_real/install/hardware_interface_testing/lib:/home/kadi/UR5e_ros2/ros2_real/install/controller_interface/lib:/home/kadi/UR5e_ros2/ros2_real/install/hardware_interface/lib:/home/kadi/UR5e_ros2/ros2_real/install/ur_msgs/lib:/home/kadi/UR5e_ros2/ros2_real/install/ur_dashboard_msgs/lib:/home/kadi/UR5e_ros2/ros2_real/install/ur_client_library/lib:/home/kadi/UR5e_ros2/ros2_real/install/ros2_control_test_assets/lib:/home/kadi/UR5e_ros2/ros2_real/install/controller_manager_msgs/lib:/home/kadi/UR5e_ros2/ros2_real/install/control_msgs/lib:/home/kadi/mujoco-3.0.0/lib:/home/kadi/mujoco-3.0.0/lib:/home/kadi/mujoco-3.0.0/lib:/home/kadi/mujoco-3.0.0/lib:/home/kadi/mujoco-3.0.0/lib:/usr/lib/x86_64-linux-gnu/gazebo-11/plugins:/opt/ros/iron/opt/rviz_ogre_vendor/lib:/opt/ros/iron/lib/x86_64-linux-gnu:/opt/ros/iron/lib PKG_CONFIG_PATH=/home/kadi/UR5e_ros2/ros2_real/install/ur_client_library/lib/x86_64-linux-gnu/pkgconfig:/home/kadi/UR5e_ros2/ros2_real/install/ur_client_library/lib/pkgconfig PYTHONPATH=/home/kadi/UR5e_ros2/ros2_real/install/controller_manager/lib/python3.10/site-packages:/home/kadi/UR5e_ros2/ros2_real/install/ur_msgs/lib/python3.10/site-packages:/home/kadi/UR5e_ros2/ros2_real/install/ur_dashboard_msgs/lib/python3.10/site-packages:/home/kadi/UR5e_ros2/ros2_real/install/ros2_controllers_test_nodes/lib/python3.10/site-packages:/home/kadi/UR5e_ros2/ros2_real/install/controller_manager_msgs/lib/python3.10/site-packages:/home/kadi/UR5e_ros2/ros2_real/install/control_msgs/lib/python3.10/site-packages:/opt/ros/iron/lib/python3.10/site-packages /usr/bin/cmake --build /home/kadi/UR5e_ros2/ros2_real/build/ur_robot_driver -- -j16 -l16
