[0.040s] Invoking command in '/home/kadi/UR5e_ros2/ros2_real/build/ur_controllers': AMENT_PREFIX_PATH=/home/kadi/UR5e_ros2/ros2_real/install/joint_trajectory_controller:/home/kadi/UR5e_ros2/ros2_real/install/controller_manager:/home/kadi/UR5e_ros2/ros2_real/install/hardware_interface_testing:/home/kadi/UR5e_ros2/ros2_real/install/controller_interface:/home/kadi/UR5e_ros2/ros2_real/install/hardware_interface:/home/kadi/UR5e_ros2/ros2_real/install/ur_dashboard_msgs:/home/kadi/UR5e_ros2/ros2_real/install/ros2_control_test_assets:/home/kadi/UR5e_ros2/ros2_real/install/controller_manager_msgs:/home/kadi/UR5e_ros2/ros2_real/install/control_msgs:${AMENT_PREFIX_PATH} CMAKE_PREFIX_PATH=/home/kadi/UR5e_ros2/ros2_real/install/joint_trajectory_controller:/home/kadi/UR5e_ros2/ros2_real/install/controller_manager:/home/kadi/UR5e_ros2/ros2_real/install/hardware_interface_testing:/home/kadi/UR5e_ros2/ros2_real/install/controller_interface:/home/kadi/UR5e_ros2/ros2_real/install/hardware_interface:/home/kadi/UR5e_ros2/ros2_real/install/ur_msgs:/home/kadi/UR5e_ros2/ros2_real/install/ur_dashboard_msgs:/home/kadi/UR5e_ros2/ros2_real/install/ros2_control_test_assets:/home/kadi/UR5e_ros2/ros2_real/install/controller_manager_msgs:/home/kadi/UR5e_ros2/ros2_real/install/control_msgs:/home/kadi/UR5e_ros2/ros2_real/install/ur_description:/opt/ros/iron LD_LIBRARY_PATH=/home/kadi/UR5e_ros2/ros2_real/install/joint_trajectory_controller/lib:/home/kadi/UR5e_ros2/ros2_real/install/controller_manager/lib:/home/kadi/UR5e_ros2/ros2_real/install/hardware_interface_testing/lib:/home/kadi/UR5e_ros2/ros2_real/install/controller_interface/lib:/home/kadi/UR5e_ros2/ros2_real/install/hardware_interface/lib:/home/kadi/UR5e_ros2/ros2_real/install/ur_msgs/lib:/home/kadi/UR5e_ros2/ros2_real/install/ur_dashboard_msgs/lib:/home/kadi/UR5e_ros2/ros2_real/install/ros2_control_test_assets/lib:/home/kadi/UR5e_ros2/ros2_real/install/controller_manager_msgs/lib:/home/kadi/UR5e_ros2/ros2_real/install/control_msgs/lib:/home/kadi/mujoco-3.0.0/lib:/home/kadi/mujoco-3.0.0/lib:/home/kadi/mujoco-3.0.0/lib:/home/kadi/mujoco-3.0.0/lib:/home/kadi/mujoco-3.0.0/lib:/usr/lib/x86_64-linux-gnu/gazebo-11/plugins:/opt/ros/iron/opt/rviz_ogre_vendor/lib:/opt/ros/iron/lib/x86_64-linux-gnu:/opt/ros/iron/lib PYTHONPATH=/home/kadi/UR5e_ros2/ros2_real/install/controller_manager/lib/python3.10/site-packages:/home/kadi/UR5e_ros2/ros2_real/install/ur_msgs/lib/python3.10/site-packages:/home/kadi/UR5e_ros2/ros2_real/install/ur_dashboard_msgs/lib/python3.10/site-packages:/home/kadi/UR5e_ros2/ros2_real/install/controller_manager_msgs/lib/python3.10/site-packages:/home/kadi/UR5e_ros2/ros2_real/install/control_msgs/lib/python3.10/site-packages:/opt/ros/iron/lib/python3.10/site-packages /usr/bin/cmake --build /home/kadi/UR5e_ros2/ros2_real/build/ur_controllers -- -j16 -l16
[0.065s] -- Found ament_cmake: 2.0.7 (/opt/ros/iron/share/ament_cmake/cmake)
[0.166s] -- Found angles: 1.16.0 (/opt/ros/iron/share/angles/cmake)
[0.167s] -- Found controller_interface: 3.28.1 (/home/kadi/UR5e_ros2/ros2_real/install/controller_interface/share/controller_interface/cmake)
[0.185s] -- Found rosidl_generator_c: 4.0.1 (/opt/ros/iron/share/rosidl_generator_c/cmake)
[0.190s] -- Found rosidl_generator_cpp: 4.0.1 (/opt/ros/iron/share/rosidl_generator_cpp/cmake)
[0.197s] -- Using all available rosidl_typesupport_c: rosidl_typesupport_fastrtps_c;rosidl_typesupport_introspection_c
[0.205s] -- Using all available rosidl_typesupport_cpp: rosidl_typesupport_fastrtps_cpp;rosidl_typesupport_introspection_cpp
[0.708s] -- Found rmw_implementation_cmake: 7.1.0 (/opt/ros/iron/share/rmw_implementation_cmake/cmake)
[0.708s] -- Found rmw_fastrtps_cpp: 7.1.4 (/opt/ros/iron/share/rmw_fastrtps_cpp/cmake)
[0.728s] -- Found TinyXML2 via Config file: TinyXML2_DIR-NOTFOUND
[0.738s] -- Found TinyXML2 via Config file: TinyXML2_DIR-NOTFOUND
[0.754s] -- Found TinyXML2 via Config file: TinyXML2_DIR-NOTFOUND
[0.762s] -- Found TinyXML2 via Config file: TinyXML2_DIR-NOTFOUND
[0.770s] -- Using RMW implementation 'rmw_fastrtps_cpp' as default
[0.918s] -- Found joint_trajectory_controller: 3.26.3 (/home/kadi/UR5e_ros2/ros2_real/install/joint_trajectory_controller/share/joint_trajectory_controller/cmake)
[0.981s] -- Found parameter_traits: 0.3.9 (/opt/ros/iron/share/parameter_traits/cmake)
[1.045s] -- Found std_srvs: 5.0.1 (/opt/ros/iron/share/std_srvs/cmake)
[1.074s] -- Found ur_dashboard_msgs: 2.3.10 (/home/kadi/UR5e_ros2/ros2_real/install/ur_dashboard_msgs/share/ur_dashboard_msgs/cmake)
[1.172s] -- Found ur_msgs: 2.0.1 (/home/kadi/UR5e_ros2/ros2_real/install/ur_msgs/share/ur_msgs/cmake)
[1.233s] -- Found tf2_ros: 0.31.8 (/opt/ros/iron/share/tf2_ros/cmake)
[1.458s] -- Configuring done
[1.474s] -- Generating done
[1.480s] -- Build files have been written to: /home/kadi/UR5e_ros2/ros2_real/build/ur_controllers
[1.519s] [ 36%] Built target scaled_joint_trajectory_controller_parameters
[1.519s] [ 36%] Built target freedrive_mode_controller_parameters
[1.519s] [ 36%] Built target gpio_controller_parameters
[1.519s] [ 36%] Built target speed_scaling_state_broadcaster_parameters
[1.519s] [ 45%] Built target ur_configuration_controller_parameters
[1.533s] [35m[1mConsolidate compiler generated dependencies of target ur_controllers[0m
[1.559s] [ 81%] [32mBuilding CXX object CMakeFiles/ur_controllers.dir/src/speed_scaling_state_broadcaster.cpp.o[0m
[1.559s] [ 81%] [32mBuilding CXX object CMakeFiles/ur_controllers.dir/src/freedrive_mode_controller.cpp.o[0m
[1.559s] [ 81%] [32mBuilding CXX object CMakeFiles/ur_controllers.dir/src/scaled_joint_trajectory_controller.cpp.o[0m
[1.559s] [ 81%] [32mBuilding CXX object CMakeFiles/ur_controllers.dir/src/gpio_controller.cpp.o[0m
[1.559s] [ 90%] [32mBuilding CXX object CMakeFiles/ur_controllers.dir/src/ur_configuration_controller.cpp.o[0m
[3.825s] In file included from [01m[K/home/kadi/UR5e_ros2/ros2_real/src/Universal_Robots_ROS2_Driver/ur_controllers/src/freedrive_mode_controller.cpp:40[m[K:
[3.825s] [01m[K/home/kadi/UR5e_ros2/ros2_real/src/Universal_Robots_ROS2_Driver/ur_controllers/include/ur_controllers/freedrive_mode_controller.hpp:115:29:[m[K [01;31m[Kerror: [m[Kâ€˜[01m[Kcontrol_msgs[m[Kâ€™ does not name a type
[3.825s]   115 |   using FollowJTrajAction = [01;31m[Kcontrol_msgs[m[K::action::FollowJointTrajectory;
[3.826s]       |                             [01;31m[K^~~~~~~~~~~~[m[K
[3.833s] [01m[K/home/kadi/UR5e_ros2/ros2_real/src/Universal_Robots_ROS2_Driver/ur_controllers/include/ur_controllers/freedrive_mode_controller.hpp:116:71:[m[K [01;31m[Kerror: [m[Kâ€˜[01m[KFollowJTrajAction[m[Kâ€™ was not declared in this scope
[3.833s]   116 |   using RealtimeGoalHandle = realtime_tools::RealtimeServerGoalHandle<[01;31m[KFollowJTrajAction[m[K>;
[3.833s]       |                                                                       [01;31m[K^~~~~~~~~~~~~~~~~[m[K
[3.833s] [01m[K/home/kadi/UR5e_ros2/ros2_real/src/Universal_Robots_ROS2_Driver/ur_controllers/include/ur_controllers/freedrive_mode_controller.hpp:116:88:[m[K [01;31m[Kerror: [m[Ktemplate argument 1 is invalid
[3.833s]   116 |   using RealtimeGoalHandle = realtime_tools::RealtimeServerGoalHandle<FollowJTrajAction[01;31m[K>[m[K;
[3.833s]       |                                                                                        [01;31m[K^[m[K
[3.844s] [01m[K/home/kadi/UR5e_ros2/ros2_real/src/Universal_Robots_ROS2_Driver/ur_controllers/include/ur_controllers/freedrive_mode_controller.hpp:117:49:[m[K [01;31m[Kerror: [m[Kâ€˜[01m[KRealtimeGoalHandle[m[Kâ€™ was not declared in this scope
[3.844s]   117 |   using RealtimeGoalHandlePtr = std::shared_ptr<[01;31m[KRealtimeGoalHandle[m[K>;
[3.844s]       |                                                 [01;31m[K^~~~~~~~~~~~~~~~~~[m[K
[3.844s] [01m[K/home/kadi/UR5e_ros2/ros2_real/src/Universal_Robots_ROS2_Driver/ur_controllers/include/ur_controllers/freedrive_mode_controller.hpp:117:67:[m[K [01;31m[Kerror: [m[Ktemplate argument 1 is invalid
[3.844s]   117 |   using RealtimeGoalHandlePtr = std::shared_ptr<RealtimeGoalHandle[01;31m[K>[m[K;
[3.844s]       |                                                                   [01;31m[K^[m[K
[3.854s] [01m[K/home/kadi/UR5e_ros2/ros2_real/src/Universal_Robots_ROS2_Driver/ur_controllers/include/ur_controllers/freedrive_mode_controller.hpp:118:67:[m[K [01;31m[Kerror: [m[Kâ€˜[01m[KRealtimeGoalHandlePtr[m[Kâ€™ was not declared in this scope
[3.854s]   118 |   using RealtimeGoalHandleBuffer = realtime_tools::RealtimeBuffer<[01;31m[KRealtimeGoalHandlePtr[m[K>;
[3.854s]       |                                                                   [01;31m[K^~~~~~~~~~~~~~~~~~~~~[m[K
[3.854s] [01m[K/home/kadi/UR5e_ros2/ros2_real/src/Universal_Robots_ROS2_Driver/ur_controllers/include/ur_controllers/freedrive_mode_controller.hpp:118:88:[m[K [01;31m[Kerror: [m[Ktemplate argument 1 is invalid
[3.854s]   118 |   using RealtimeGoalHandleBuffer = realtime_tools::RealtimeBuffer<RealtimeGoalHandlePtr[01;31m[K>[m[K;
[3.854s]       |                                                                                        [01;31m[K^[m[K
[3.858s] [01m[K/home/kadi/UR5e_ros2/ros2_real/src/Universal_Robots_ROS2_Driver/ur_controllers/include/ur_controllers/freedrive_mode_controller.hpp:120:3:[m[K [01;31m[Kerror: [m[Kâ€˜[01m[KRealtimeGoalHandleBuffer[m[Kâ€™ does not name a type
[3.858s]   120 |   [01;31m[KRealtimeGoalHandleBuffer[m[K rt_active_goal_;         ///< Currently active action goal, if any.
[3.858s]       |   [01;31m[K^~~~~~~~~~~~~~~~~~~~~~~~[m[K
[3.862s] [01m[K/home/kadi/UR5e_ros2/ros2_real/src/Universal_Robots_ROS2_Driver/ur_controllers/include/ur_controllers/freedrive_mode_controller.hpp:139:61:[m[K [01;31m[Kerror: [m[Ktemplate argument 1 is invalid
[3.862s]   139 |   std::shared_ptr<rclcpp::Subscription<std_msgs::msg::Bool> [01;31m[Kfreedrive_mode_sub_[m[K;
[3.862s]       |                                                             [01;31m[K^~~~~~~~~~~~~~~~~~~[m[K
[3.862s] [01m[K/home/kadi/UR5e_ros2/ros2_real/src/Universal_Robots_ROS2_Driver/ur_controllers/include/ur_controllers/freedrive_mode_controller.hpp:124:62:[m[K [01;31m[Kerror: [m[Kunable to find numeric literal operator â€˜[01m[Koperator""ms[m[Kâ€™
[3.862s]   124 |   rclcpp::Duration action_monitor_period_ = rclcpp::Duration([01;31m[K50ms[m[K);
[3.862s]       |                                                              [01;31m[K^~~~[m[K
[3.873s] [01m[K/home/kadi/UR5e_ros2/ros2_real/src/Universal_Robots_ROS2_Driver/ur_controllers/src/freedrive_mode_controller.cpp:[m[K In member function â€˜[01m[Kvirtual controller_interface::return_type ur_controllers::FreedriveModeController::update(const rclcpp::Time&, const rclcpp::Duration&)[m[Kâ€™:
[3.873s] [01m[K/home/kadi/UR5e_ros2/ros2_real/src/Universal_Robots_ROS2_Driver/ur_controllers/src/freedrive_mode_controller.cpp:90:5:[m[K [01;31m[Kerror: [m[Kâ€˜[01m[KenableFreedriveMode[m[Kâ€™ was not declared in this scope
[3.873s]    90 |     [01;31m[KenableFreedriveMode[m[K();
[3.873s]       |     [01;31m[K^~~~~~~~~~~~~~~~~~~[m[K
[3.886s] [01m[K/home/kadi/UR5e_ros2/ros2_real/src/Universal_Robots_ROS2_Driver/ur_controllers/src/freedrive_mode_controller.cpp:[m[K In member function â€˜[01m[Kvirtual controller_interface::CallbackReturn ur_controllers::FreedriveModeController::on_activate(const rclcpp_lifecycle::State&)[m[Kâ€™:
[3.886s] [01m[K/home/kadi/UR5e_ros2/ros2_real/src/Universal_Robots_ROS2_Driver/ur_controllers/src/freedrive_mode_controller.cpp:125:5:[m[K [01;31m[Kerror: [m[Kâ€˜[01m[Kenable_freedrive_mode_sub_[m[Kâ€™ was not declared in this scope
[3.886s]   125 |     [01;31m[Kenable_freedrive_mode_sub_[m[K = get_node()->create_subscription<std_msgs::msg::Bool>(
[3.886s]       |     [01;31m[K^~~~~~~~~~~~~~~~~~~~~~~~~~[m[K
[3.886s] [01m[K/home/kadi/UR5e_ros2/ros2_real/src/Universal_Robots_ROS2_Driver/ur_controllers/src/freedrive_mode_controller.cpp:127:45:[m[K [01;31m[Kerror: [m[Kâ€˜[01m[KreadFreedriveModeCmd[m[Kâ€™ is not a member of â€˜[01m[Kur_controllers::FreedriveModeController[m[Kâ€™
[3.886s]   127 |         std::bind(&FreedriveModeController::[01;31m[KreadFreedriveModeCmd[m[K, this, std::placeholders::_1));
[3.886s]       |                                             [01;31m[K^~~~~~~~~~~~~~~~~~~~[m[K
[3.896s] [01m[K/home/kadi/UR5e_ros2/ros2_real/src/Universal_Robots_ROS2_Driver/ur_controllers/src/freedrive_mode_controller.cpp:[m[K In member function â€˜[01m[Kvirtual controller_interface::CallbackReturn ur_controllers::FreedriveModeController::on_deactivate(const rclcpp_lifecycle::State&)[m[Kâ€™:
[3.896s] [01m[K/home/kadi/UR5e_ros2/ros2_real/src/Universal_Robots_ROS2_Driver/ur_controllers/src/freedrive_mode_controller.cpp:138:3:[m[K [01;31m[Kerror: [m[Kâ€˜[01m[KdisableFreedriveMode[m[Kâ€™ was not declared in this scope
[3.896s]   138 |   [01;31m[KdisableFreedriveMode[m[K();
[3.896s]       |   [01;31m[K^~~~~~~~~~~~~~~~~~~~[m[K
[3.906s] [01m[K/home/kadi/UR5e_ros2/ros2_real/src/Universal_Robots_ROS2_Driver/ur_controllers/src/freedrive_mode_controller.cpp:140:5:[m[K [01;31m[Kerror: [m[Kâ€˜[01m[Kset_freedrive_mode_srv_[m[Kâ€™ was not declared in this scope
[3.907s]   140 |     [01;31m[Kset_freedrive_mode_srv_[m[K.reset();
[3.907s]       |     [01;31m[K^~~~~~~~~~~~~~~~~~~~~~~[m[K
[3.907s] [01m[K/home/kadi/UR5e_ros2/ros2_real/src/Universal_Robots_ROS2_Driver/ur_controllers/src/freedrive_mode_controller.cpp:[m[K At global scope:
[3.907s] [01m[K/home/kadi/UR5e_ros2/ros2_real/src/Universal_Robots_ROS2_Driver/ur_controllers/src/freedrive_mode_controller.cpp:147:6:[m[K [01;31m[Kerror: [m[Kno declaration matches â€˜[01m[Kvoid ur_controllers::FreedriveModeController::readFreedriveModeCmd(std_msgs::msg::Bool_<std::allocator<void> >::SharedPtr)[m[Kâ€™
[3.907s]   147 | void [01;31m[KFreedriveModeController[m[K::readFreedriveModeCmd(const std_msgs::msg::Bool::SharedPtr msg)
[3.907s]       |      [01;31m[K^~~~~~~~~~~~~~~~~~~~~~~[m[K
[3.907s] [01m[K/home/kadi/UR5e_ros2/ros2_real/src/Universal_Robots_ROS2_Driver/ur_controllers/src/freedrive_mode_controller.cpp:147:6:[m[K [01;36m[Knote: [m[Kno functions named â€˜[01m[Kvoid ur_controllers::FreedriveModeController::readFreedriveModeCmd(std_msgs::msg::Bool_<std::allocator<void> >::SharedPtr)[m[Kâ€™
[3.907s] In file included from [01m[K/home/kadi/UR5e_ros2/ros2_real/src/Universal_Robots_ROS2_Driver/ur_controllers/src/freedrive_mode_controller.cpp:40[m[K:
[3.907s] [01m[K/home/kadi/UR5e_ros2/ros2_real/src/Universal_Robots_ROS2_Driver/ur_controllers/include/ur_controllers/freedrive_mode_controller.hpp:92:7:[m[K [01;36m[Knote: [m[Kâ€˜[01m[Kclass ur_controllers::FreedriveModeController[m[Kâ€™ defined here
[3.907s]    92 | class [01;36m[KFreedriveModeController[m[K : public controller_interface::ControllerInterface
[3.907s]       |       [01;36m[K^~~~~~~~~~~~~~~~~~~~~~~[m[K
[3.907s] [01m[K/home/kadi/UR5e_ros2/ros2_real/src/Universal_Robots_ROS2_Driver/ur_controllers/src/freedrive_mode_controller.cpp:160:6:[m[K [01;31m[Kerror: [m[Kno declaration matches â€˜[01m[Kbool ur_controllers::FreedriveModeController::enableFreedriveMode()[m[Kâ€™
[3.907s]   160 | bool [01;31m[KFreedriveModeController[m[K::enableFreedriveMode()
[3.907s]       |      [01;31m[K^~~~~~~~~~~~~~~~~~~~~~~[m[K
[3.907s] [01m[K/home/kadi/UR5e_ros2/ros2_real/src/Universal_Robots_ROS2_Driver/ur_controllers/src/freedrive_mode_controller.cpp:160:6:[m[K [01;36m[Knote: [m[Kno functions named â€˜[01m[Kbool ur_controllers::FreedriveModeController::enableFreedriveMode()[m[Kâ€™
[3.908s] In file included from [01m[K/home/kadi/UR5e_ros2/ros2_real/src/Universal_Robots_ROS2_Driver/ur_controllers/src/freedrive_mode_controller.cpp:40[m[K:
[3.908s] [01m[K/home/kadi/UR5e_ros2/ros2_real/src/Universal_Robots_ROS2_Driver/ur_controllers/include/ur_controllers/freedrive_mode_controller.hpp:92:7:[m[K [01;36m[Knote: [m[Kâ€˜[01m[Kclass ur_controllers::FreedriveModeController[m[Kâ€™ defined here
[3.908s]    92 | class [01;36m[KFreedriveModeController[m[K : public controller_interface::ControllerInterface
[3.908s]       |       [01;36m[K^~~~~~~~~~~~~~~~~~~~~~~[m[K
[3.908s] [01m[K/home/kadi/UR5e_ros2/ros2_real/src/Universal_Robots_ROS2_Driver/ur_controllers/src/freedrive_mode_controller.cpp:191:6:[m[K [01;31m[Kerror: [m[Kno declaration matches â€˜[01m[Kbool ur_controllers::FreedriveModeController::disableFreedriveMode()[m[Kâ€™
[3.908s]   191 | bool [01;31m[KFreedriveModeController[m[K::disableFreedriveMode()
[3.908s]       |      [01;31m[K^~~~~~~~~~~~~~~~~~~~~~~[m[K
[3.908s] [01m[K/home/kadi/UR5e_ros2/ros2_real/src/Universal_Robots_ROS2_Driver/ur_controllers/src/freedrive_mode_controller.cpp:191:6:[m[K [01;36m[Knote: [m[Kno functions named â€˜[01m[Kbool ur_controllers::FreedriveModeController::disableFreedriveMode()[m[Kâ€™
[3.908s] In file included from [01m[K/home/kadi/UR5e_ros2/ros2_real/src/Universal_Robots_ROS2_Driver/ur_controllers/src/freedrive_mode_controller.cpp:40[m[K:
[3.908s] [01m[K/home/kadi/UR5e_ros2/ros2_real/src/Universal_Robots_ROS2_Driver/ur_controllers/include/ur_controllers/freedrive_mode_controller.hpp:92:7:[m[K [01;36m[Knote: [m[Kâ€˜[01m[Kclass ur_controllers::FreedriveModeController[m[Kâ€™ defined here
[3.908s]    92 | class [01;36m[KFreedriveModeController[m[K : public controller_interface::ControllerInterface
[3.908s]       |       [01;36m[K^~~~~~~~~~~~~~~~~~~~~~~[m[K
[3.933s] [01m[K/home/kadi/UR5e_ros2/ros2_real/src/Universal_Robots_ROS2_Driver/ur_controllers/src/freedrive_mode_controller.cpp:215:13:[m[K [01;31m[Kerror: [m[Kexpected constructor, destructor, or type conversion before â€˜[01m[K([m[Kâ€™ token
[3.933s]   215 | find_package[01;31m[K([m[Kcartesian_controllers REQUIRED)
[3.933s]       |             [01;31m[K^[m[K
[4.377s] [01m[K/home/kadi/UR5e_ros2/ros2_real/src/Universal_Robots_ROS2_Driver/ur_controllers/src/gpio_controller.cpp:[m[K In member function â€˜[01m[Kbool ur_controllers::GPIOController::setAnalogOutput(ur_msgs::srv::SetAnalogOutput_Request_<std::allocator<void> >::SharedPtr, ur_msgs::srv::SetAnalogOutput_Response_<std::allocator<void> >::SharedPtr)[m[Kâ€™:
[4.377s] [01m[K/home/kadi/UR5e_ros2/ros2_real/src/Universal_Robots_ROS2_Driver/ur_controllers/src/gpio_controller.cpp:410:21:[m[K [01;35m[Kwarning: [m[Kcomparison is always false due to limited range of data type [[01;35m[K]8;;https://gcc.gnu.org/onlinedocs/gcc/Warning-Options.html#index-Wtype-limits-Wtype-limits]8;;[m[K]
[4.377s]   410 |   if ([01;35m[Kreq->data.pin < 0[m[K || req->data.pin > 1) {
[4.378s]       |       [01;35m[K~~~~~~~~~~~~~~^~~[m[K
[4.879s] gmake[2]: *** [CMakeFiles/ur_controllers.dir/build.make:132: CMakeFiles/ur_controllers.dir/src/freedrive_mode_controller.cpp.o] Error 1
[4.879s] gmake[2]: *** Waiting for unfinished jobs....
[10.960s] gmake[1]: *** [CMakeFiles/Makefile2:281: CMakeFiles/ur_controllers.dir/all] Error 2
[10.960s] gmake: *** [Makefile:146: all] Error 2
[10.966s] Invoked command in '/home/kadi/UR5e_ros2/ros2_real/build/ur_controllers' returned '2': AMENT_PREFIX_PATH=/home/kadi/UR5e_ros2/ros2_real/install/joint_trajectory_controller:/home/kadi/UR5e_ros2/ros2_real/install/controller_manager:/home/kadi/UR5e_ros2/ros2_real/install/hardware_interface_testing:/home/kadi/UR5e_ros2/ros2_real/install/controller_interface:/home/kadi/UR5e_ros2/ros2_real/install/hardware_interface:/home/kadi/UR5e_ros2/ros2_real/install/ur_dashboard_msgs:/home/kadi/UR5e_ros2/ros2_real/install/ros2_control_test_assets:/home/kadi/UR5e_ros2/ros2_real/install/controller_manager_msgs:/home/kadi/UR5e_ros2/ros2_real/install/control_msgs:${AMENT_PREFIX_PATH} CMAKE_PREFIX_PATH=/home/kadi/UR5e_ros2/ros2_real/install/joint_trajectory_controller:/home/kadi/UR5e_ros2/ros2_real/install/controller_manager:/home/kadi/UR5e_ros2/ros2_real/install/hardware_interface_testing:/home/kadi/UR5e_ros2/ros2_real/install/controller_interface:/home/kadi/UR5e_ros2/ros2_real/install/hardware_interface:/home/kadi/UR5e_ros2/ros2_real/install/ur_msgs:/home/kadi/UR5e_ros2/ros2_real/install/ur_dashboard_msgs:/home/kadi/UR5e_ros2/ros2_real/install/ros2_control_test_assets:/home/kadi/UR5e_ros2/ros2_real/install/controller_manager_msgs:/home/kadi/UR5e_ros2/ros2_real/install/control_msgs:/home/kadi/UR5e_ros2/ros2_real/install/ur_description:/opt/ros/iron LD_LIBRARY_PATH=/home/kadi/UR5e_ros2/ros2_real/install/joint_trajectory_controller/lib:/home/kadi/UR5e_ros2/ros2_real/install/controller_manager/lib:/home/kadi/UR5e_ros2/ros2_real/install/hardware_interface_testing/lib:/home/kadi/UR5e_ros2/ros2_real/install/controller_interface/lib:/home/kadi/UR5e_ros2/ros2_real/install/hardware_interface/lib:/home/kadi/UR5e_ros2/ros2_real/install/ur_msgs/lib:/home/kadi/UR5e_ros2/ros2_real/install/ur_dashboard_msgs/lib:/home/kadi/UR5e_ros2/ros2_real/install/ros2_control_test_assets/lib:/home/kadi/UR5e_ros2/ros2_real/install/controller_manager_msgs/lib:/home/kadi/UR5e_ros2/ros2_real/install/control_msgs/lib:/home/kadi/mujoco-3.0.0/lib:/home/kadi/mujoco-3.0.0/lib:/home/kadi/mujoco-3.0.0/lib:/home/kadi/mujoco-3.0.0/lib:/home/kadi/mujoco-3.0.0/lib:/usr/lib/x86_64-linux-gnu/gazebo-11/plugins:/opt/ros/iron/opt/rviz_ogre_vendor/lib:/opt/ros/iron/lib/x86_64-linux-gnu:/opt/ros/iron/lib PYTHONPATH=/home/kadi/UR5e_ros2/ros2_real/install/controller_manager/lib/python3.10/site-packages:/home/kadi/UR5e_ros2/ros2_real/install/ur_msgs/lib/python3.10/site-packages:/home/kadi/UR5e_ros2/ros2_real/install/ur_dashboard_msgs/lib/python3.10/site-packages:/home/kadi/UR5e_ros2/ros2_real/install/controller_manager_msgs/lib/python3.10/site-packages:/home/kadi/UR5e_ros2/ros2_real/install/control_msgs/lib/python3.10/site-packages:/opt/ros/iron/lib/python3.10/site-packages /usr/bin/cmake --build /home/kadi/UR5e_ros2/ros2_real/build/ur_controllers -- -j16 -l16
