In file included from [01m[K/home/kadi/UR5e_ros2/ros2_real/src/Universal_Robots_ROS2_Driver/ur_robot_driver/src/hardware_interface.cpp:51[m[K:
[01m[K/home/kadi/UR5e_ros2/ros2_real/src/Universal_Robots_ROS2_Driver/ur_robot_driver/include/ur_robot_driver/hardware_interface.hpp:74:3:[m[K [01;31m[Kerror: [m[Kexpected â€˜[01m[K}[m[Kâ€™ before â€˜[01m[KSTOP_FREEDRIVE[m[Kâ€™
   74 |   [01;31m[KSTOP_FREEDRIVE[m[K,
      |   [01;31m[K^~~~~~~~~~~~~~[m[K
[01m[K/home/kadi/UR5e_ros2/ros2_real/src/Universal_Robots_ROS2_Driver/ur_robot_driver/include/ur_robot_driver/hardware_interface.hpp:70:1:[m[K [01;36m[Knote: [m[Kto match this â€˜[01m[K{[m[Kâ€™
   70 | [01;36m[K{[m[K
      | [01;36m[K^[m[K
[01m[K/home/kadi/UR5e_ros2/ros2_real/src/Universal_Robots_ROS2_Driver/ur_robot_driver/include/ur_robot_driver/hardware_interface.hpp:76:1:[m[K [01;31m[Kerror: [m[Kexpected unqualified-id before â€˜[01m[K}[m[Kâ€™ token
   76 | [01;31m[K}[m[K;
      | [01;31m[K^[m[K
[01m[K/home/kadi/UR5e_ros2/ros2_real/src/Universal_Robots_ROS2_Driver/ur_robot_driver/include/ur_robot_driver/hardware_interface.hpp:232:3:[m[K [01;31m[Kerror: [m[Kâ€˜[01m[KPausingState[m[Kâ€™ does not name a type
  232 |   [01;31m[KPausingState[m[K pausing_state_;
      |   [01;31m[K^~~~~~~~~~~~[m[K
[01m[K/home/kadi/UR5e_ros2/ros2_real/src/Universal_Robots_ROS2_Driver/ur_robot_driver/include/ur_robot_driver/hardware_interface.hpp:250:1:[m[K [01;31m[Kerror: [m[Kexpected declaration before â€˜[01m[K}[m[Kâ€™ token
  250 | [01;31m[K}[m[K  // namespace ur_robot_driver
      | [01;31m[K^[m[K
[01m[K/home/kadi/UR5e_ros2/ros2_real/src/Universal_Robots_ROS2_Driver/ur_robot_driver/src/hardware_interface.cpp:59:59:[m[K [01;31m[Kerror: [m[Kdefinition of â€˜[01m[KURPositionHardwareInterface::~URPositionHardwareInterface()[m[Kâ€™ is not in namespace enclosing â€˜[01m[KURPositionHardwareInterface[m[Kâ€™ [[01;31m[K]8;;https://gcc.gnu.org/onlinedocs/gcc/Warning-Options.html#index-fpermissive-fpermissive]8;;[m[K]
   59 | URPositionHardwareInterface::~URPositionHardwareInterface([01;31m[K)[m[K
      |                                                           [01;31m[K^[m[K
[01m[K/home/kadi/UR5e_ros2/ros2_real/src/Universal_Robots_ROS2_Driver/ur_robot_driver/src/hardware_interface.cpp:67:89:[m[K [01;31m[Kerror: [m[Kdefinition of â€˜[01m[Khardware_interface::CallbackReturn URPositionHardwareInterface::on_init(const hardware_interface::HardwareInfo&)[m[Kâ€™ is not in namespace enclosing â€˜[01m[KURPositionHardwareInterface[m[Kâ€™ [[01;31m[K]8;;https://gcc.gnu.org/onlinedocs/gcc/Warning-Options.html#index-fpermissive-fpermissive]8;;[m[K]
   67 | URPositionHardwareInterface::on_init(const hardware_interface::HardwareInfo& system_info[01;31m[K)[m[K
      |                                                                                         [01;31m[K^[m[K
[01m[K/home/kadi/UR5e_ros2/ros2_real/src/Universal_Robots_ROS2_Driver/ur_robot_driver/src/hardware_interface.cpp:[m[K In member function â€˜[01m[Kvirtual hardware_interface::CallbackReturn URPositionHardwareInterface::on_init(const hardware_interface::HardwareInfo&)[m[Kâ€™:
[01m[K/home/kadi/UR5e_ros2/ros2_real/src/Universal_Robots_ROS2_Driver/ur_robot_driver/src/hardware_interface.cpp:90:3:[m[K [01;31m[Kerror: [m[Kâ€˜[01m[Kpausing_state_[m[Kâ€™ was not declared in this scope; did you mean â€˜[01m[KPausingState[m[Kâ€™?
   90 |   [01;31m[Kpausing_state_[m[K = PausingState::RUNNING;
      |   [01;31m[K^~~~~~~~~~~~~~[m[K
      |   [32m[KPausingState[m[K
[01m[K/home/kadi/UR5e_ros2/ros2_real/src/Universal_Robots_ROS2_Driver/ur_robot_driver/src/hardware_interface.cpp:90:20:[m[K [01;31m[Kerror: [m[Kâ€˜[01m[KPausingState[m[Kâ€™ has not been declared
   90 |   pausing_state_ = [01;31m[KPausingState[m[K::RUNNING;
      |                    [01;31m[K^~~~~~~~~~~~[m[K
[01m[K/home/kadi/UR5e_ros2/ros2_real/src/Universal_Robots_ROS2_Driver/ur_robot_driver/src/hardware_interface.cpp:[m[K At global scope:
[01m[K/home/kadi/UR5e_ros2/ros2_real/src/Universal_Robots_ROS2_Driver/ur_robot_driver/src/hardware_interface.cpp:151:102:[m[K [01;31m[Kerror: [m[Kdefinition of â€˜[01m[Kstd::vector<hardware_interface::StateInterface> URPositionHardwareInterface::export_state_interfaces()[m[Kâ€™ is not in namespace enclosing â€˜[01m[KURPositionHardwareInterface[m[Kâ€™ [[01;31m[K]8;;https://gcc.gnu.org/onlinedocs/gcc/Warning-Options.html#index-fpermissive-fpermissive]8;;[m[K]
  151 | std::vector<hardware_interface::StateInterface> URPositionHardwareInterface::export_state_interfaces([01;31m[K)[m[K
      |                                                                                                      [01;31m[K^[m[K
[01m[K/home/kadi/UR5e_ros2/ros2_real/src/Universal_Robots_ROS2_Driver/ur_robot_driver/src/hardware_interface.cpp:250:106:[m[K [01;31m[Kerror: [m[Kdefinition of â€˜[01m[Kstd::vector<hardware_interface::CommandInterface> URPositionHardwareInterface::export_command_interfaces()[m[Kâ€™ is not in namespace enclosing â€˜[01m[KURPositionHardwareInterface[m[Kâ€™ [[01;31m[K]8;;https://gcc.gnu.org/onlinedocs/gcc/Warning-Options.html#index-fpermissive-fpermissive]8;;[m[K]
  250 | std::vector<hardware_interface::CommandInterface> URPositionHardwareInterface::export_command_interfaces([01;31m[K)[m[K
      |                                                                                                          [01;31m[K^[m[K
[01m[K/home/kadi/UR5e_ros2/ros2_real/src/Universal_Robots_ROS2_Driver/ur_robot_driver/src/hardware_interface.cpp:320:88:[m[K [01;31m[Kerror: [m[Kdefinition of â€˜[01m[Khardware_interface::CallbackReturn URPositionHardwareInterface::on_configure(const rclcpp_lifecycle::State&)[m[Kâ€™ is not in namespace enclosing â€˜[01m[KURPositionHardwareInterface[m[Kâ€™ [[01;31m[K]8;;https://gcc.gnu.org/onlinedocs/gcc/Warning-Options.html#index-fpermissive-fpermissive]8;;[m[K]
  320 | URPositionHardwareInterface::on_configure(const rclcpp_lifecycle::State& previous_state[01;31m[K)[m[K
      |                                                                                        [01;31m[K^[m[K
[01m[K/home/kadi/UR5e_ros2/ros2_real/src/Universal_Robots_ROS2_Driver/ur_robot_driver/src/hardware_interface.cpp:[m[K In member function â€˜[01m[Kvirtual hardware_interface::CallbackReturn URPositionHardwareInterface::on_configure(const rclcpp_lifecycle::State&)[m[Kâ€™:
[01m[K/home/kadi/UR5e_ros2/ros2_real/src/Universal_Robots_ROS2_Driver/ur_robot_driver/src/hardware_interface.cpp:436:3:[m[K [01;31m[Kerror: [m[Kâ€˜[01m[KregisterUrclLogHandler[m[Kâ€™ was not declared in this scope; did you mean â€˜[01m[Kur_robot_driver::registerUrclLogHandler[m[Kâ€™?
  436 |   [01;31m[KregisterUrclLogHandler[m[K(tf_prefix);
      |   [01;31m[K^~~~~~~~~~~~~~~~~~~~~~[m[K
      |   [32m[Kur_robot_driver::registerUrclLogHandler[m[K
In file included from [01m[K/home/kadi/UR5e_ros2/ros2_real/src/Universal_Robots_ROS2_Driver/ur_robot_driver/src/hardware_interface.cpp:52[m[K:
[01m[K/home/kadi/UR5e_ros2/ros2_real/src/Universal_Robots_ROS2_Driver/ur_robot_driver/include/ur_robot_driver/urcl_log_handler.hpp:107:15:[m[K [01;36m[Knote: [m[Kâ€˜[01m[Kur_robot_driver::registerUrclLogHandler[m[Kâ€™ declared here
  107 |   friend void [01;36m[KregisterUrclLogHandler[m[K(const std::string& tf_prefix);
      |               [01;36m[K^~~~~~~~~~~~~~~~~~~~~~[m[K
[01m[K/home/kadi/UR5e_ros2/ros2_real/src/Universal_Robots_ROS2_Driver/ur_robot_driver/src/hardware_interface.cpp:[m[K At global scope:
[01m[K/home/kadi/UR5e_ros2/ros2_real/src/Universal_Robots_ROS2_Driver/ur_robot_driver/src/hardware_interface.cpp:487:87:[m[K [01;31m[Kerror: [m[Kdefinition of â€˜[01m[Khardware_interface::CallbackReturn URPositionHardwareInterface::on_activate(const rclcpp_lifecycle::State&)[m[Kâ€™ is not in namespace enclosing â€˜[01m[KURPositionHardwareInterface[m[Kâ€™ [[01;31m[K]8;;https://gcc.gnu.org/onlinedocs/gcc/Warning-Options.html#index-fpermissive-fpermissive]8;;[m[K]
  487 | URPositionHardwareInterface::on_activate(const rclcpp_lifecycle::State& previous_state[01;31m[K)[m[K
      |                                                                                       [01;31m[K^[m[K
[01m[K/home/kadi/UR5e_ros2/ros2_real/src/Universal_Robots_ROS2_Driver/ur_robot_driver/src/hardware_interface.cpp:494:86:[m[K [01;31m[Kerror: [m[Kdefinition of â€˜[01m[Khardware_interface::CallbackReturn URPositionHardwareInterface::on_cleanup(const rclcpp_lifecycle::State&)[m[Kâ€™ is not in namespace enclosing â€˜[01m[KURPositionHardwareInterface[m[Kâ€™ [[01;31m[K]8;;https://gcc.gnu.org/onlinedocs/gcc/Warning-Options.html#index-fpermissive-fpermissive]8;;[m[K]
  494 | URPositionHardwareInterface::on_cleanup(const rclcpp_lifecycle::State& previous_state[01;31m[K)[m[K
      |                                                                                      [01;31m[K^[m[K
[01m[K/home/kadi/UR5e_ros2/ros2_real/src/Universal_Robots_ROS2_Driver/ur_robot_driver/src/hardware_interface.cpp:[m[K In member function â€˜[01m[Kvirtual hardware_interface::CallbackReturn URPositionHardwareInterface::on_cleanup(const rclcpp_lifecycle::State&)[m[Kâ€™:
[01m[K/home/kadi/UR5e_ros2/ros2_real/src/Universal_Robots_ROS2_Driver/ur_robot_driver/src/hardware_interface.cpp:506:3:[m[K [01;31m[Kerror: [m[Kâ€˜[01m[KunregisterUrclLogHandler[m[Kâ€™ was not declared in this scope; did you mean â€˜[01m[Kur_robot_driver::unregisterUrclLogHandler[m[Kâ€™?
  506 |   [01;31m[KunregisterUrclLogHandler[m[K();
      |   [01;31m[K^~~~~~~~~~~~~~~~~~~~~~~~[m[K
      |   [32m[Kur_robot_driver::unregisterUrclLogHandler[m[K
In file included from [01m[K/home/kadi/UR5e_ros2/ros2_real/src/Universal_Robots_ROS2_Driver/ur_robot_driver/src/hardware_interface.cpp:52[m[K:
[01m[K/home/kadi/UR5e_ros2/ros2_real/src/Universal_Robots_ROS2_Driver/ur_robot_driver/include/ur_robot_driver/urcl_log_handler.hpp:60:6:[m[K [01;36m[Knote: [m[Kâ€˜[01m[Kur_robot_driver::unregisterUrclLogHandler[m[Kâ€™ declared here
   60 | void [01;36m[KunregisterUrclLogHandler[m[K();
      |      [01;36m[K^~~~~~~~~~~~~~~~~~~~~~~~[m[K
[01m[K/home/kadi/UR5e_ros2/ros2_real/src/Universal_Robots_ROS2_Driver/ur_robot_driver/src/hardware_interface.cpp:[m[K At global scope:
[01m[K/home/kadi/UR5e_ros2/ros2_real/src/Universal_Robots_ROS2_Driver/ur_robot_driver/src/hardware_interface.cpp:515:80:[m[K [01;31m[Kerror: [m[Kdefinition of â€˜[01m[Kvoid URPositionHardwareInterface::readData(const std::unique_ptr<urcl::rtde_interface::DataPackage>&, const string&, T&)[m[Kâ€™ is not in namespace enclosing â€˜[01m[KURPositionHardwareInterface[m[Kâ€™ [[01;31m[K]8;;https://gcc.gnu.org/onlinedocs/gcc/Warning-Options.html#index-fpermissive-fpermissive]8;;[m[K]
  515 |                                            const std::string& var_name, T& data[01;31m[K)[m[K
      |                                                                                [01;31m[K^[m[K
[01m[K/home/kadi/UR5e_ros2/ros2_real/src/Universal_Robots_ROS2_Driver/ur_robot_driver/src/hardware_interface.cpp:526:99:[m[K [01;31m[Kerror: [m[Kdefinition of â€˜[01m[Kvoid URPositionHardwareInterface::readBitsetData(const std::unique_ptr<urcl::rtde_interface::DataPackage>&, const string&, std::bitset<N>&)[m[Kâ€™ is not in namespace enclosing â€˜[01m[KURPositionHardwareInterface[m[Kâ€™ [[01;31m[K]8;;https://gcc.gnu.org/onlinedocs/gcc/Warning-Options.html#index-fpermissive-fpermissive]8;;[m[K]
  526 |                                                  const std::string& var_name, std::bitset<N>& data[01;31m[K)[m[K
      |                                                                                                   [01;31m[K^[m[K
[01m[K/home/kadi/UR5e_ros2/ros2_real/src/Universal_Robots_ROS2_Driver/ur_robot_driver/src/hardware_interface.cpp:535:47:[m[K [01;31m[Kerror: [m[Kdefinition of â€˜[01m[Kvoid URPositionHardwareInterface::asyncThread()[m[Kâ€™ is not in namespace enclosing â€˜[01m[KURPositionHardwareInterface[m[Kâ€™ [[01;31m[K]8;;https://gcc.gnu.org/onlinedocs/gcc/Warning-Options.html#index-fpermissive-fpermissive]8;;[m[K]
  535 | void URPositionHardwareInterface::asyncThread([01;31m[K)[m[K
      |                                               [01;31m[K^[m[K
[01m[K/home/kadi/UR5e_ros2/ros2_real/src/Universal_Robots_ROS2_Driver/ur_robot_driver/src/hardware_interface.cpp:548:97:[m[K [01;31m[Kerror: [m[Kdefinition of â€˜[01m[Khardware_interface::return_type URPositionHardwareInterface::read(const rclcpp::Time&, const rclcpp::Duration&)[m[Kâ€™ is not in namespace enclosing â€˜[01m[KURPositionHardwareInterface[m[Kâ€™ [[01;31m[K]8;;https://gcc.gnu.org/onlinedocs/gcc/Warning-Options.html#index-fpermissive-fpermissive]8;;[m[K]
  548 |                                                                   const rclcpp::Duration& period[01;31m[K)[m[K
      |                                                                                                 [01;31m[K^[m[K
[01m[K/home/kadi/UR5e_ros2/ros2_real/src/Universal_Robots_ROS2_Driver/ur_robot_driver/src/hardware_interface.cpp:[m[K In member function â€˜[01m[Kvirtual hardware_interface::return_type URPositionHardwareInterface::read(const rclcpp::Time&, const rclcpp::Duration&)[m[Kâ€™:
[01m[K/home/kadi/UR5e_ros2/ros2_real/src/Universal_Robots_ROS2_Driver/ur_robot_driver/src/hardware_interface.cpp:596:7:[m[K [01;31m[Kerror: [m[Kâ€˜[01m[Kpausing_state_[m[Kâ€™ was not declared in this scope; did you mean â€˜[01m[KPausingState[m[Kâ€™?
  596 |       [01;31m[Kpausing_state_[m[K = PausingState::PAUSED;
      |       [01;31m[K^~~~~~~~~~~~~~[m[K
      |       [32m[KPausingState[m[K
[01m[K/home/kadi/UR5e_ros2/ros2_real/src/Universal_Robots_ROS2_Driver/ur_robot_driver/src/hardware_interface.cpp:596:24:[m[K [01;31m[Kerror: [m[Kâ€˜[01m[KPausingState[m[Kâ€™ has not been declared
  596 |       pausing_state_ = [01;31m[KPausingState[m[K::PAUSED;
      |                        [01;31m[K^~~~~~~~~~~~[m[K
[01m[K/home/kadi/UR5e_ros2/ros2_real/src/Universal_Robots_ROS2_Driver/ur_robot_driver/src/hardware_interface.cpp:598:16:[m[K [01;31m[Kerror: [m[Kâ€˜[01m[Kpausing_state_[m[Kâ€™ was not declared in this scope; did you mean â€˜[01m[KPausingState[m[Kâ€™?
  598 |                [01;31m[Kpausing_state_[m[K == PausingState::PAUSED) {
      |                [01;31m[K^~~~~~~~~~~~~~[m[K
      |                [32m[KPausingState[m[K
[01m[K/home/kadi/UR5e_ros2/ros2_real/src/Universal_Robots_ROS2_Driver/ur_robot_driver/src/hardware_interface.cpp:598:34:[m[K [01;31m[Kerror: [m[Kâ€˜[01m[KPausingState[m[Kâ€™ has not been declared
  598 |                pausing_state_ == [01;31m[KPausingState[m[K::PAUSED) {
      |                                  [01;31m[K^~~~~~~~~~~~[m[K
[01m[K/home/kadi/UR5e_ros2/ros2_real/src/Universal_Robots_ROS2_Driver/ur_robot_driver/src/hardware_interface.cpp:601:24:[m[K [01;31m[Kerror: [m[Kâ€˜[01m[KPausingState[m[Kâ€™ has not been declared
  601 |       pausing_state_ = [01;31m[KPausingState[m[K::RAMPUP;
      |                        [01;31m[K^~~~~~~~~~~~[m[K
[01m[K/home/kadi/UR5e_ros2/ros2_real/src/Universal_Robots_ROS2_Driver/ur_robot_driver/src/hardware_interface.cpp:604:9:[m[K [01;31m[Kerror: [m[Kâ€˜[01m[Kpausing_state_[m[Kâ€™ was not declared in this scope; did you mean â€˜[01m[KPausingState[m[Kâ€™?
  604 |     if ([01;31m[Kpausing_state_[m[K == PausingState::RAMPUP) {
      |         [01;31m[K^~~~~~~~~~~~~~[m[K
      |         [32m[KPausingState[m[K
[01m[K/home/kadi/UR5e_ros2/ros2_real/src/Universal_Robots_ROS2_Driver/ur_robot_driver/src/hardware_interface.cpp:604:27:[m[K [01;31m[Kerror: [m[Kâ€˜[01m[KPausingState[m[Kâ€™ has not been declared
  604 |     if (pausing_state_ == [01;31m[KPausingState[m[K::RAMPUP) {
      |                           [01;31m[K^~~~~~~~~~~~[m[K
[01m[K/home/kadi/UR5e_ros2/ros2_real/src/Universal_Robots_ROS2_Driver/ur_robot_driver/src/hardware_interface.cpp:609:26:[m[K [01;31m[Kerror: [m[Kâ€˜[01m[KPausingState[m[Kâ€™ has not been declared
  609 |         pausing_state_ = [01;31m[KPausingState[m[K::RUNNING;
      |                          [01;31m[K^~~~~~~~~~~~[m[K
[01m[K/home/kadi/UR5e_ros2/ros2_real/src/Universal_Robots_ROS2_Driver/ur_robot_driver/src/hardware_interface.cpp:[m[K At global scope:
[01m[K/home/kadi/UR5e_ros2/ros2_real/src/Universal_Robots_ROS2_Driver/ur_robot_driver/src/hardware_interface.cpp:643:98:[m[K [01;31m[Kerror: [m[Kdefinition of â€˜[01m[Khardware_interface::return_type URPositionHardwareInterface::write(const rclcpp::Time&, const rclcpp::Duration&)[m[Kâ€™ is not in namespace enclosing â€˜[01m[KURPositionHardwareInterface[m[Kâ€™ [[01;31m[K]8;;https://gcc.gnu.org/onlinedocs/gcc/Warning-Options.html#index-fpermissive-fpermissive]8;;[m[K]
  643 |                                                                    const rclcpp::Duration& period[01;31m[K)[m[K
      |                                                                                                  [01;31m[K^[m[K
[01m[K/home/kadi/UR5e_ros2/ros2_real/src/Universal_Robots_ROS2_Driver/ur_robot_driver/src/hardware_interface.cpp:667:79:[m[K [01;31m[Kerror: [m[Kdefinition of â€˜[01m[Kvoid URPositionHardwareInterface::handleRobotProgramState(bool)[m[Kâ€™ is not in namespace enclosing â€˜[01m[KURPositionHardwareInterface[m[Kâ€™ [[01;31m[K]8;;https://gcc.gnu.org/onlinedocs/gcc/Warning-Options.html#index-fpermissive-fpermissive]8;;[m[K]
  667 | void URPositionHardwareInterface::handleRobotProgramState(bool program_running[01;31m[K)[m[K
      |                                                                               [01;31m[K^[m[K
[01m[K/home/kadi/UR5e_ros2/ros2_real/src/Universal_Robots_ROS2_Driver/ur_robot_driver/src/hardware_interface.cpp:672:47:[m[K [01;31m[Kerror: [m[Kdefinition of â€˜[01m[Kvoid URPositionHardwareInterface::initAsyncIO()[m[Kâ€™ is not in namespace enclosing â€˜[01m[KURPositionHardwareInterface[m[Kâ€™ [[01;31m[K]8;;https://gcc.gnu.org/onlinedocs/gcc/Warning-Options.html#index-fpermissive-fpermissive]8;;[m[K]
  672 | void URPositionHardwareInterface::initAsyncIO([01;31m[K)[m[K
      |                                               [01;31m[K^[m[K
[01m[K/home/kadi/UR5e_ros2/ros2_real/src/Universal_Robots_ROS2_Driver/ur_robot_driver/src/hardware_interface.cpp:690:48:[m[K [01;31m[Kerror: [m[Kdefinition of â€˜[01m[Kvoid URPositionHardwareInterface::checkAsyncIO()[m[Kâ€™ is not in namespace enclosing â€˜[01m[KURPositionHardwareInterface[m[Kâ€™ [[01;31m[K]8;;https://gcc.gnu.org/onlinedocs/gcc/Warning-Options.html#index-fpermissive-fpermissive]8;;[m[K]
  690 | void URPositionHardwareInterface::checkAsyncIO([01;31m[K)[m[K
      |                                                [01;31m[K^[m[K
[01m[K/home/kadi/UR5e_ros2/ros2_real/src/Universal_Robots_ROS2_Driver/ur_robot_driver/src/hardware_interface.cpp:763:57:[m[K [01;31m[Kerror: [m[Kdefinition of â€˜[01m[Kvoid URPositionHardwareInterface::updateNonDoubleValues()[m[Kâ€™ is not in namespace enclosing â€˜[01m[KURPositionHardwareInterface[m[Kâ€™ [[01;31m[K]8;;https://gcc.gnu.org/onlinedocs/gcc/Warning-Options.html#index-fpermissive-fpermissive]8;;[m[K]
  763 | void URPositionHardwareInterface::updateNonDoubleValues([01;31m[K)[m[K
      |                                                         [01;31m[K^[m[K
[01m[K/home/kadi/UR5e_ros2/ros2_real/src/Universal_Robots_ROS2_Driver/ur_robot_driver/src/hardware_interface.cpp:791:56:[m[K [01;31m[Kerror: [m[Kdefinition of â€˜[01m[Kvoid URPositionHardwareInterface::transformForceTorque()[m[Kâ€™ is not in namespace enclosing â€˜[01m[KURPositionHardwareInterface[m[Kâ€™ [[01;31m[K]8;;https://gcc.gnu.org/onlinedocs/gcc/Warning-Options.html#index-fpermissive-fpermissive]8;;[m[K]
  791 | void URPositionHardwareInterface::transformForceTorque([01;31m[K)[m[K
      |                                                        [01;31m[K^[m[K
[01m[K/home/kadi/UR5e_ros2/ros2_real/src/Universal_Robots_ROS2_Driver/ur_robot_driver/src/hardware_interface.cpp:808:51:[m[K [01;31m[Kerror: [m[Kdefinition of â€˜[01m[Kvoid URPositionHardwareInterface::extractToolPose()[m[Kâ€™ is not in namespace enclosing â€˜[01m[KURPositionHardwareInterface[m[Kâ€™ [[01;31m[K]8;;https://gcc.gnu.org/onlinedocs/gcc/Warning-Options.html#index-fpermissive-fpermissive]8;;[m[K]
  808 | void URPositionHardwareInterface::extractToolPose([01;31m[K)[m[K
      |                                                   [01;31m[K^[m[K
[01m[K/home/kadi/UR5e_ros2/ros2_real/src/Universal_Robots_ROS2_Driver/ur_robot_driver/src/hardware_interface.cpp:829:102:[m[K [01;31m[Kerror: [m[Kdefinition of â€˜[01m[Khardware_interface::return_type URPositionHardwareInterface::prepare_command_mode_switch(const std::vector<std::__cxx11::basic_string<char> >&, const std::vector<std::__cxx11::basic_string<char> >&)[m[Kâ€™ is not in namespace enclosing â€˜[01m[KURPositionHardwareInterface[m[Kâ€™ [[01;31m[K]8;;https://gcc.gnu.org/onlinedocs/gcc/Warning-Options.html#index-fpermissive-fpermissive]8;;[m[K]
  829 |     const std::vector<std::string>& start_interfaces, const std::vector<std::string>& stop_interfaces[01;31m[K)[m[K
      |                                                                                                      [01;31m[K^[m[K
[01m[K/home/kadi/UR5e_ros2/ros2_real/src/Universal_Robots_ROS2_Driver/ur_robot_driver/src/hardware_interface.cpp:881:102:[m[K [01;31m[Kerror: [m[Kdefinition of â€˜[01m[Khardware_interface::return_type URPositionHardwareInterface::perform_command_mode_switch(const std::vector<std::__cxx11::basic_string<char> >&, const std::vector<std::__cxx11::basic_string<char> >&)[m[Kâ€™ is not in namespace enclosing â€˜[01m[KURPositionHardwareInterface[m[Kâ€™ [[01;31m[K]8;;https://gcc.gnu.org/onlinedocs/gcc/Warning-Options.html#index-fpermissive-fpermissive]8;;[m[K]
  881 |     const std::vector<std::string>& start_interfaces, const std::vector<std::string>& stop_interfaces[01;31m[K)[m[K
      |                                                                                                      [01;31m[K^[m[K
In file included from [01m[K/opt/ros/iron/include/class_loader/class_loader/class_loader.hpp:56[m[K,
                 from [01m[K/opt/ros/iron/include/pluginlib/pluginlib/class_list_macros.hpp:40[m[K,
                 from [01m[K/home/kadi/UR5e_ros2/ros2_real/src/Universal_Robots_ROS2_Driver/ur_robot_driver/src/hardware_interface.cpp:915[m[K:
[01m[K/home/kadi/UR5e_ros2/ros2_real/src/Universal_Robots_ROS2_Driver/ur_robot_driver/src/hardware_interface.cpp:917:41:[m[K [01;31m[Kerror: [m[Kâ€˜[01m[KURPositionHardwareInterface[m[Kâ€™ in namespace â€˜[01m[Kur_robot_driver[m[Kâ€™ does not name a type
  917 | PLUGINLIB_EXPORT_CLASS(ur_robot_driver::[01;31m[KURPositionHardwareInterface[m[K, hardware_interface::SystemInterface)
      |                                         [01;31m[K^~~~~~~~~~~~~~~~~~~~~~~~~~~[m[K
[01m[K/home/kadi/UR5e_ros2/ros2_real/src/Universal_Robots_ROS2_Driver/ur_robot_driver/src/hardware_interface.cpp:[m[K In constructor â€˜[01m[K{anonymous}::ProxyExec0::ProxyExec0()[m[Kâ€™:
[01m[K/home/kadi/UR5e_ros2/ros2_real/src/Universal_Robots_ROS2_Driver/ur_robot_driver/src/hardware_interface.cpp:917:1:[m[K [01;31m[Kerror: [m[Kâ€˜[01m[K_derived[m[Kâ€™ was not declared in this scope
  917 | [01;31m[KPLUGINLIB_EXPORT_CLASS[m[K(ur_robot_driver::URPositionHardwareInterface, hardware_interface::SystemInterface)
      | [01;31m[K^~~~~~~~~~~~~~~~~~~~~~[m[K
[01m[K/home/kadi/UR5e_ros2/ros2_real/src/Universal_Robots_ROS2_Driver/ur_robot_driver/src/hardware_interface.cpp:917:1:[m[K [01;31m[Kerror: [m[Kno matching function for call to â€˜[01m[KregisterPlugin<<expression error>, {anonymous}::ProxyExec0::_base>(const char [45], const char [36])[m[Kâ€™
  917 | [01;31m[KPLUGINLIB_EXPORT_CLASS[m[K(ur_robot_driver::URPositionHardwareInterface, hardware_interface::SystemInterface)
      | [01;31m[K^~~~~~~~~~~~~~~~~~~~~~[m[K
In file included from [01m[K/opt/ros/iron/include/class_loader/class_loader/class_loader.hpp:55[m[K,
                 from [01m[K/opt/ros/iron/include/pluginlib/pluginlib/class_list_macros.hpp:40[m[K,
                 from [01m[K/home/kadi/UR5e_ros2/ros2_real/src/Universal_Robots_ROS2_Driver/ur_robot_driver/src/hardware_interface.cpp:915[m[K:
[01m[K/opt/ros/iron/include/class_loader/class_loader/class_loader_core.hpp:241:1:[m[K [01;36m[Knote: [m[Kcandidate: â€˜[01m[Ktemplate<class Derived, class Base> class_loader::impl::UniquePtr<class_loader::impl::AbstractMetaObjectBase> class_loader::impl::registerPlugin(const string&, const string&)[m[Kâ€™
  241 | [01;36m[KregisterPlugin[m[K(const std::string & class_name, const std::string & base_class_name)
      | [01;36m[K^~~~~~~~~~~~~~[m[K
[01m[K/opt/ros/iron/include/class_loader/class_loader/class_loader_core.hpp:241:1:[m[K [01;36m[Knote: [m[K  template argument deduction/substitution failed:
In file included from [01m[K/opt/ros/iron/include/class_loader/class_loader/class_loader.hpp:56[m[K,
                 from [01m[K/opt/ros/iron/include/pluginlib/pluginlib/class_list_macros.hpp:40[m[K,
                 from [01m[K/home/kadi/UR5e_ros2/ros2_real/src/Universal_Robots_ROS2_Driver/ur_robot_driver/src/hardware_interface.cpp:915[m[K:
[01m[K/home/kadi/UR5e_ros2/ros2_real/src/Universal_Robots_ROS2_Driver/ur_robot_driver/src/hardware_interface.cpp:917:1:[m[K [01;31m[Kerror: [m[Ktemplate argument 1 is invalid
  917 | [01;31m[KPLUGINLIB_EXPORT_CLASS[m[K(ur_robot_driver::URPositionHardwareInterface, hardware_interface::SystemInterface)
      | [01;31m[K^~~~~~~~~~~~~~~~~~~~~~[m[K
gmake[2]: *** [CMakeFiles/ur_robot_driver_plugin.dir/build.make:90: CMakeFiles/ur_robot_driver_plugin.dir/src/hardware_interface.cpp.o] Error 1
gmake[1]: *** [CMakeFiles/Makefile2:148: CMakeFiles/ur_robot_driver_plugin.dir/all] Error 2
gmake: *** [Makefile:146: all] Error 2
