[0.061s] Invoking command in '/home/kadi/UR5e_ros2/ros2_real/build/ur_robot_driver': AMENT_PREFIX_PATH=/home/kadi/UR5e_ros2/ros2_real/install/velocity_controllers:/home/kadi/UR5e_ros2/ros2_real/install/ur_controllers:/home/kadi/UR5e_ros2/ros2_real/install/position_controllers:/home/kadi/UR5e_ros2/ros2_real/install/joint_trajectory_controller:/home/kadi/UR5e_ros2/ros2_real/install/joint_state_broadcaster:/home/kadi/UR5e_ros2/ros2_real/install/forward_command_controller:/home/kadi/UR5e_ros2/ros2_real/install/force_torque_sensor_broadcaster:/home/kadi/UR5e_ros2/ros2_real/install/controller_manager:/home/kadi/UR5e_ros2/ros2_real/install/hardware_interface_testing:/home/kadi/UR5e_ros2/ros2_real/install/controller_interface:/home/kadi/UR5e_ros2/ros2_real/install/hardware_interface:/home/kadi/UR5e_ros2/ros2_real/install/ur_dashboard_msgs:/home/kadi/UR5e_ros2/ros2_real/install/ros2_controllers_test_nodes:/home/kadi/UR5e_ros2/ros2_real/install/ros2_control_test_assets:/home/kadi/UR5e_ros2/ros2_real/install/controller_manager_msgs:/home/kadi/UR5e_ros2/ros2_real/install/control_msgs:${AMENT_PREFIX_PATH} CMAKE_PREFIX_PATH=/home/kadi/UR5e_ros2/ros2_real/install/velocity_controllers:/home/kadi/UR5e_ros2/ros2_real/install/ur_controllers:/home/kadi/UR5e_ros2/ros2_real/install/position_controllers:/home/kadi/UR5e_ros2/ros2_real/install/joint_trajectory_controller:/home/kadi/UR5e_ros2/ros2_real/install/joint_state_broadcaster:/home/kadi/UR5e_ros2/ros2_real/install/forward_command_controller:/home/kadi/UR5e_ros2/ros2_real/install/force_torque_sensor_broadcaster:/home/kadi/UR5e_ros2/ros2_real/install/controller_manager:/home/kadi/UR5e_ros2/ros2_real/install/hardware_interface_testing:/home/kadi/UR5e_ros2/ros2_real/install/controller_interface:/home/kadi/UR5e_ros2/ros2_real/install/hardware_interface:/home/kadi/UR5e_ros2/ros2_real/install/ur_msgs:/home/kadi/UR5e_ros2/ros2_real/install/ur_description:/home/kadi/UR5e_ros2/ros2_real/install/ur_dashboard_msgs:/home/kadi/UR5e_ros2/ros2_real/install/ur_client_library:/home/kadi/UR5e_ros2/ros2_real/install/ros2_control_test_assets:/home/kadi/UR5e_ros2/ros2_real/install/controller_manager_msgs:/home/kadi/UR5e_ros2/ros2_real/install/control_msgs:/opt/ros/iron LD_LIBRARY_PATH=/home/kadi/UR5e_ros2/ros2_real/install/velocity_controllers/lib:/home/kadi/UR5e_ros2/ros2_real/install/ur_controllers/lib:/home/kadi/UR5e_ros2/ros2_real/install/position_controllers/lib:/home/kadi/UR5e_ros2/ros2_real/install/joint_trajectory_controller/lib:/home/kadi/UR5e_ros2/ros2_real/install/joint_state_broadcaster/lib:/home/kadi/UR5e_ros2/ros2_real/install/forward_command_controller/lib:/home/kadi/UR5e_ros2/ros2_real/install/force_torque_sensor_broadcaster/lib:/home/kadi/UR5e_ros2/ros2_real/install/controller_manager/lib:/home/kadi/UR5e_ros2/ros2_real/install/hardware_interface_testing/lib:/home/kadi/UR5e_ros2/ros2_real/install/controller_interface/lib:/home/kadi/UR5e_ros2/ros2_real/install/hardware_interface/lib:/home/kadi/UR5e_ros2/ros2_real/install/ur_msgs/lib:/home/kadi/UR5e_ros2/ros2_real/install/ur_dashboard_msgs/lib:/home/kadi/UR5e_ros2/ros2_real/install/ur_client_library/lib:/home/kadi/UR5e_ros2/ros2_real/install/ros2_control_test_assets/lib:/home/kadi/UR5e_ros2/ros2_real/install/controller_manager_msgs/lib:/home/kadi/UR5e_ros2/ros2_real/install/control_msgs/lib:/home/kadi/mujoco-3.0.0/lib:/home/kadi/mujoco-3.0.0/lib:/home/kadi/mujoco-3.0.0/lib:/home/kadi/mujoco-3.0.0/lib:/home/kadi/mujoco-3.0.0/lib:/usr/lib/x86_64-linux-gnu/gazebo-11/plugins:/opt/ros/iron/opt/rviz_ogre_vendor/lib:/opt/ros/iron/lib/x86_64-linux-gnu:/opt/ros/iron/lib PKG_CONFIG_PATH=/home/kadi/UR5e_ros2/ros2_real/install/ur_client_library/lib/x86_64-linux-gnu/pkgconfig:/home/kadi/UR5e_ros2/ros2_real/install/ur_client_library/lib/pkgconfig PYTHONPATH=/home/kadi/UR5e_ros2/ros2_real/install/controller_manager/lib/python3.10/site-packages:/home/kadi/UR5e_ros2/ros2_real/install/ur_msgs/lib/python3.10/site-packages:/home/kadi/UR5e_ros2/ros2_real/install/ur_dashboard_msgs/lib/python3.10/site-packages:/home/kadi/UR5e_ros2/ros2_real/install/ros2_controllers_test_nodes/lib/python3.10/site-packages:/home/kadi/UR5e_ros2/ros2_real/install/controller_manager_msgs/lib/python3.10/site-packages:/home/kadi/UR5e_ros2/ros2_real/install/control_msgs/lib/python3.10/site-packages:/opt/ros/iron/lib/python3.10/site-packages /usr/bin/cmake --build /home/kadi/UR5e_ros2/ros2_real/build/ur_robot_driver -- -j16 -l16
[0.123s] [ 73%] Built target controller_stopper_node
[0.123s] [ 73%] Built target urscript_interface
[0.123s] [ 73%] Built target ur_ros2_control_node
[0.123s] [ 73%] [32mBuilding CXX object CMakeFiles/ur_robot_driver_plugin.dir/src/hardware_interface.cpp.o[0m
[0.123s] [ 80%] Built target dashboard_client
[0.127s] [ 80%] Built target ament_cmake_python_copy_ur_robot_driver
[0.295s] running egg_info
[0.295s] writing ur_robot_driver.egg-info/PKG-INFO
[0.295s] writing dependency_links to ur_robot_driver.egg-info/dependency_links.txt
[0.295s] writing top-level names to ur_robot_driver.egg-info/top_level.txt
[0.296s] reading manifest file 'ur_robot_driver.egg-info/SOURCES.txt'
[0.296s] writing manifest file 'ur_robot_driver.egg-info/SOURCES.txt'
[0.321s] [ 80%] Built target ament_cmake_python_build_ur_robot_driver_egg
[3.044s] In file included from [01m[K/home/kadi/UR5e_ros2/ros2_real/src/Universal_Robots_ROS2_Driver/ur_robot_driver/src/hardware_interface.cpp:51[m[K:
[3.044s] [01m[K/home/kadi/UR5e_ros2/ros2_real/src/Universal_Robots_ROS2_Driver/ur_robot_driver/include/ur_robot_driver/hardware_interface.hpp:74:3:[m[K [01;31m[Kerror: [m[Kexpected â€˜[01m[K}[m[Kâ€™ before â€˜[01m[KSTOP_FREEDRIVE[m[Kâ€™
[3.044s]    74 |   [01;31m[KSTOP_FREEDRIVE[m[K,
[3.044s]       |   [01;31m[K^~~~~~~~~~~~~~[m[K
[3.044s] [01m[K/home/kadi/UR5e_ros2/ros2_real/src/Universal_Robots_ROS2_Driver/ur_robot_driver/include/ur_robot_driver/hardware_interface.hpp:70:1:[m[K [01;36m[Knote: [m[Kto match this â€˜[01m[K{[m[Kâ€™
[3.044s]    70 | [01;36m[K{[m[K
[3.044s]       | [01;36m[K^[m[K
[3.044s] [01m[K/home/kadi/UR5e_ros2/ros2_real/src/Universal_Robots_ROS2_Driver/ur_robot_driver/include/ur_robot_driver/hardware_interface.hpp:76:1:[m[K [01;31m[Kerror: [m[Kexpected unqualified-id before â€˜[01m[K}[m[Kâ€™ token
[3.044s]    76 | [01;31m[K}[m[K;
[3.044s]       | [01;31m[K^[m[K
[3.049s] [01m[K/home/kadi/UR5e_ros2/ros2_real/src/Universal_Robots_ROS2_Driver/ur_robot_driver/include/ur_robot_driver/hardware_interface.hpp:232:3:[m[K [01;31m[Kerror: [m[Kâ€˜[01m[KPausingState[m[Kâ€™ does not name a type
[3.050s]   232 |   [01;31m[KPausingState[m[K pausing_state_;
[3.050s]       |   [01;31m[K^~~~~~~~~~~~[m[K
[3.061s] [01m[K/home/kadi/UR5e_ros2/ros2_real/src/Universal_Robots_ROS2_Driver/ur_robot_driver/include/ur_robot_driver/hardware_interface.hpp:250:1:[m[K [01;31m[Kerror: [m[Kexpected declaration before â€˜[01m[K}[m[Kâ€™ token
[3.061s]   250 | [01;31m[K}[m[K  // namespace ur_robot_driver
[3.061s]       | [01;31m[K^[m[K
[3.061s] [01m[K/home/kadi/UR5e_ros2/ros2_real/src/Universal_Robots_ROS2_Driver/ur_robot_driver/src/hardware_interface.cpp:59:59:[m[K [01;31m[Kerror: [m[Kdefinition of â€˜[01m[KURPositionHardwareInterface::~URPositionHardwareInterface()[m[Kâ€™ is not in namespace enclosing â€˜[01m[KURPositionHardwareInterface[m[Kâ€™ [[01;31m[K]8;;https://gcc.gnu.org/onlinedocs/gcc/Warning-Options.html#index-fpermissive-fpermissive]8;;[m[K]
[3.061s]    59 | URPositionHardwareInterface::~URPositionHardwareInterface([01;31m[K)[m[K
[3.061s]       |                                                           [01;31m[K^[m[K
[3.062s] [01m[K/home/kadi/UR5e_ros2/ros2_real/src/Universal_Robots_ROS2_Driver/ur_robot_driver/src/hardware_interface.cpp:67:89:[m[K [01;31m[Kerror: [m[Kdefinition of â€˜[01m[Khardware_interface::CallbackReturn URPositionHardwareInterface::on_init(const hardware_interface::HardwareInfo&)[m[Kâ€™ is not in namespace enclosing â€˜[01m[KURPositionHardwareInterface[m[Kâ€™ [[01;31m[K]8;;https://gcc.gnu.org/onlinedocs/gcc/Warning-Options.html#index-fpermissive-fpermissive]8;;[m[K]
[3.062s]    67 | URPositionHardwareInterface::on_init(const hardware_interface::HardwareInfo& system_info[01;31m[K)[m[K
[3.062s]       |                                                                                         [01;31m[K^[m[K
[3.068s] [01m[K/home/kadi/UR5e_ros2/ros2_real/src/Universal_Robots_ROS2_Driver/ur_robot_driver/src/hardware_interface.cpp:[m[K In member function â€˜[01m[Kvirtual hardware_interface::CallbackReturn URPositionHardwareInterface::on_init(const hardware_interface::HardwareInfo&)[m[Kâ€™:
[3.068s] [01m[K/home/kadi/UR5e_ros2/ros2_real/src/Universal_Robots_ROS2_Driver/ur_robot_driver/src/hardware_interface.cpp:90:3:[m[K [01;31m[Kerror: [m[Kâ€˜[01m[Kpausing_state_[m[Kâ€™ was not declared in this scope; did you mean â€˜[01m[KPausingState[m[Kâ€™?
[3.068s]    90 |   [01;31m[Kpausing_state_[m[K = PausingState::RUNNING;
[3.068s]       |   [01;31m[K^~~~~~~~~~~~~~[m[K
[3.068s]       |   [32m[KPausingState[m[K
[3.068s] [01m[K/home/kadi/UR5e_ros2/ros2_real/src/Universal_Robots_ROS2_Driver/ur_robot_driver/src/hardware_interface.cpp:90:20:[m[K [01;31m[Kerror: [m[Kâ€˜[01m[KPausingState[m[Kâ€™ has not been declared
[3.068s]    90 |   pausing_state_ = [01;31m[KPausingState[m[K::RUNNING;
[3.068s]       |                    [01;31m[K^~~~~~~~~~~~[m[K
[3.071s] [01m[K/home/kadi/UR5e_ros2/ros2_real/src/Universal_Robots_ROS2_Driver/ur_robot_driver/src/hardware_interface.cpp:[m[K At global scope:
[3.071s] [01m[K/home/kadi/UR5e_ros2/ros2_real/src/Universal_Robots_ROS2_Driver/ur_robot_driver/src/hardware_interface.cpp:151:102:[m[K [01;31m[Kerror: [m[Kdefinition of â€˜[01m[Kstd::vector<hardware_interface::StateInterface> URPositionHardwareInterface::export_state_interfaces()[m[Kâ€™ is not in namespace enclosing â€˜[01m[KURPositionHardwareInterface[m[Kâ€™ [[01;31m[K]8;;https://gcc.gnu.org/onlinedocs/gcc/Warning-Options.html#index-fpermissive-fpermissive]8;;[m[K]
[3.071s]   151 | std::vector<hardware_interface::StateInterface> URPositionHardwareInterface::export_state_interfaces([01;31m[K)[m[K
[3.071s]       |                                                                                                      [01;31m[K^[m[K
[3.075s] [01m[K/home/kadi/UR5e_ros2/ros2_real/src/Universal_Robots_ROS2_Driver/ur_robot_driver/src/hardware_interface.cpp:250:106:[m[K [01;31m[Kerror: [m[Kdefinition of â€˜[01m[Kstd::vector<hardware_interface::CommandInterface> URPositionHardwareInterface::export_command_interfaces()[m[Kâ€™ is not in namespace enclosing â€˜[01m[KURPositionHardwareInterface[m[Kâ€™ [[01;31m[K]8;;https://gcc.gnu.org/onlinedocs/gcc/Warning-Options.html#index-fpermissive-fpermissive]8;;[m[K]
[3.075s]   250 | std::vector<hardware_interface::CommandInterface> URPositionHardwareInterface::export_command_interfaces([01;31m[K)[m[K
[3.075s]       |                                                                                                          [01;31m[K^[m[K
[3.079s] [01m[K/home/kadi/UR5e_ros2/ros2_real/src/Universal_Robots_ROS2_Driver/ur_robot_driver/src/hardware_interface.cpp:320:88:[m[K [01;31m[Kerror: [m[Kdefinition of â€˜[01m[Khardware_interface::CallbackReturn URPositionHardwareInterface::on_configure(const rclcpp_lifecycle::State&)[m[Kâ€™ is not in namespace enclosing â€˜[01m[KURPositionHardwareInterface[m[Kâ€™ [[01;31m[K]8;;https://gcc.gnu.org/onlinedocs/gcc/Warning-Options.html#index-fpermissive-fpermissive]8;;[m[K]
[3.079s]   320 | URPositionHardwareInterface::on_configure(const rclcpp_lifecycle::State& previous_state[01;31m[K)[m[K
[3.079s]       |                                                                                        [01;31m[K^[m[K
[3.083s] [01m[K/home/kadi/UR5e_ros2/ros2_real/src/Universal_Robots_ROS2_Driver/ur_robot_driver/src/hardware_interface.cpp:[m[K In member function â€˜[01m[Kvirtual hardware_interface::CallbackReturn URPositionHardwareInterface::on_configure(const rclcpp_lifecycle::State&)[m[Kâ€™:
[3.083s] [01m[K/home/kadi/UR5e_ros2/ros2_real/src/Universal_Robots_ROS2_Driver/ur_robot_driver/src/hardware_interface.cpp:436:3:[m[K [01;31m[Kerror: [m[Kâ€˜[01m[KregisterUrclLogHandler[m[Kâ€™ was not declared in this scope; did you mean â€˜[01m[Kur_robot_driver::registerUrclLogHandler[m[Kâ€™?
[3.083s]   436 |   [01;31m[KregisterUrclLogHandler[m[K(tf_prefix);
[3.083s]       |   [01;31m[K^~~~~~~~~~~~~~~~~~~~~~[m[K
[3.083s]       |   [32m[Kur_robot_driver::registerUrclLogHandler[m[K
[3.083s] In file included from [01m[K/home/kadi/UR5e_ros2/ros2_real/src/Universal_Robots_ROS2_Driver/ur_robot_driver/src/hardware_interface.cpp:52[m[K:
[3.083s] [01m[K/home/kadi/UR5e_ros2/ros2_real/src/Universal_Robots_ROS2_Driver/ur_robot_driver/include/ur_robot_driver/urcl_log_handler.hpp:107:15:[m[K [01;36m[Knote: [m[Kâ€˜[01m[Kur_robot_driver::registerUrclLogHandler[m[Kâ€™ declared here
[3.083s]   107 |   friend void [01;36m[KregisterUrclLogHandler[m[K(const std::string& tf_prefix);
[3.083s]       |               [01;36m[K^~~~~~~~~~~~~~~~~~~~~~[m[K
[3.089s] [01m[K/home/kadi/UR5e_ros2/ros2_real/src/Universal_Robots_ROS2_Driver/ur_robot_driver/src/hardware_interface.cpp:[m[K At global scope:
[3.089s] [01m[K/home/kadi/UR5e_ros2/ros2_real/src/Universal_Robots_ROS2_Driver/ur_robot_driver/src/hardware_interface.cpp:487:87:[m[K [01;31m[Kerror: [m[Kdefinition of â€˜[01m[Khardware_interface::CallbackReturn URPositionHardwareInterface::on_activate(const rclcpp_lifecycle::State&)[m[Kâ€™ is not in namespace enclosing â€˜[01m[KURPositionHardwareInterface[m[Kâ€™ [[01;31m[K]8;;https://gcc.gnu.org/onlinedocs/gcc/Warning-Options.html#index-fpermissive-fpermissive]8;;[m[K]
[3.089s]   487 | URPositionHardwareInterface::on_activate(const rclcpp_lifecycle::State& previous_state[01;31m[K)[m[K
[3.089s]       |                                                                                       [01;31m[K^[m[K
[3.089s] [01m[K/home/kadi/UR5e_ros2/ros2_real/src/Universal_Robots_ROS2_Driver/ur_robot_driver/src/hardware_interface.cpp:494:86:[m[K [01;31m[Kerror: [m[Kdefinition of â€˜[01m[Khardware_interface::CallbackReturn URPositionHardwareInterface::on_cleanup(const rclcpp_lifecycle::State&)[m[Kâ€™ is not in namespace enclosing â€˜[01m[KURPositionHardwareInterface[m[Kâ€™ [[01;31m[K]8;;https://gcc.gnu.org/onlinedocs/gcc/Warning-Options.html#index-fpermissive-fpermissive]8;;[m[K]
[3.090s]   494 | URPositionHardwareInterface::on_cleanup(const rclcpp_lifecycle::State& previous_state[01;31m[K)[m[K
[3.090s]       |                                                                                      [01;31m[K^[m[K
[3.090s] [01m[K/home/kadi/UR5e_ros2/ros2_real/src/Universal_Robots_ROS2_Driver/ur_robot_driver/src/hardware_interface.cpp:[m[K In member function â€˜[01m[Kvirtual hardware_interface::CallbackReturn URPositionHardwareInterface::on_cleanup(const rclcpp_lifecycle::State&)[m[Kâ€™:
[3.090s] [01m[K/home/kadi/UR5e_ros2/ros2_real/src/Universal_Robots_ROS2_Driver/ur_robot_driver/src/hardware_interface.cpp:506:3:[m[K [01;31m[Kerror: [m[Kâ€˜[01m[KunregisterUrclLogHandler[m[Kâ€™ was not declared in this scope; did you mean â€˜[01m[Kur_robot_driver::unregisterUrclLogHandler[m[Kâ€™?
[3.091s]   506 |   [01;31m[KunregisterUrclLogHandler[m[K();
[3.091s]       |   [01;31m[K^~~~~~~~~~~~~~~~~~~~~~~~[m[K
[3.091s]       |   [32m[Kur_robot_driver::unregisterUrclLogHandler[m[K
[3.091s] In file included from [01m[K/home/kadi/UR5e_ros2/ros2_real/src/Universal_Robots_ROS2_Driver/ur_robot_driver/src/hardware_interface.cpp:52[m[K:
[3.091s] [01m[K/home/kadi/UR5e_ros2/ros2_real/src/Universal_Robots_ROS2_Driver/ur_robot_driver/include/ur_robot_driver/urcl_log_handler.hpp:60:6:[m[K [01;36m[Knote: [m[Kâ€˜[01m[Kur_robot_driver::unregisterUrclLogHandler[m[Kâ€™ declared here
[3.091s]    60 | void [01;36m[KunregisterUrclLogHandler[m[K();
[3.091s]       |      [01;36m[K^~~~~~~~~~~~~~~~~~~~~~~~[m[K
[3.091s] [01m[K/home/kadi/UR5e_ros2/ros2_real/src/Universal_Robots_ROS2_Driver/ur_robot_driver/src/hardware_interface.cpp:[m[K At global scope:
[3.091s] [01m[K/home/kadi/UR5e_ros2/ros2_real/src/Universal_Robots_ROS2_Driver/ur_robot_driver/src/hardware_interface.cpp:515:80:[m[K [01;31m[Kerror: [m[Kdefinition of â€˜[01m[Kvoid URPositionHardwareInterface::readData(const std::unique_ptr<urcl::rtde_interface::DataPackage>&, const string&, T&)[m[Kâ€™ is not in namespace enclosing â€˜[01m[KURPositionHardwareInterface[m[Kâ€™ [[01;31m[K]8;;https://gcc.gnu.org/onlinedocs/gcc/Warning-Options.html#index-fpermissive-fpermissive]8;;[m[K]
[3.091s]   515 |                                            const std::string& var_name, T& data[01;31m[K)[m[K
[3.091s]       |                                                                                [01;31m[K^[m[K
[3.096s] [01m[K/home/kadi/UR5e_ros2/ros2_real/src/Universal_Robots_ROS2_Driver/ur_robot_driver/src/hardware_interface.cpp:526:99:[m[K [01;31m[Kerror: [m[Kdefinition of â€˜[01m[Kvoid URPositionHardwareInterface::readBitsetData(const std::unique_ptr<urcl::rtde_interface::DataPackage>&, const string&, std::bitset<N>&)[m[Kâ€™ is not in namespace enclosing â€˜[01m[KURPositionHardwareInterface[m[Kâ€™ [[01;31m[K]8;;https://gcc.gnu.org/onlinedocs/gcc/Warning-Options.html#index-fpermissive-fpermissive]8;;[m[K]
[3.096s]   526 |                                                  const std::string& var_name, std::bitset<N>& data[01;31m[K)[m[K
[3.096s]       |                                                                                                   [01;31m[K^[m[K
[3.096s] [01m[K/home/kadi/UR5e_ros2/ros2_real/src/Universal_Robots_ROS2_Driver/ur_robot_driver/src/hardware_interface.cpp:535:47:[m[K [01;31m[Kerror: [m[Kdefinition of â€˜[01m[Kvoid URPositionHardwareInterface::asyncThread()[m[Kâ€™ is not in namespace enclosing â€˜[01m[KURPositionHardwareInterface[m[Kâ€™ [[01;31m[K]8;;https://gcc.gnu.org/onlinedocs/gcc/Warning-Options.html#index-fpermissive-fpermissive]8;;[m[K]
[3.096s]   535 | void URPositionHardwareInterface::asyncThread([01;31m[K)[m[K
[3.096s]       |                                               [01;31m[K^[m[K
[3.096s] [01m[K/home/kadi/UR5e_ros2/ros2_real/src/Universal_Robots_ROS2_Driver/ur_robot_driver/src/hardware_interface.cpp:548:97:[m[K [01;31m[Kerror: [m[Kdefinition of â€˜[01m[Khardware_interface::return_type URPositionHardwareInterface::read(const rclcpp::Time&, const rclcpp::Duration&)[m[Kâ€™ is not in namespace enclosing â€˜[01m[KURPositionHardwareInterface[m[Kâ€™ [[01;31m[K]8;;https://gcc.gnu.org/onlinedocs/gcc/Warning-Options.html#index-fpermissive-fpermissive]8;;[m[K]
[3.096s]   548 |                                                                   const rclcpp::Duration& period[01;31m[K)[m[K
[3.096s]       |                                                                                                 [01;31m[K^[m[K
[3.102s] [01m[K/home/kadi/UR5e_ros2/ros2_real/src/Universal_Robots_ROS2_Driver/ur_robot_driver/src/hardware_interface.cpp:[m[K In member function â€˜[01m[Kvirtual hardware_interface::return_type URPositionHardwareInterface::read(const rclcpp::Time&, const rclcpp::Duration&)[m[Kâ€™:
[3.102s] [01m[K/home/kadi/UR5e_ros2/ros2_real/src/Universal_Robots_ROS2_Driver/ur_robot_driver/src/hardware_interface.cpp:596:7:[m[K [01;31m[Kerror: [m[Kâ€˜[01m[Kpausing_state_[m[Kâ€™ was not declared in this scope; did you mean â€˜[01m[KPausingState[m[Kâ€™?
[3.102s]   596 |       [01;31m[Kpausing_state_[m[K = PausingState::PAUSED;
[3.102s]       |       [01;31m[K^~~~~~~~~~~~~~[m[K
[3.102s]       |       [32m[KPausingState[m[K
[3.102s] [01m[K/home/kadi/UR5e_ros2/ros2_real/src/Universal_Robots_ROS2_Driver/ur_robot_driver/src/hardware_interface.cpp:596:24:[m[K [01;31m[Kerror: [m[Kâ€˜[01m[KPausingState[m[Kâ€™ has not been declared
[3.102s]   596 |       pausing_state_ = [01;31m[KPausingState[m[K::PAUSED;
[3.102s]       |                        [01;31m[K^~~~~~~~~~~~[m[K
[3.106s] [01m[K/home/kadi/UR5e_ros2/ros2_real/src/Universal_Robots_ROS2_Driver/ur_robot_driver/src/hardware_interface.cpp:598:16:[m[K [01;31m[Kerror: [m[Kâ€˜[01m[Kpausing_state_[m[Kâ€™ was not declared in this scope; did you mean â€˜[01m[KPausingState[m[Kâ€™?
[3.107s]   598 |                [01;31m[Kpausing_state_[m[K == PausingState::PAUSED) {
[3.107s]       |                [01;31m[K^~~~~~~~~~~~~~[m[K
[3.107s]       |                [32m[KPausingState[m[K
[3.107s] [01m[K/home/kadi/UR5e_ros2/ros2_real/src/Universal_Robots_ROS2_Driver/ur_robot_driver/src/hardware_interface.cpp:598:34:[m[K [01;31m[Kerror: [m[Kâ€˜[01m[KPausingState[m[Kâ€™ has not been declared
[3.107s]   598 |                pausing_state_ == [01;31m[KPausingState[m[K::PAUSED) {
[3.107s]       |                                  [01;31m[K^~~~~~~~~~~~[m[K
[3.107s] [01m[K/home/kadi/UR5e_ros2/ros2_real/src/Universal_Robots_ROS2_Driver/ur_robot_driver/src/hardware_interface.cpp:601:24:[m[K [01;31m[Kerror: [m[Kâ€˜[01m[KPausingState[m[Kâ€™ has not been declared
[3.107s]   601 |       pausing_state_ = [01;31m[KPausingState[m[K::RAMPUP;
[3.107s]       |                        [01;31m[K^~~~~~~~~~~~[m[K
[3.111s] [01m[K/home/kadi/UR5e_ros2/ros2_real/src/Universal_Robots_ROS2_Driver/ur_robot_driver/src/hardware_interface.cpp:604:9:[m[K [01;31m[Kerror: [m[Kâ€˜[01m[Kpausing_state_[m[Kâ€™ was not declared in this scope; did you mean â€˜[01m[KPausingState[m[Kâ€™?
[3.111s]   604 |     if ([01;31m[Kpausing_state_[m[K == PausingState::RAMPUP) {
[3.111s]       |         [01;31m[K^~~~~~~~~~~~~~[m[K
[3.111s]       |         [32m[KPausingState[m[K
[3.111s] [01m[K/home/kadi/UR5e_ros2/ros2_real/src/Universal_Robots_ROS2_Driver/ur_robot_driver/src/hardware_interface.cpp:604:27:[m[K [01;31m[Kerror: [m[Kâ€˜[01m[KPausingState[m[Kâ€™ has not been declared
[3.111s]   604 |     if (pausing_state_ == [01;31m[KPausingState[m[K::RAMPUP) {
[3.111s]       |                           [01;31m[K^~~~~~~~~~~~[m[K
[3.111s] [01m[K/home/kadi/UR5e_ros2/ros2_real/src/Universal_Robots_ROS2_Driver/ur_robot_driver/src/hardware_interface.cpp:609:26:[m[K [01;31m[Kerror: [m[Kâ€˜[01m[KPausingState[m[Kâ€™ has not been declared
[3.111s]   609 |         pausing_state_ = [01;31m[KPausingState[m[K::RUNNING;
[3.112s]       |                          [01;31m[K^~~~~~~~~~~~[m[K
[3.112s] [01m[K/home/kadi/UR5e_ros2/ros2_real/src/Universal_Robots_ROS2_Driver/ur_robot_driver/src/hardware_interface.cpp:[m[K At global scope:
[3.112s] [01m[K/home/kadi/UR5e_ros2/ros2_real/src/Universal_Robots_ROS2_Driver/ur_robot_driver/src/hardware_interface.cpp:643:98:[m[K [01;31m[Kerror: [m[Kdefinition of â€˜[01m[Khardware_interface::return_type URPositionHardwareInterface::write(const rclcpp::Time&, const rclcpp::Duration&)[m[Kâ€™ is not in namespace enclosing â€˜[01m[KURPositionHardwareInterface[m[Kâ€™ [[01;31m[K]8;;https://gcc.gnu.org/onlinedocs/gcc/Warning-Options.html#index-fpermissive-fpermissive]8;;[m[K]
[3.112s]   643 |                                                                    const rclcpp::Duration& period[01;31m[K)[m[K
[3.112s]       |                                                                                                  [01;31m[K^[m[K
[3.112s] [01m[K/home/kadi/UR5e_ros2/ros2_real/src/Universal_Robots_ROS2_Driver/ur_robot_driver/src/hardware_interface.cpp:667:79:[m[K [01;31m[Kerror: [m[Kdefinition of â€˜[01m[Kvoid URPositionHardwareInterface::handleRobotProgramState(bool)[m[Kâ€™ is not in namespace enclosing â€˜[01m[KURPositionHardwareInterface[m[Kâ€™ [[01;31m[K]8;;https://gcc.gnu.org/onlinedocs/gcc/Warning-Options.html#index-fpermissive-fpermissive]8;;[m[K]
[3.112s]   667 | void URPositionHardwareInterface::handleRobotProgramState(bool program_running[01;31m[K)[m[K
[3.112s]       |                                                                               [01;31m[K^[m[K
[3.112s] [01m[K/home/kadi/UR5e_ros2/ros2_real/src/Universal_Robots_ROS2_Driver/ur_robot_driver/src/hardware_interface.cpp:672:47:[m[K [01;31m[Kerror: [m[Kdefinition of â€˜[01m[Kvoid URPositionHardwareInterface::initAsyncIO()[m[Kâ€™ is not in namespace enclosing â€˜[01m[KURPositionHardwareInterface[m[Kâ€™ [[01;31m[K]8;;https://gcc.gnu.org/onlinedocs/gcc/Warning-Options.html#index-fpermissive-fpermissive]8;;[m[K]
[3.112s]   672 | void URPositionHardwareInterface::initAsyncIO([01;31m[K)[m[K
[3.112s]       |                                               [01;31m[K^[m[K
[3.112s] [01m[K/home/kadi/UR5e_ros2/ros2_real/src/Universal_Robots_ROS2_Driver/ur_robot_driver/src/hardware_interface.cpp:690:48:[m[K [01;31m[Kerror: [m[Kdefinition of â€˜[01m[Kvoid URPositionHardwareInterface::checkAsyncIO()[m[Kâ€™ is not in namespace enclosing â€˜[01m[KURPositionHardwareInterface[m[Kâ€™ [[01;31m[K]8;;https://gcc.gnu.org/onlinedocs/gcc/Warning-Options.html#index-fpermissive-fpermissive]8;;[m[K]
[3.112s]   690 | void URPositionHardwareInterface::checkAsyncIO([01;31m[K)[m[K
[3.112s]       |                                                [01;31m[K^[m[K
[3.113s] [01m[K/home/kadi/UR5e_ros2/ros2_real/src/Universal_Robots_ROS2_Driver/ur_robot_driver/src/hardware_interface.cpp:763:57:[m[K [01;31m[Kerror: [m[Kdefinition of â€˜[01m[Kvoid URPositionHardwareInterface::updateNonDoubleValues()[m[Kâ€™ is not in namespace enclosing â€˜[01m[KURPositionHardwareInterface[m[Kâ€™ [[01;31m[K]8;;https://gcc.gnu.org/onlinedocs/gcc/Warning-Options.html#index-fpermissive-fpermissive]8;;[m[K]
[3.113s]   763 | void URPositionHardwareInterface::updateNonDoubleValues([01;31m[K)[m[K
[3.113s]       |                                                         [01;31m[K^[m[K
[3.113s] [01m[K/home/kadi/UR5e_ros2/ros2_real/src/Universal_Robots_ROS2_Driver/ur_robot_driver/src/hardware_interface.cpp:791:56:[m[K [01;31m[Kerror: [m[Kdefinition of â€˜[01m[Kvoid URPositionHardwareInterface::transformForceTorque()[m[Kâ€™ is not in namespace enclosing â€˜[01m[KURPositionHardwareInterface[m[Kâ€™ [[01;31m[K]8;;https://gcc.gnu.org/onlinedocs/gcc/Warning-Options.html#index-fpermissive-fpermissive]8;;[m[K]
[3.113s]   791 | void URPositionHardwareInterface::transformForceTorque([01;31m[K)[m[K
[3.113s]       |                                                        [01;31m[K^[m[K
[3.114s] [01m[K/home/kadi/UR5e_ros2/ros2_real/src/Universal_Robots_ROS2_Driver/ur_robot_driver/src/hardware_interface.cpp:808:51:[m[K [01;31m[Kerror: [m[Kdefinition of â€˜[01m[Kvoid URPositionHardwareInterface::extractToolPose()[m[Kâ€™ is not in namespace enclosing â€˜[01m[KURPositionHardwareInterface[m[Kâ€™ [[01;31m[K]8;;https://gcc.gnu.org/onlinedocs/gcc/Warning-Options.html#index-fpermissive-fpermissive]8;;[m[K]
[3.114s]   808 | void URPositionHardwareInterface::extractToolPose([01;31m[K)[m[K
[3.114s]       |                                                   [01;31m[K^[m[K
[3.114s] [01m[K/home/kadi/UR5e_ros2/ros2_real/src/Universal_Robots_ROS2_Driver/ur_robot_driver/src/hardware_interface.cpp:829:102:[m[K [01;31m[Kerror: [m[Kdefinition of â€˜[01m[Khardware_interface::return_type URPositionHardwareInterface::prepare_command_mode_switch(const std::vector<std::__cxx11::basic_string<char> >&, const std::vector<std::__cxx11::basic_string<char> >&)[m[Kâ€™ is not in namespace enclosing â€˜[01m[KURPositionHardwareInterface[m[Kâ€™ [[01;31m[K]8;;https://gcc.gnu.org/onlinedocs/gcc/Warning-Options.html#index-fpermissive-fpermissive]8;;[m[K]
[3.114s]   829 |     const std::vector<std::string>& start_interfaces, const std::vector<std::string>& stop_interfaces[01;31m[K)[m[K
[3.114s]       |                                                                                                      [01;31m[K^[m[K
[3.115s] [01m[K/home/kadi/UR5e_ros2/ros2_real/src/Universal_Robots_ROS2_Driver/ur_robot_driver/src/hardware_interface.cpp:881:102:[m[K [01;31m[Kerror: [m[Kdefinition of â€˜[01m[Khardware_interface::return_type URPositionHardwareInterface::perform_command_mode_switch(const std::vector<std::__cxx11::basic_string<char> >&, const std::vector<std::__cxx11::basic_string<char> >&)[m[Kâ€™ is not in namespace enclosing â€˜[01m[KURPositionHardwareInterface[m[Kâ€™ [[01;31m[K]8;;https://gcc.gnu.org/onlinedocs/gcc/Warning-Options.html#index-fpermissive-fpermissive]8;;[m[K]
[3.115s]   881 |     const std::vector<std::string>& start_interfaces, const std::vector<std::string>& stop_interfaces[01;31m[K)[m[K
[3.116s]       |                                                                                                      [01;31m[K^[m[K
[3.132s] In file included from [01m[K/opt/ros/iron/include/class_loader/class_loader/class_loader.hpp:56[m[K,
[3.132s]                  from [01m[K/opt/ros/iron/include/pluginlib/pluginlib/class_list_macros.hpp:40[m[K,
[3.132s]                  from [01m[K/home/kadi/UR5e_ros2/ros2_real/src/Universal_Robots_ROS2_Driver/ur_robot_driver/src/hardware_interface.cpp:915[m[K:
[3.132s] [01m[K/home/kadi/UR5e_ros2/ros2_real/src/Universal_Robots_ROS2_Driver/ur_robot_driver/src/hardware_interface.cpp:917:41:[m[K [01;31m[Kerror: [m[Kâ€˜[01m[KURPositionHardwareInterface[m[Kâ€™ in namespace â€˜[01m[Kur_robot_driver[m[Kâ€™ does not name a type
[3.132s]   917 | PLUGINLIB_EXPORT_CLASS(ur_robot_driver::[01;31m[KURPositionHardwareInterface[m[K, hardware_interface::SystemInterface)
[3.132s]       |                                         [01;31m[K^~~~~~~~~~~~~~~~~~~~~~~~~~~[m[K
[3.141s] [01m[K/home/kadi/UR5e_ros2/ros2_real/src/Universal_Robots_ROS2_Driver/ur_robot_driver/src/hardware_interface.cpp:[m[K In constructor â€˜[01m[K{anonymous}::ProxyExec0::ProxyExec0()[m[Kâ€™:
[3.141s] [01m[K/home/kadi/UR5e_ros2/ros2_real/src/Universal_Robots_ROS2_Driver/ur_robot_driver/src/hardware_interface.cpp:917:1:[m[K [01;31m[Kerror: [m[Kâ€˜[01m[K_derived[m[Kâ€™ was not declared in this scope
[3.141s]   917 | [01;31m[KPLUGINLIB_EXPORT_CLASS[m[K(ur_robot_driver::URPositionHardwareInterface, hardware_interface::SystemInterface)
[3.141s]       | [01;31m[K^~~~~~~~~~~~~~~~~~~~~~[m[K
[3.142s] [01m[K/home/kadi/UR5e_ros2/ros2_real/src/Universal_Robots_ROS2_Driver/ur_robot_driver/src/hardware_interface.cpp:917:1:[m[K [01;31m[Kerror: [m[Kno matching function for call to â€˜[01m[KregisterPlugin<<expression error>, {anonymous}::ProxyExec0::_base>(const char [45], const char [36])[m[Kâ€™
[3.142s]   917 | [01;31m[KPLUGINLIB_EXPORT_CLASS[m[K(ur_robot_driver::URPositionHardwareInterface, hardware_interface::SystemInterface)
[3.142s]       | [01;31m[K^~~~~~~~~~~~~~~~~~~~~~[m[K
[3.142s] In file included from [01m[K/opt/ros/iron/include/class_loader/class_loader/class_loader.hpp:55[m[K,
[3.142s]                  from [01m[K/opt/ros/iron/include/pluginlib/pluginlib/class_list_macros.hpp:40[m[K,
[3.142s]                  from [01m[K/home/kadi/UR5e_ros2/ros2_real/src/Universal_Robots_ROS2_Driver/ur_robot_driver/src/hardware_interface.cpp:915[m[K:
[3.142s] [01m[K/opt/ros/iron/include/class_loader/class_loader/class_loader_core.hpp:241:1:[m[K [01;36m[Knote: [m[Kcandidate: â€˜[01m[Ktemplate<class Derived, class Base> class_loader::impl::UniquePtr<class_loader::impl::AbstractMetaObjectBase> class_loader::impl::registerPlugin(const string&, const string&)[m[Kâ€™
[3.142s]   241 | [01;36m[KregisterPlugin[m[K(const std::string & class_name, const std::string & base_class_name)
[3.142s]       | [01;36m[K^~~~~~~~~~~~~~[m[K
[3.142s] [01m[K/opt/ros/iron/include/class_loader/class_loader/class_loader_core.hpp:241:1:[m[K [01;36m[Knote: [m[K  template argument deduction/substitution failed:
[3.142s] In file included from [01m[K/opt/ros/iron/include/class_loader/class_loader/class_loader.hpp:56[m[K,
[3.142s]                  from [01m[K/opt/ros/iron/include/pluginlib/pluginlib/class_list_macros.hpp:40[m[K,
[3.142s]                  from [01m[K/home/kadi/UR5e_ros2/ros2_real/src/Universal_Robots_ROS2_Driver/ur_robot_driver/src/hardware_interface.cpp:915[m[K:
[3.142s] [01m[K/home/kadi/UR5e_ros2/ros2_real/src/Universal_Robots_ROS2_Driver/ur_robot_driver/src/hardware_interface.cpp:917:1:[m[K [01;31m[Kerror: [m[Ktemplate argument 1 is invalid
[3.142s]   917 | [01;31m[KPLUGINLIB_EXPORT_CLASS[m[K(ur_robot_driver::URPositionHardwareInterface, hardware_interface::SystemInterface)
[3.142s]       | [01;31m[K^~~~~~~~~~~~~~~~~~~~~~[m[K
[4.229s] gmake[2]: *** [CMakeFiles/ur_robot_driver_plugin.dir/build.make:90: CMakeFiles/ur_robot_driver_plugin.dir/src/hardware_interface.cpp.o] Error 1
[4.229s] gmake[1]: *** [CMakeFiles/Makefile2:148: CMakeFiles/ur_robot_driver_plugin.dir/all] Error 2
[4.229s] gmake: *** [Makefile:146: all] Error 2
[4.233s] Invoked command in '/home/kadi/UR5e_ros2/ros2_real/build/ur_robot_driver' returned '2': AMENT_PREFIX_PATH=/home/kadi/UR5e_ros2/ros2_real/install/velocity_controllers:/home/kadi/UR5e_ros2/ros2_real/install/ur_controllers:/home/kadi/UR5e_ros2/ros2_real/install/position_controllers:/home/kadi/UR5e_ros2/ros2_real/install/joint_trajectory_controller:/home/kadi/UR5e_ros2/ros2_real/install/joint_state_broadcaster:/home/kadi/UR5e_ros2/ros2_real/install/forward_command_controller:/home/kadi/UR5e_ros2/ros2_real/install/force_torque_sensor_broadcaster:/home/kadi/UR5e_ros2/ros2_real/install/controller_manager:/home/kadi/UR5e_ros2/ros2_real/install/hardware_interface_testing:/home/kadi/UR5e_ros2/ros2_real/install/controller_interface:/home/kadi/UR5e_ros2/ros2_real/install/hardware_interface:/home/kadi/UR5e_ros2/ros2_real/install/ur_dashboard_msgs:/home/kadi/UR5e_ros2/ros2_real/install/ros2_controllers_test_nodes:/home/kadi/UR5e_ros2/ros2_real/install/ros2_control_test_assets:/home/kadi/UR5e_ros2/ros2_real/install/controller_manager_msgs:/home/kadi/UR5e_ros2/ros2_real/install/control_msgs:${AMENT_PREFIX_PATH} CMAKE_PREFIX_PATH=/home/kadi/UR5e_ros2/ros2_real/install/velocity_controllers:/home/kadi/UR5e_ros2/ros2_real/install/ur_controllers:/home/kadi/UR5e_ros2/ros2_real/install/position_controllers:/home/kadi/UR5e_ros2/ros2_real/install/joint_trajectory_controller:/home/kadi/UR5e_ros2/ros2_real/install/joint_state_broadcaster:/home/kadi/UR5e_ros2/ros2_real/install/forward_command_controller:/home/kadi/UR5e_ros2/ros2_real/install/force_torque_sensor_broadcaster:/home/kadi/UR5e_ros2/ros2_real/install/controller_manager:/home/kadi/UR5e_ros2/ros2_real/install/hardware_interface_testing:/home/kadi/UR5e_ros2/ros2_real/install/controller_interface:/home/kadi/UR5e_ros2/ros2_real/install/hardware_interface:/home/kadi/UR5e_ros2/ros2_real/install/ur_msgs:/home/kadi/UR5e_ros2/ros2_real/install/ur_description:/home/kadi/UR5e_ros2/ros2_real/install/ur_dashboard_msgs:/home/kadi/UR5e_ros2/ros2_real/install/ur_client_library:/home/kadi/UR5e_ros2/ros2_real/install/ros2_control_test_assets:/home/kadi/UR5e_ros2/ros2_real/install/controller_manager_msgs:/home/kadi/UR5e_ros2/ros2_real/install/control_msgs:/opt/ros/iron LD_LIBRARY_PATH=/home/kadi/UR5e_ros2/ros2_real/install/velocity_controllers/lib:/home/kadi/UR5e_ros2/ros2_real/install/ur_controllers/lib:/home/kadi/UR5e_ros2/ros2_real/install/position_controllers/lib:/home/kadi/UR5e_ros2/ros2_real/install/joint_trajectory_controller/lib:/home/kadi/UR5e_ros2/ros2_real/install/joint_state_broadcaster/lib:/home/kadi/UR5e_ros2/ros2_real/install/forward_command_controller/lib:/home/kadi/UR5e_ros2/ros2_real/install/force_torque_sensor_broadcaster/lib:/home/kadi/UR5e_ros2/ros2_real/install/controller_manager/lib:/home/kadi/UR5e_ros2/ros2_real/install/hardware_interface_testing/lib:/home/kadi/UR5e_ros2/ros2_real/install/controller_interface/lib:/home/kadi/UR5e_ros2/ros2_real/install/hardware_interface/lib:/home/kadi/UR5e_ros2/ros2_real/install/ur_msgs/lib:/home/kadi/UR5e_ros2/ros2_real/install/ur_dashboard_msgs/lib:/home/kadi/UR5e_ros2/ros2_real/install/ur_client_library/lib:/home/kadi/UR5e_ros2/ros2_real/install/ros2_control_test_assets/lib:/home/kadi/UR5e_ros2/ros2_real/install/controller_manager_msgs/lib:/home/kadi/UR5e_ros2/ros2_real/install/control_msgs/lib:/home/kadi/mujoco-3.0.0/lib:/home/kadi/mujoco-3.0.0/lib:/home/kadi/mujoco-3.0.0/lib:/home/kadi/mujoco-3.0.0/lib:/home/kadi/mujoco-3.0.0/lib:/usr/lib/x86_64-linux-gnu/gazebo-11/plugins:/opt/ros/iron/opt/rviz_ogre_vendor/lib:/opt/ros/iron/lib/x86_64-linux-gnu:/opt/ros/iron/lib PKG_CONFIG_PATH=/home/kadi/UR5e_ros2/ros2_real/install/ur_client_library/lib/x86_64-linux-gnu/pkgconfig:/home/kadi/UR5e_ros2/ros2_real/install/ur_client_library/lib/pkgconfig PYTHONPATH=/home/kadi/UR5e_ros2/ros2_real/install/controller_manager/lib/python3.10/site-packages:/home/kadi/UR5e_ros2/ros2_real/install/ur_msgs/lib/python3.10/site-packages:/home/kadi/UR5e_ros2/ros2_real/install/ur_dashboard_msgs/lib/python3.10/site-packages:/home/kadi/UR5e_ros2/ros2_real/install/ros2_controllers_test_nodes/lib/python3.10/site-packages:/home/kadi/UR5e_ros2/ros2_real/install/controller_manager_msgs/lib/python3.10/site-packages:/home/kadi/UR5e_ros2/ros2_real/install/control_msgs/lib/python3.10/site-packages:/opt/ros/iron/lib/python3.10/site-packages /usr/bin/cmake --build /home/kadi/UR5e_ros2/ros2_real/build/ur_robot_driver -- -j16 -l16
