[0.040s] Invoking command in '/home/kadi/UR5e_ros2/ros2_real/build/ur_controllers': AMENT_PREFIX_PATH=/home/kadi/UR5e_ros2/ros2_real/install/joint_trajectory_controller:/home/kadi/UR5e_ros2/ros2_real/install/controller_manager:/home/kadi/UR5e_ros2/ros2_real/install/hardware_interface_testing:/home/kadi/UR5e_ros2/ros2_real/install/controller_interface:/home/kadi/UR5e_ros2/ros2_real/install/hardware_interface:/home/kadi/UR5e_ros2/ros2_real/install/ur_dashboard_msgs:/home/kadi/UR5e_ros2/ros2_real/install/ros2_control_test_assets:/home/kadi/UR5e_ros2/ros2_real/install/controller_manager_msgs:/home/kadi/UR5e_ros2/ros2_real/install/control_msgs:${AMENT_PREFIX_PATH} CMAKE_PREFIX_PATH=/home/kadi/UR5e_ros2/ros2_real/install/joint_trajectory_controller:/home/kadi/UR5e_ros2/ros2_real/install/controller_manager:/home/kadi/UR5e_ros2/ros2_real/install/hardware_interface_testing:/home/kadi/UR5e_ros2/ros2_real/install/controller_interface:/home/kadi/UR5e_ros2/ros2_real/install/hardware_interface:/home/kadi/UR5e_ros2/ros2_real/install/ur_msgs:/home/kadi/UR5e_ros2/ros2_real/install/ur_dashboard_msgs:/home/kadi/UR5e_ros2/ros2_real/install/ros2_control_test_assets:/home/kadi/UR5e_ros2/ros2_real/install/controller_manager_msgs:/home/kadi/UR5e_ros2/ros2_real/install/control_msgs:/home/kadi/UR5e_ros2/ros2_real/install/ur_description:/opt/ros/iron LD_LIBRARY_PATH=/home/kadi/UR5e_ros2/ros2_real/install/joint_trajectory_controller/lib:/home/kadi/UR5e_ros2/ros2_real/install/controller_manager/lib:/home/kadi/UR5e_ros2/ros2_real/install/hardware_interface_testing/lib:/home/kadi/UR5e_ros2/ros2_real/install/controller_interface/lib:/home/kadi/UR5e_ros2/ros2_real/install/hardware_interface/lib:/home/kadi/UR5e_ros2/ros2_real/install/ur_msgs/lib:/home/kadi/UR5e_ros2/ros2_real/install/ur_dashboard_msgs/lib:/home/kadi/UR5e_ros2/ros2_real/install/ros2_control_test_assets/lib:/home/kadi/UR5e_ros2/ros2_real/install/controller_manager_msgs/lib:/home/kadi/UR5e_ros2/ros2_real/install/control_msgs/lib:/home/kadi/mujoco-3.0.0/lib:/home/kadi/mujoco-3.0.0/lib:/home/kadi/mujoco-3.0.0/lib:/home/kadi/mujoco-3.0.0/lib:/home/kadi/mujoco-3.0.0/lib:/usr/lib/x86_64-linux-gnu/gazebo-11/plugins:/opt/ros/iron/opt/rviz_ogre_vendor/lib:/opt/ros/iron/lib/x86_64-linux-gnu:/opt/ros/iron/lib PYTHONPATH=/home/kadi/UR5e_ros2/ros2_real/install/controller_manager/lib/python3.10/site-packages:/home/kadi/UR5e_ros2/ros2_real/install/ur_msgs/lib/python3.10/site-packages:/home/kadi/UR5e_ros2/ros2_real/install/ur_dashboard_msgs/lib/python3.10/site-packages:/home/kadi/UR5e_ros2/ros2_real/install/controller_manager_msgs/lib/python3.10/site-packages:/home/kadi/UR5e_ros2/ros2_real/install/control_msgs/lib/python3.10/site-packages:/opt/ros/iron/lib/python3.10/site-packages /usr/bin/cmake /home/kadi/UR5e_ros2/ros2_real/src/Universal_Robots_ROS2_Driver/ur_controllers -DCMAKE_INSTALL_PREFIX=/home/kadi/UR5e_ros2/ros2_real/install/ur_controllers
[0.051s] -- Found ament_cmake: 2.0.7 (/opt/ros/iron/share/ament_cmake/cmake)
[0.152s] -- Found angles: 1.16.0 (/opt/ros/iron/share/angles/cmake)
[0.153s] -- Found controller_interface: 3.28.1 (/home/kadi/UR5e_ros2/ros2_real/install/controller_interface/share/controller_interface/cmake)
[0.172s] -- Found rosidl_generator_c: 4.0.1 (/opt/ros/iron/share/rosidl_generator_c/cmake)
[0.177s] -- Found rosidl_generator_cpp: 4.0.1 (/opt/ros/iron/share/rosidl_generator_cpp/cmake)
[0.185s] -- Using all available rosidl_typesupport_c: rosidl_typesupport_fastrtps_c;rosidl_typesupport_introspection_c
[0.195s] -- Using all available rosidl_typesupport_cpp: rosidl_typesupport_fastrtps_cpp;rosidl_typesupport_introspection_cpp
[0.702s] -- Found rmw_implementation_cmake: 7.1.0 (/opt/ros/iron/share/rmw_implementation_cmake/cmake)
[0.703s] -- Found rmw_fastrtps_cpp: 7.1.4 (/opt/ros/iron/share/rmw_fastrtps_cpp/cmake)
[0.723s] -- Found TinyXML2 via Config file: TinyXML2_DIR-NOTFOUND
[0.732s] -- Found TinyXML2 via Config file: TinyXML2_DIR-NOTFOUND
[0.747s] -- Found TinyXML2 via Config file: TinyXML2_DIR-NOTFOUND
[0.754s] -- Found TinyXML2 via Config file: TinyXML2_DIR-NOTFOUND
[0.762s] -- Using RMW implementation 'rmw_fastrtps_cpp' as default
[0.911s] -- Found joint_trajectory_controller: 3.26.3 (/home/kadi/UR5e_ros2/ros2_real/install/joint_trajectory_controller/share/joint_trajectory_controller/cmake)
[0.974s] -- Found parameter_traits: 0.3.9 (/opt/ros/iron/share/parameter_traits/cmake)
[1.043s] -- Found std_srvs: 5.0.1 (/opt/ros/iron/share/std_srvs/cmake)
[1.071s] -- Found ur_dashboard_msgs: 2.3.10 (/home/kadi/UR5e_ros2/ros2_real/install/ur_dashboard_msgs/share/ur_dashboard_msgs/cmake)
[1.174s] -- Found ur_msgs: 2.0.1 (/home/kadi/UR5e_ros2/ros2_real/install/ur_msgs/share/ur_msgs/cmake)
[1.238s] -- Found tf2_ros: 0.31.8 (/opt/ros/iron/share/tf2_ros/cmake)
[1.467s] -- Configuring done
[1.483s] -- Generating done
[1.488s] -- Build files have been written to: /home/kadi/UR5e_ros2/ros2_real/build/ur_controllers
[1.497s] Invoked command in '/home/kadi/UR5e_ros2/ros2_real/build/ur_controllers' returned '0': AMENT_PREFIX_PATH=/home/kadi/UR5e_ros2/ros2_real/install/joint_trajectory_controller:/home/kadi/UR5e_ros2/ros2_real/install/controller_manager:/home/kadi/UR5e_ros2/ros2_real/install/hardware_interface_testing:/home/kadi/UR5e_ros2/ros2_real/install/controller_interface:/home/kadi/UR5e_ros2/ros2_real/install/hardware_interface:/home/kadi/UR5e_ros2/ros2_real/install/ur_dashboard_msgs:/home/kadi/UR5e_ros2/ros2_real/install/ros2_control_test_assets:/home/kadi/UR5e_ros2/ros2_real/install/controller_manager_msgs:/home/kadi/UR5e_ros2/ros2_real/install/control_msgs:${AMENT_PREFIX_PATH} CMAKE_PREFIX_PATH=/home/kadi/UR5e_ros2/ros2_real/install/joint_trajectory_controller:/home/kadi/UR5e_ros2/ros2_real/install/controller_manager:/home/kadi/UR5e_ros2/ros2_real/install/hardware_interface_testing:/home/kadi/UR5e_ros2/ros2_real/install/controller_interface:/home/kadi/UR5e_ros2/ros2_real/install/hardware_interface:/home/kadi/UR5e_ros2/ros2_real/install/ur_msgs:/home/kadi/UR5e_ros2/ros2_real/install/ur_dashboard_msgs:/home/kadi/UR5e_ros2/ros2_real/install/ros2_control_test_assets:/home/kadi/UR5e_ros2/ros2_real/install/controller_manager_msgs:/home/kadi/UR5e_ros2/ros2_real/install/control_msgs:/home/kadi/UR5e_ros2/ros2_real/install/ur_description:/opt/ros/iron LD_LIBRARY_PATH=/home/kadi/UR5e_ros2/ros2_real/install/joint_trajectory_controller/lib:/home/kadi/UR5e_ros2/ros2_real/install/controller_manager/lib:/home/kadi/UR5e_ros2/ros2_real/install/hardware_interface_testing/lib:/home/kadi/UR5e_ros2/ros2_real/install/controller_interface/lib:/home/kadi/UR5e_ros2/ros2_real/install/hardware_interface/lib:/home/kadi/UR5e_ros2/ros2_real/install/ur_msgs/lib:/home/kadi/UR5e_ros2/ros2_real/install/ur_dashboard_msgs/lib:/home/kadi/UR5e_ros2/ros2_real/install/ros2_control_test_assets/lib:/home/kadi/UR5e_ros2/ros2_real/install/controller_manager_msgs/lib:/home/kadi/UR5e_ros2/ros2_real/install/control_msgs/lib:/home/kadi/mujoco-3.0.0/lib:/home/kadi/mujoco-3.0.0/lib:/home/kadi/mujoco-3.0.0/lib:/home/kadi/mujoco-3.0.0/lib:/home/kadi/mujoco-3.0.0/lib:/usr/lib/x86_64-linux-gnu/gazebo-11/plugins:/opt/ros/iron/opt/rviz_ogre_vendor/lib:/opt/ros/iron/lib/x86_64-linux-gnu:/opt/ros/iron/lib PYTHONPATH=/home/kadi/UR5e_ros2/ros2_real/install/controller_manager/lib/python3.10/site-packages:/home/kadi/UR5e_ros2/ros2_real/install/ur_msgs/lib/python3.10/site-packages:/home/kadi/UR5e_ros2/ros2_real/install/ur_dashboard_msgs/lib/python3.10/site-packages:/home/kadi/UR5e_ros2/ros2_real/install/controller_manager_msgs/lib/python3.10/site-packages:/home/kadi/UR5e_ros2/ros2_real/install/control_msgs/lib/python3.10/site-packages:/opt/ros/iron/lib/python3.10/site-packages /usr/bin/cmake /home/kadi/UR5e_ros2/ros2_real/src/Universal_Robots_ROS2_Driver/ur_controllers -DCMAKE_INSTALL_PREFIX=/home/kadi/UR5e_ros2/ros2_real/install/ur_controllers
[1.499s] Invoking command in '/home/kadi/UR5e_ros2/ros2_real/build/ur_controllers': AMENT_PREFIX_PATH=/home/kadi/UR5e_ros2/ros2_real/install/joint_trajectory_controller:/home/kadi/UR5e_ros2/ros2_real/install/controller_manager:/home/kadi/UR5e_ros2/ros2_real/install/hardware_interface_testing:/home/kadi/UR5e_ros2/ros2_real/install/controller_interface:/home/kadi/UR5e_ros2/ros2_real/install/hardware_interface:/home/kadi/UR5e_ros2/ros2_real/install/ur_dashboard_msgs:/home/kadi/UR5e_ros2/ros2_real/install/ros2_control_test_assets:/home/kadi/UR5e_ros2/ros2_real/install/controller_manager_msgs:/home/kadi/UR5e_ros2/ros2_real/install/control_msgs:${AMENT_PREFIX_PATH} CMAKE_PREFIX_PATH=/home/kadi/UR5e_ros2/ros2_real/install/joint_trajectory_controller:/home/kadi/UR5e_ros2/ros2_real/install/controller_manager:/home/kadi/UR5e_ros2/ros2_real/install/hardware_interface_testing:/home/kadi/UR5e_ros2/ros2_real/install/controller_interface:/home/kadi/UR5e_ros2/ros2_real/install/hardware_interface:/home/kadi/UR5e_ros2/ros2_real/install/ur_msgs:/home/kadi/UR5e_ros2/ros2_real/install/ur_dashboard_msgs:/home/kadi/UR5e_ros2/ros2_real/install/ros2_control_test_assets:/home/kadi/UR5e_ros2/ros2_real/install/controller_manager_msgs:/home/kadi/UR5e_ros2/ros2_real/install/control_msgs:/home/kadi/UR5e_ros2/ros2_real/install/ur_description:/opt/ros/iron LD_LIBRARY_PATH=/home/kadi/UR5e_ros2/ros2_real/install/joint_trajectory_controller/lib:/home/kadi/UR5e_ros2/ros2_real/install/controller_manager/lib:/home/kadi/UR5e_ros2/ros2_real/install/hardware_interface_testing/lib:/home/kadi/UR5e_ros2/ros2_real/install/controller_interface/lib:/home/kadi/UR5e_ros2/ros2_real/install/hardware_interface/lib:/home/kadi/UR5e_ros2/ros2_real/install/ur_msgs/lib:/home/kadi/UR5e_ros2/ros2_real/install/ur_dashboard_msgs/lib:/home/kadi/UR5e_ros2/ros2_real/install/ros2_control_test_assets/lib:/home/kadi/UR5e_ros2/ros2_real/install/controller_manager_msgs/lib:/home/kadi/UR5e_ros2/ros2_real/install/control_msgs/lib:/home/kadi/mujoco-3.0.0/lib:/home/kadi/mujoco-3.0.0/lib:/home/kadi/mujoco-3.0.0/lib:/home/kadi/mujoco-3.0.0/lib:/home/kadi/mujoco-3.0.0/lib:/usr/lib/x86_64-linux-gnu/gazebo-11/plugins:/opt/ros/iron/opt/rviz_ogre_vendor/lib:/opt/ros/iron/lib/x86_64-linux-gnu:/opt/ros/iron/lib PYTHONPATH=/home/kadi/UR5e_ros2/ros2_real/install/controller_manager/lib/python3.10/site-packages:/home/kadi/UR5e_ros2/ros2_real/install/ur_msgs/lib/python3.10/site-packages:/home/kadi/UR5e_ros2/ros2_real/install/ur_dashboard_msgs/lib/python3.10/site-packages:/home/kadi/UR5e_ros2/ros2_real/install/controller_manager_msgs/lib/python3.10/site-packages:/home/kadi/UR5e_ros2/ros2_real/install/control_msgs/lib/python3.10/site-packages:/opt/ros/iron/lib/python3.10/site-packages /usr/bin/cmake --build /home/kadi/UR5e_ros2/ros2_real/build/ur_controllers -- -j16 -l16
[1.551s] [ 40%] Built target speed_scaling_state_broadcaster_parameters
[1.551s] [ 40%] Built target scaled_joint_trajectory_controller_parameters
[1.551s] [ 40%] Built target ur_configuration_controller_parameters
[1.551s] [ 40%] Built target gpio_controller_parameters
[1.565s] [35m[1mConsolidate compiler generated dependencies of target ur_controllers[0m
[1.589s] [ 50%] [32mBuilding CXX object CMakeFiles/ur_controllers.dir/src/freedrive_mode_controller.cpp.o[0m
[3.627s] In file included from [01m[K/home/kadi/UR5e_ros2/ros2_real/src/Universal_Robots_ROS2_Driver/ur_controllers/src/freedrive_mode_controller.cpp:40[m[K:
[3.627s] [01m[K/home/kadi/UR5e_ros2/ros2_real/src/Universal_Robots_ROS2_Driver/ur_controllers/include/ur_controllers/freedrive_mode_controller.hpp:84:29:[m[K [01;31m[Kerror: [m[Kâ€˜[01m[Kcontrol_msgs[m[Kâ€™ does not name a type
[3.627s]    84 |   using FollowJTrajAction = [01;31m[Kcontrol_msgs[m[K::action::FollowJointTrajectory;
[3.627s]       |                             [01;31m[K^~~~~~~~~~~~[m[K
[3.629s] [01m[K/home/kadi/UR5e_ros2/ros2_real/src/Universal_Robots_ROS2_Driver/ur_controllers/include/ur_controllers/freedrive_mode_controller.hpp:85:30:[m[K [01;31m[Kerror: [m[Kâ€˜[01m[Krealtime_tools[m[Kâ€™ does not name a type
[3.629s]    85 |   using RealtimeGoalHandle = [01;31m[Krealtime_tools[m[K::RealtimeServerGoalHandle<FollowJTrajAction>;
[3.629s]       |                              [01;31m[K^~~~~~~~~~~~~~[m[K
[3.635s] [01m[K/home/kadi/UR5e_ros2/ros2_real/src/Universal_Robots_ROS2_Driver/ur_controllers/include/ur_controllers/freedrive_mode_controller.hpp:86:49:[m[K [01;31m[Kerror: [m[Kâ€˜[01m[KRealtimeGoalHandle[m[Kâ€™ was not declared in this scope
[3.635s]    86 |   using RealtimeGoalHandlePtr = std::shared_ptr<[01;31m[KRealtimeGoalHandle[m[K>;
[3.636s]       |                                                 [01;31m[K^~~~~~~~~~~~~~~~~~[m[K
[3.636s] [01m[K/home/kadi/UR5e_ros2/ros2_real/src/Universal_Robots_ROS2_Driver/ur_controllers/include/ur_controllers/freedrive_mode_controller.hpp:86:67:[m[K [01;31m[Kerror: [m[Ktemplate argument 1 is invalid
[3.636s]    86 |   using RealtimeGoalHandlePtr = std::shared_ptr<RealtimeGoalHandle[01;31m[K>[m[K;
[3.636s]       |                                                                   [01;31m[K^[m[K
[3.637s] [01m[K/home/kadi/UR5e_ros2/ros2_real/src/Universal_Robots_ROS2_Driver/ur_controllers/include/ur_controllers/freedrive_mode_controller.hpp:87:36:[m[K [01;31m[Kerror: [m[Kâ€˜[01m[Krealtime_tools[m[Kâ€™ does not name a type
[3.637s]    87 |   using RealtimeGoalHandleBuffer = [01;31m[Krealtime_tools[m[K::RealtimeBuffer<RealtimeGoalHandlePtr>;
[3.637s]       |                                    [01;31m[K^~~~~~~~~~~~~~[m[K
[3.642s] [01m[K/home/kadi/UR5e_ros2/ros2_real/src/Universal_Robots_ROS2_Driver/ur_controllers/include/ur_controllers/freedrive_mode_controller.hpp:89:3:[m[K [01;31m[Kerror: [m[Kâ€˜[01m[KRealtimeGoalHandleBuffer[m[Kâ€™ does not name a type
[3.642s]    89 |   [01;31m[KRealtimeGoalHandleBuffer[m[K rt_active_goal_;         ///< Currently active action goal, if any.
[3.642s]       |   [01;31m[K^~~~~~~~~~~~~~~~~~~~~~~~[m[K
[3.644s] [01m[K/home/kadi/UR5e_ros2/ros2_real/src/Universal_Robots_ROS2_Driver/ur_controllers/include/ur_controllers/freedrive_mode_controller.hpp:91:3:[m[K [01;31m[Kerror: [m[Kâ€˜[01m[Krealtime_tools[m[Kâ€™ does not name a type
[3.644s]    91 |   [01;31m[Krealtime_tools[m[K::RealtimeBuffer<std::unordered_map<std::string, size_t>> joint_trajectory_mapping_;
[3.644s]       |   [01;31m[K^~~~~~~~~~~~~~[m[K
[3.649s] [01m[K/home/kadi/UR5e_ros2/ros2_real/src/Universal_Robots_ROS2_Driver/ur_controllers/include/ur_controllers/freedrive_mode_controller.hpp:98:19:[m[K [01;31m[Kerror: [m[Kâ€˜[01m[Kfreedrive_mode_controller[m[Kâ€™ was not declared in this scope; did you mean â€˜[01m[KFreedriveModeController[m[Kâ€™?
[3.649s]    98 |   std::shared_ptr<[01;31m[Kfreedrive_mode_controller[m[K::ParamListener> param_listener_;
[3.649s]       |                   [01;31m[K^~~~~~~~~~~~~~~~~~~~~~~~~[m[K
[3.649s]       |                   [32m[KFreedriveModeController[m[K
[3.650s] [01m[K/home/kadi/UR5e_ros2/ros2_real/src/Universal_Robots_ROS2_Driver/ur_controllers/include/ur_controllers/freedrive_mode_controller.hpp:98:59:[m[K [01;31m[Kerror: [m[Ktemplate argument 1 is invalid
[3.650s]    98 |   std::shared_ptr<freedrive_mode_controller::ParamListener[01;31m[K>[m[K param_listener_;
[3.650s]       |                                                           [01;31m[K^[m[K
[3.651s] [01m[K/home/kadi/UR5e_ros2/ros2_real/src/Universal_Robots_ROS2_Driver/ur_controllers/include/ur_controllers/freedrive_mode_controller.hpp:99:3:[m[K [01;31m[Kerror: [m[Kâ€˜[01m[Kfreedrive_mode_controller[m[Kâ€™ does not name a type; did you mean â€˜[01m[KFreedriveModeController[m[Kâ€™?
[3.651s]    99 |   [01;31m[Kfreedrive_mode_controller[m[K::Params params_;
[3.651s]       |   [01;31m[K^~~~~~~~~~~~~~~~~~~~~~~~~[m[K
[3.651s]       |   [32m[KFreedriveModeController[m[K
[3.651s] [01m[K/home/kadi/UR5e_ros2/ros2_real/src/Universal_Robots_ROS2_Driver/ur_controllers/include/ur_controllers/freedrive_mode_controller.hpp:108:61:[m[K [01;31m[Kerror: [m[Ktemplate argument 1 is invalid
[3.651s]   108 |   std::shared_ptr<rclcpp::Subscription<std_msgs::msg::Bool> [01;31m[Kfreedrive_mode_sub_[m[K;
[3.651s]       |                                                             [01;31m[K^~~~~~~~~~~~~~~~~~~[m[K
[3.651s] [01m[K/home/kadi/UR5e_ros2/ros2_real/src/Universal_Robots_ROS2_Driver/ur_controllers/include/ur_controllers/freedrive_mode_controller.hpp:93:62:[m[K [01;31m[Kerror: [m[Kunable to find numeric literal operator â€˜[01m[Koperator""ms[m[Kâ€™
[3.651s]    93 |   rclcpp::Duration action_monitor_period_ = rclcpp::Duration([01;31m[K50ms[m[K);
[3.651s]       |                                                              [01;31m[K^~~~[m[K
[3.656s] [01m[K/home/kadi/UR5e_ros2/ros2_real/src/Universal_Robots_ROS2_Driver/ur_controllers/src/freedrive_mode_controller.cpp:[m[K In member function â€˜[01m[Kvirtual controller_interface::CallbackReturn ur_controllers::FreedriveModeController::on_init()[m[Kâ€™:
[3.656s] [01m[K/home/kadi/UR5e_ros2/ros2_real/src/Universal_Robots_ROS2_Driver/ur_controllers/src/freedrive_mode_controller.cpp:48:40:[m[K [01;31m[Kerror: [m[Kâ€˜[01m[Kfreedrive_mode_controller[m[Kâ€™ was not declared in this scope; did you mean â€˜[01m[KFreedriveModeController[m[Kâ€™?
[3.656s]    48 |     param_listener_ = std::make_shared<[01;31m[Kfreedrive_mode_controller[m[K::ParamListener>(get_node());
[3.656s]       |                                        [01;31m[K^~~~~~~~~~~~~~~~~~~~~~~~~[m[K
[3.656s]       |                                        [32m[KFreedriveModeController[m[K
[3.656s] [01m[K/home/kadi/UR5e_ros2/ros2_real/src/Universal_Robots_ROS2_Driver/ur_controllers/src/freedrive_mode_controller.cpp:48:28:[m[K [01;31m[Kerror: [m[Kparse error in template argument list
[3.656s]    48 |     param_listener_ = std::[01;31m[Kmake_shared<freedrive_mode_controller::ParamListener>[m[K(get_node());
[3.657s]       |                            [01;31m[K^~~~~~~~~~~~~~~~~~~~~~~~~~~~~~~~~~~~~~~~~~~~~~~~~~~~~[m[K
[3.657s] [01m[K/home/kadi/UR5e_ros2/ros2_real/src/Universal_Robots_ROS2_Driver/ur_controllers/src/freedrive_mode_controller.cpp:48:81:[m[K [01;31m[Kerror: [m[Kno matching function for call to â€˜[01m[Kmake_shared<<expression error> >(std::shared_ptr<rclcpp_lifecycle::LifecycleNode>)[m[Kâ€™
[3.657s]    48 |     param_listener_ = [01;31m[Kstd::make_shared<freedrive_mode_controller::ParamListener>(get_node())[m[K;
[3.657s]       |                       [01;31m[K~~~~~~~~~~~~~~~~~~~~~~~~~~~~~~~~~~~~~~~~~~~~~~~~~~~~~~~~~~^~~~~~~~~~~~[m[K
[3.657s] In file included from [01m[K/usr/include/c++/11/memory:77[m[K,
[3.657s]                  from [01m[K/opt/ros/iron/include/rclcpp/rclcpp/logger.hpp:18[m[K,
[3.657s]                  from [01m[K/opt/ros/iron/include/rclcpp/rclcpp/logging.hpp:23[m[K,
[3.657s]                  from [01m[K/home/kadi/UR5e_ros2/ros2_real/src/Universal_Robots_ROS2_Driver/ur_controllers/src/freedrive_mode_controller.cpp:38[m[K:
[3.657s] [01m[K/usr/include/c++/11/bits/shared_ptr.h:875:5:[m[K [01;36m[Knote: [m[Kcandidate: â€˜[01m[Ktemplate<class _Tp, class ... _Args> std::shared_ptr<_Tp> std::make_shared(_Args&& ...)[m[Kâ€™
[3.657s]   875 |     [01;36m[Kmake_shared[m[K(_Args&&... __args)
[3.657s]       |     [01;36m[K^~~~~~~~~~~[m[K
[3.657s] [01m[K/usr/include/c++/11/bits/shared_ptr.h:875:5:[m[K [01;36m[Knote: [m[K  template argument deduction/substitution failed:
[3.657s] [01m[K/home/kadi/UR5e_ros2/ros2_real/src/Universal_Robots_ROS2_Driver/ur_controllers/src/freedrive_mode_controller.cpp:48:81:[m[K [01;31m[Kerror: [m[Ktemplate argument 1 is invalid
[3.657s]    48 |     param_listener_ = [01;31m[Kstd::make_shared<freedrive_mode_controller::ParamListener>(get_node())[m[K;
[3.657s]       |                       [01;31m[K~~~~~~~~~~~~~~~~~~~~~~~~~~~~~~~~~~~~~~~~~~~~~~~~~~~~~~~~~~^~~~~~~~~~~~[m[K
[3.660s] [01m[K/home/kadi/UR5e_ros2/ros2_real/src/Universal_Robots_ROS2_Driver/ur_controllers/src/freedrive_mode_controller.cpp:49:5:[m[K [01;31m[Kerror: [m[Kâ€˜[01m[Kparams_[m[Kâ€™ was not declared in this scope
[3.660s]    49 |     [01;31m[Kparams_[m[K = param_listener_->get_params();
[3.660s]       |     [01;31m[K^~~~~~~[m[K
[3.660s] [01m[K/home/kadi/UR5e_ros2/ros2_real/src/Universal_Robots_ROS2_Driver/ur_controllers/src/freedrive_mode_controller.cpp:49:30:[m[K [01;31m[Kerror: [m[Kbase operand of â€˜[01m[K->[m[Kâ€™ is not a pointer
[3.660s]    49 |     params_ = param_listener_[01;31m[K->[m[Kget_params();
[3.661s]       |                              [01;31m[K^~[m[K
[3.664s] [01m[K/home/kadi/UR5e_ros2/ros2_real/src/Universal_Robots_ROS2_Driver/ur_controllers/src/freedrive_mode_controller.cpp:[m[K In member function â€˜[01m[Kvirtual controller_interface::InterfaceConfiguration ur_controllers::FreedriveModeController::command_interface_configuration() const[m[Kâ€™:
[3.664s] [01m[K/home/kadi/UR5e_ros2/ros2_real/src/Universal_Robots_ROS2_Driver/ur_controllers/src/freedrive_mode_controller.cpp:62:33:[m[K [01;31m[Kerror: [m[Kâ€˜[01m[Kparams_[m[Kâ€™ was not declared in this scope
[3.664s]    62 |   const std::string tf_prefix = [01;31m[Kparams_[m[K.tf_prefix;
[3.664s]       |                                 [01;31m[K^~~~~~~[m[K
[3.669s] [01m[K/home/kadi/UR5e_ros2/ros2_real/src/Universal_Robots_ROS2_Driver/ur_controllers/src/freedrive_mode_controller.cpp:[m[K In member function â€˜[01m[Kvirtual controller_interface::InterfaceConfiguration ur_controllers::FreedriveModeController::state_interface_configuration() const[m[Kâ€™:
[3.669s] [01m[K/home/kadi/UR5e_ros2/ros2_real/src/Universal_Robots_ROS2_Driver/ur_controllers/src/freedrive_mode_controller.cpp:77:33:[m[K [01;31m[Kerror: [m[Kâ€˜[01m[Kparams_[m[Kâ€™ was not declared in this scope
[3.669s]    77 |   const std::string tf_prefix = [01;31m[Kparams_[m[K.tf_prefix;
[3.669s]       |                                 [01;31m[K^~~~~~~[m[K
[3.676s] [01m[K/home/kadi/UR5e_ros2/ros2_real/src/Universal_Robots_ROS2_Driver/ur_controllers/src/freedrive_mode_controller.cpp:[m[K In member function â€˜[01m[Kvirtual controller_interface::return_type ur_controllers::FreedriveModeController::update(const rclcpp::Time&, const rclcpp::Duration&)[m[Kâ€™:
[3.676s] [01m[K/home/kadi/UR5e_ros2/ros2_real/src/Universal_Robots_ROS2_Driver/ur_controllers/src/freedrive_mode_controller.cpp:90:5:[m[K [01;31m[Kerror: [m[Kâ€˜[01m[KenableFreedriveMode[m[Kâ€™ was not declared in this scope
[3.676s]    90 |     [01;31m[KenableFreedriveMode[m[K();
[3.676s]       |     [01;31m[K^~~~~~~~~~~~~~~~~~~[m[K
[3.677s] [01m[K/home/kadi/UR5e_ros2/ros2_real/src/Universal_Robots_ROS2_Driver/ur_controllers/src/freedrive_mode_controller.cpp:[m[K In member function â€˜[01m[Kvirtual controller_interface::CallbackReturn ur_controllers::FreedriveModeController::on_configure(const rclcpp_lifecycle::State&)[m[Kâ€™:
[3.677s] [01m[K/home/kadi/UR5e_ros2/ros2_real/src/Universal_Robots_ROS2_Driver/ur_controllers/src/freedrive_mode_controller.cpp:107:18:[m[K [01;31m[Kerror: [m[Kbase operand of â€˜[01m[K->[m[Kâ€™ is not a pointer
[3.677s]   107 |   param_listener_[01;31m[K->[m[Krefresh_dynamic_parameters();
[3.677s]       |                  [01;31m[K^~[m[K
[3.680s] [01m[K/home/kadi/UR5e_ros2/ros2_real/src/Universal_Robots_ROS2_Driver/ur_controllers/src/freedrive_mode_controller.cpp:110:3:[m[K [01;31m[Kerror: [m[Kâ€˜[01m[Kparams_[m[Kâ€™ was not declared in this scope
[3.680s]   110 |   [01;31m[Kparams_[m[K = param_listener_->get_params();
[3.680s]       |   [01;31m[K^~~~~~~[m[K
[3.680s] [01m[K/home/kadi/UR5e_ros2/ros2_real/src/Universal_Robots_ROS2_Driver/ur_controllers/src/freedrive_mode_controller.cpp:110:28:[m[K [01;31m[Kerror: [m[Kbase operand of â€˜[01m[K->[m[Kâ€™ is not a pointer
[3.680s]   110 |   params_ = param_listener_[01;31m[K->[m[Kget_params();
[3.681s]       |                            [01;31m[K^~[m[K
[3.689s] [01m[K/home/kadi/UR5e_ros2/ros2_real/src/Universal_Robots_ROS2_Driver/ur_controllers/src/freedrive_mode_controller.cpp:[m[K In member function â€˜[01m[Kvirtual controller_interface::CallbackReturn ur_controllers::FreedriveModeController::on_activate(const rclcpp_lifecycle::State&)[m[Kâ€™:
[3.689s] [01m[K/home/kadi/UR5e_ros2/ros2_real/src/Universal_Robots_ROS2_Driver/ur_controllers/src/freedrive_mode_controller.cpp:125:5:[m[K [01;31m[Kerror: [m[Kâ€˜[01m[Kenable_freedrive_mode_sub_[m[Kâ€™ was not declared in this scope
[3.689s]   125 |     [01;31m[Kenable_freedrive_mode_sub_[m[K = get_node()->create_subscription<std_msgs::msg::Bool>(
[3.690s]       |     [01;31m[K^~~~~~~~~~~~~~~~~~~~~~~~~~[m[K
[3.690s] [01m[K/home/kadi/UR5e_ros2/ros2_real/src/Universal_Robots_ROS2_Driver/ur_controllers/src/freedrive_mode_controller.cpp:127:45:[m[K [01;31m[Kerror: [m[Kâ€˜[01m[KreadFreedriveModeCmd[m[Kâ€™ is not a member of â€˜[01m[Kur_controllers::FreedriveModeController[m[Kâ€™
[3.690s]   127 |         std::bind(&FreedriveModeController::[01;31m[KreadFreedriveModeCmd[m[K, this, std::placeholders::_1));
[3.690s]       |                                             [01;31m[K^~~~~~~~~~~~~~~~~~~~[m[K
[3.696s] [01m[K/home/kadi/UR5e_ros2/ros2_real/src/Universal_Robots_ROS2_Driver/ur_controllers/src/freedrive_mode_controller.cpp:[m[K In member function â€˜[01m[Kvirtual controller_interface::CallbackReturn ur_controllers::FreedriveModeController::on_deactivate(const rclcpp_lifecycle::State&)[m[Kâ€™:
[3.697s] [01m[K/home/kadi/UR5e_ros2/ros2_real/src/Universal_Robots_ROS2_Driver/ur_controllers/src/freedrive_mode_controller.cpp:138:3:[m[K [01;31m[Kerror: [m[Kâ€˜[01m[KdisableFreedriveMode[m[Kâ€™ was not declared in this scope
[3.697s]   138 |   [01;31m[KdisableFreedriveMode[m[K();
[3.697s]       |   [01;31m[K^~~~~~~~~~~~~~~~~~~~[m[K
[3.704s] [01m[K/home/kadi/UR5e_ros2/ros2_real/src/Universal_Robots_ROS2_Driver/ur_controllers/src/freedrive_mode_controller.cpp:140:5:[m[K [01;31m[Kerror: [m[Kâ€˜[01m[Kset_freedrive_mode_srv_[m[Kâ€™ was not declared in this scope
[3.704s]   140 |     [01;31m[Kset_freedrive_mode_srv_[m[K.reset();
[3.704s]       |     [01;31m[K^~~~~~~~~~~~~~~~~~~~~~~[m[K
[3.704s] [01m[K/home/kadi/UR5e_ros2/ros2_real/src/Universal_Robots_ROS2_Driver/ur_controllers/src/freedrive_mode_controller.cpp:[m[K At global scope:
[3.704s] [01m[K/home/kadi/UR5e_ros2/ros2_real/src/Universal_Robots_ROS2_Driver/ur_controllers/src/freedrive_mode_controller.cpp:147:6:[m[K [01;31m[Kerror: [m[Kno declaration matches â€˜[01m[Kvoid ur_controllers::FreedriveModeController::readFreedriveModeCmd(std_msgs::msg::Bool_<std::allocator<void> >::SharedPtr)[m[Kâ€™
[3.704s]   147 | void [01;31m[KFreedriveModeController[m[K::readFreedriveModeCmd(const std_msgs::msg::Bool::SharedPtr msg)
[3.704s]       |      [01;31m[K^~~~~~~~~~~~~~~~~~~~~~~[m[K
[3.704s] [01m[K/home/kadi/UR5e_ros2/ros2_real/src/Universal_Robots_ROS2_Driver/ur_controllers/src/freedrive_mode_controller.cpp:147:6:[m[K [01;36m[Knote: [m[Kno functions named â€˜[01m[Kvoid ur_controllers::FreedriveModeController::readFreedriveModeCmd(std_msgs::msg::Bool_<std::allocator<void> >::SharedPtr)[m[Kâ€™
[3.704s] In file included from [01m[K/home/kadi/UR5e_ros2/ros2_real/src/Universal_Robots_ROS2_Driver/ur_controllers/src/freedrive_mode_controller.cpp:40[m[K:
[3.704s] [01m[K/home/kadi/UR5e_ros2/ros2_real/src/Universal_Robots_ROS2_Driver/ur_controllers/include/ur_controllers/freedrive_mode_controller.hpp:61:7:[m[K [01;36m[Knote: [m[Kâ€˜[01m[Kclass ur_controllers::FreedriveModeController[m[Kâ€™ defined here
[3.704s]    61 | class [01;36m[KFreedriveModeController[m[K : public controller_interface::ControllerInterface
[3.704s]       |       [01;36m[K^~~~~~~~~~~~~~~~~~~~~~~[m[K
[3.705s] [01m[K/home/kadi/UR5e_ros2/ros2_real/src/Universal_Robots_ROS2_Driver/ur_controllers/src/freedrive_mode_controller.cpp:160:6:[m[K [01;31m[Kerror: [m[Kno declaration matches â€˜[01m[Kbool ur_controllers::FreedriveModeController::enableFreedriveMode()[m[Kâ€™
[3.705s]   160 | bool [01;31m[KFreedriveModeController[m[K::enableFreedriveMode()
[3.705s]       |      [01;31m[K^~~~~~~~~~~~~~~~~~~~~~~[m[K
[3.705s] [01m[K/home/kadi/UR5e_ros2/ros2_real/src/Universal_Robots_ROS2_Driver/ur_controllers/src/freedrive_mode_controller.cpp:160:6:[m[K [01;36m[Knote: [m[Kno functions named â€˜[01m[Kbool ur_controllers::FreedriveModeController::enableFreedriveMode()[m[Kâ€™
[3.705s] In file included from [01m[K/home/kadi/UR5e_ros2/ros2_real/src/Universal_Robots_ROS2_Driver/ur_controllers/src/freedrive_mode_controller.cpp:40[m[K:
[3.705s] [01m[K/home/kadi/UR5e_ros2/ros2_real/src/Universal_Robots_ROS2_Driver/ur_controllers/include/ur_controllers/freedrive_mode_controller.hpp:61:7:[m[K [01;36m[Knote: [m[Kâ€˜[01m[Kclass ur_controllers::FreedriveModeController[m[Kâ€™ defined here
[3.705s]    61 | class [01;36m[KFreedriveModeController[m[K : public controller_interface::ControllerInterface
[3.705s]       |       [01;36m[K^~~~~~~~~~~~~~~~~~~~~~~[m[K
[3.705s] [01m[K/home/kadi/UR5e_ros2/ros2_real/src/Universal_Robots_ROS2_Driver/ur_controllers/src/freedrive_mode_controller.cpp:191:6:[m[K [01;31m[Kerror: [m[Kno declaration matches â€˜[01m[Kbool ur_controllers::FreedriveModeController::disableFreedriveMode()[m[Kâ€™
[3.705s]   191 | bool [01;31m[KFreedriveModeController[m[K::disableFreedriveMode()
[3.705s]       |      [01;31m[K^~~~~~~~~~~~~~~~~~~~~~~[m[K
[3.705s] [01m[K/home/kadi/UR5e_ros2/ros2_real/src/Universal_Robots_ROS2_Driver/ur_controllers/src/freedrive_mode_controller.cpp:191:6:[m[K [01;36m[Knote: [m[Kno functions named â€˜[01m[Kbool ur_controllers::FreedriveModeController::disableFreedriveMode()[m[Kâ€™
[3.705s] In file included from [01m[K/home/kadi/UR5e_ros2/ros2_real/src/Universal_Robots_ROS2_Driver/ur_controllers/src/freedrive_mode_controller.cpp:40[m[K:
[3.705s] [01m[K/home/kadi/UR5e_ros2/ros2_real/src/Universal_Robots_ROS2_Driver/ur_controllers/include/ur_controllers/freedrive_mode_controller.hpp:61:7:[m[K [01;36m[Knote: [m[Kâ€˜[01m[Kclass ur_controllers::FreedriveModeController[m[Kâ€™ defined here
[3.705s]    61 | class [01;36m[KFreedriveModeController[m[K : public controller_interface::ControllerInterface
[3.705s]       |       [01;36m[K^~~~~~~~~~~~~~~~~~~~~~~[m[K
[4.040s] [01m[K/home/kadi/UR5e_ros2/ros2_real/src/Universal_Robots_ROS2_Driver/ur_controllers/src/freedrive_mode_controller.cpp:215:13:[m[K [01;31m[Kerror: [m[Kexpected constructor, destructor, or type conversion before â€˜[01m[K([m[Kâ€™ token
[4.041s]   215 | find_package[01;31m[K([m[Kcartesian_controllers REQUIRED)
[4.041s]       |             [01;31m[K^[m[K
[4.506s] gmake[2]: *** [CMakeFiles/ur_controllers.dir/build.make:132: CMakeFiles/ur_controllers.dir/src/freedrive_mode_controller.cpp.o] Error 1
[4.506s] gmake[1]: *** [CMakeFiles/Makefile2:252: CMakeFiles/ur_controllers.dir/all] Error 2
[4.506s] gmake: *** [Makefile:146: all] Error 2
[4.510s] Invoked command in '/home/kadi/UR5e_ros2/ros2_real/build/ur_controllers' returned '2': AMENT_PREFIX_PATH=/home/kadi/UR5e_ros2/ros2_real/install/joint_trajectory_controller:/home/kadi/UR5e_ros2/ros2_real/install/controller_manager:/home/kadi/UR5e_ros2/ros2_real/install/hardware_interface_testing:/home/kadi/UR5e_ros2/ros2_real/install/controller_interface:/home/kadi/UR5e_ros2/ros2_real/install/hardware_interface:/home/kadi/UR5e_ros2/ros2_real/install/ur_dashboard_msgs:/home/kadi/UR5e_ros2/ros2_real/install/ros2_control_test_assets:/home/kadi/UR5e_ros2/ros2_real/install/controller_manager_msgs:/home/kadi/UR5e_ros2/ros2_real/install/control_msgs:${AMENT_PREFIX_PATH} CMAKE_PREFIX_PATH=/home/kadi/UR5e_ros2/ros2_real/install/joint_trajectory_controller:/home/kadi/UR5e_ros2/ros2_real/install/controller_manager:/home/kadi/UR5e_ros2/ros2_real/install/hardware_interface_testing:/home/kadi/UR5e_ros2/ros2_real/install/controller_interface:/home/kadi/UR5e_ros2/ros2_real/install/hardware_interface:/home/kadi/UR5e_ros2/ros2_real/install/ur_msgs:/home/kadi/UR5e_ros2/ros2_real/install/ur_dashboard_msgs:/home/kadi/UR5e_ros2/ros2_real/install/ros2_control_test_assets:/home/kadi/UR5e_ros2/ros2_real/install/controller_manager_msgs:/home/kadi/UR5e_ros2/ros2_real/install/control_msgs:/home/kadi/UR5e_ros2/ros2_real/install/ur_description:/opt/ros/iron LD_LIBRARY_PATH=/home/kadi/UR5e_ros2/ros2_real/install/joint_trajectory_controller/lib:/home/kadi/UR5e_ros2/ros2_real/install/controller_manager/lib:/home/kadi/UR5e_ros2/ros2_real/install/hardware_interface_testing/lib:/home/kadi/UR5e_ros2/ros2_real/install/controller_interface/lib:/home/kadi/UR5e_ros2/ros2_real/install/hardware_interface/lib:/home/kadi/UR5e_ros2/ros2_real/install/ur_msgs/lib:/home/kadi/UR5e_ros2/ros2_real/install/ur_dashboard_msgs/lib:/home/kadi/UR5e_ros2/ros2_real/install/ros2_control_test_assets/lib:/home/kadi/UR5e_ros2/ros2_real/install/controller_manager_msgs/lib:/home/kadi/UR5e_ros2/ros2_real/install/control_msgs/lib:/home/kadi/mujoco-3.0.0/lib:/home/kadi/mujoco-3.0.0/lib:/home/kadi/mujoco-3.0.0/lib:/home/kadi/mujoco-3.0.0/lib:/home/kadi/mujoco-3.0.0/lib:/usr/lib/x86_64-linux-gnu/gazebo-11/plugins:/opt/ros/iron/opt/rviz_ogre_vendor/lib:/opt/ros/iron/lib/x86_64-linux-gnu:/opt/ros/iron/lib PYTHONPATH=/home/kadi/UR5e_ros2/ros2_real/install/controller_manager/lib/python3.10/site-packages:/home/kadi/UR5e_ros2/ros2_real/install/ur_msgs/lib/python3.10/site-packages:/home/kadi/UR5e_ros2/ros2_real/install/ur_dashboard_msgs/lib/python3.10/site-packages:/home/kadi/UR5e_ros2/ros2_real/install/controller_manager_msgs/lib/python3.10/site-packages:/home/kadi/UR5e_ros2/ros2_real/install/control_msgs/lib/python3.10/site-packages:/opt/ros/iron/lib/python3.10/site-packages /usr/bin/cmake --build /home/kadi/UR5e_ros2/ros2_real/build/ur_controllers -- -j16 -l16
