[0.019s] Invoking command in '/home/kadi/UR5e_ros2/ros2_real/build/robotiq_driver': CMAKE_PREFIX_PATH=/home/kadi/UR5e_ros2/ros2_real/install/robotiq_description:/home/kadi/UR5e_ros2/ros2_real/install/serial:/home/kadi/UR5e_ros2/ros2_real/install/cartesian_controller_simulation_ur5e:/home/kadi/UR5e_ros2/ros2_real/install/cartesian_controller_simulation:/home/kadi/UR5e_ros2/ros2_real/install/cartesian_compliance_controller:/home/kadi/UR5e_ros2/ros2_real/install/cartesian_motion_controller:/home/kadi/UR5e_ros2/ros2_real/install/cartesian_force_controller:/home/kadi/UR5e_ros2/ros2_real/install/cartesian_controller_handles:/home/kadi/UR5e_ros2/ros2_real/install/cartesian_controller_base:/home/kadi/UR5e_ros2/ros2_real/install/cartesian_controller_utilities:/home/kadi/UR5e_ros2/ros2_real/install/rqt_joint_trajectory_controller:/home/kadi/UR5e_ros2/ros2_real/install/rqt_controller_manager:/home/kadi/UR5e_ros2/ros2_real/install/ros2controlcli:/home/kadi/UR5e_ros2/ros2_real/install/ros2_controllers_test_nodes:/opt/ros/iron:/home/kadi/UR5e_ros2/ros2_real/install/cartesian_controller_tests:/home/kadi/UR5e_ros2/ros2_real/install/ur:/home/kadi/UR5e_ros2/ros2_real/install/ur_calibration:/home/kadi/UR5e_ros2/ros2_real/install/ur_robot_driver:/home/kadi/UR5e_ros2/ros2_real/install/ros2_controllers:/home/kadi/UR5e_ros2/ros2_real/install/velocity_controllers:/home/kadi/UR5e_ros2/ros2_real/install/ur_controllers:/home/kadi/UR5e_ros2/ros2_real/install/ur_moveit_config:/home/kadi/UR5e_ros2/ros2_real/install/ur_dashboard_msgs:/home/kadi/UR5e_ros2/ros2_real/install/ur_client_library:/home/kadi/UR5e_ros2/ros2_real/install/tricycle_steering_controller:/home/kadi/UR5e_ros2/ros2_real/install/tricycle_controller:/home/kadi/UR5e_ros2/ros2_real/install/ros2_control:/home/kadi/UR5e_ros2/ros2_real/install/transmission_interface:/home/kadi/UR5e_ros2/ros2_real/install/bicycle_steering_controller:/home/kadi/UR5e_ros2/ros2_real/install/ackermann_steering_controller:/home/kadi/UR5e_ros2/ros2_real/install/steering_controllers_library:/home/kadi/UR5e_ros2/ros2_real/install/hardware_interface_testing:/home/kadi/UR5e_ros2/ros2_real/install/controller_manager:/home/kadi/UR5e_ros2/ros2_real/install/ros2_control_test_assets:/home/kadi/UR5e_ros2/ros2_real/install/range_sensor_broadcaster:/home/kadi/UR5e_ros2/ros2_real/install/position_controllers:/home/kadi/UR5e_ros2/ros2_real/install/pid_controller:/home/kadi/UR5e_ros2/ros2_real/install/kinematics_interface_kdl:/home/kadi/UR5e_ros2/ros2_real/install/admittance_controller:/home/kadi/UR5e_ros2/ros2_real/install/kinematics_interface:/home/kadi/UR5e_ros2/ros2_real/install/joint_trajectory_controller:/home/kadi/UR5e_ros2/ros2_real/install/joint_state_broadcaster:/home/kadi/UR5e_ros2/ros2_real/install/joint_limits:/home/kadi/UR5e_ros2/ros2_real/install/imu_sensor_broadcaster:/home/kadi/UR5e_ros2/ros2_real/install/gripper_controllers:/home/kadi/UR5e_ros2/ros2_real/install/effort_controllers:/home/kadi/UR5e_ros2/ros2_real/install/forward_command_controller:/home/kadi/UR5e_ros2/ros2_real/install/force_torque_sensor_broadcaster:/home/kadi/UR5e_ros2/ros2_real/install/diff_drive_controller:/home/kadi/UR5e_ros2/ros2_real/install/controller_interface:/home/kadi/UR5e_ros2/ros2_real/install/hardware_interface:/home/kadi/UR5e_ros2/ros2_real/install/controller_manager_msgs:/home/kadi/UR5e_ros2/ros2_real/install/control_msgs:/home/kadi/UR5e_ros2/ros2_real/install/ur_msgs:/home/kadi/UR5e_ros2/ros2_real/install/ur_description /usr/bin/cmake /home/kadi/UR5e_ros2/ros2_real/src/ros2_robotiq_gripper/robotiq_driver -DCMAKE_INSTALL_PREFIX=/home/kadi/UR5e_ros2/ros2_real/install/robotiq_driver
[0.035s] -- Found ament_cmake: 2.0.7 (/opt/ros/iron/share/ament_cmake/cmake)
[0.152s] -- Found hardware_interface: 3.28.1 (/home/kadi/UR5e_ros2/ros2_real/install/hardware_interface/share/hardware_interface/cmake)
[0.171s] -- Found rosidl_generator_c: 4.0.1 (/opt/ros/iron/share/rosidl_generator_c/cmake)
[0.176s] -- Found rosidl_generator_cpp: 4.0.1 (/opt/ros/iron/share/rosidl_generator_cpp/cmake)
[0.184s] -- Using all available rosidl_typesupport_c: rosidl_typesupport_fastrtps_c;rosidl_typesupport_introspection_c
[0.193s] -- Using all available rosidl_typesupport_cpp: rosidl_typesupport_fastrtps_cpp;rosidl_typesupport_introspection_cpp
[0.701s] -- Found rmw_implementation_cmake: 7.1.0 (/opt/ros/iron/share/rmw_implementation_cmake/cmake)
[0.703s] -- Found rmw_fastrtps_cpp: 7.1.4 (/opt/ros/iron/share/rmw_fastrtps_cpp/cmake)
[0.724s] -- Found TinyXML2 via Config file: TinyXML2_DIR-NOTFOUND
[0.735s] -- Found TinyXML2 via Config file: TinyXML2_DIR-NOTFOUND
[0.753s] -- Found TinyXML2 via Config file: TinyXML2_DIR-NOTFOUND
[0.761s] -- Found TinyXML2 via Config file: TinyXML2_DIR-NOTFOUND
[0.774s] -- Using RMW implementation 'rmw_fastrtps_cpp' as default
[0.910s] -- Found serial: 1.2.1 (/home/kadi/UR5e_ros2/ros2_real/install/serial/share/serial/cmake)
[0.925s] -- Found ament_cmake_gtest: 2.0.7 (/opt/ros/iron/share/ament_cmake_gtest/cmake)
[0.927s] -- Found ament_cmake_gmock: 2.0.7 (/opt/ros/iron/share/ament_cmake_gmock/cmake)
[0.932s] -- Found ament_lint_auto: 0.14.4 (/opt/ros/iron/share/ament_lint_auto/cmake)
[1.029s] -- Found gmock sources under '/opt/ros/iron/src/gmock_vendor': C++ tests using 'Google Mock' will be built
[1.073s] -- The C compiler identification is GNU 11.4.0
[1.081s] -- Detecting C compiler ABI info
[1.168s] -- Detecting C compiler ABI info - done
[1.172s] -- Check for working C compiler: /usr/bin/cc - skipped
[1.173s] -- Detecting C compile features
[1.173s] -- Detecting C compile features - done
[1.176s] -- Found gtest sources under '/opt/ros/iron/src/gtest_vendor': C++ tests using 'Google Test' will be built
[1.223s] -- Configuring done
[1.268s] -- Generating done
[1.281s] -- Build files have been written to: /home/kadi/UR5e_ros2/ros2_real/build/robotiq_driver
[1.292s] Invoked command in '/home/kadi/UR5e_ros2/ros2_real/build/robotiq_driver' returned '0': CMAKE_PREFIX_PATH=/home/kadi/UR5e_ros2/ros2_real/install/robotiq_description:/home/kadi/UR5e_ros2/ros2_real/install/serial:/home/kadi/UR5e_ros2/ros2_real/install/cartesian_controller_simulation_ur5e:/home/kadi/UR5e_ros2/ros2_real/install/cartesian_controller_simulation:/home/kadi/UR5e_ros2/ros2_real/install/cartesian_compliance_controller:/home/kadi/UR5e_ros2/ros2_real/install/cartesian_motion_controller:/home/kadi/UR5e_ros2/ros2_real/install/cartesian_force_controller:/home/kadi/UR5e_ros2/ros2_real/install/cartesian_controller_handles:/home/kadi/UR5e_ros2/ros2_real/install/cartesian_controller_base:/home/kadi/UR5e_ros2/ros2_real/install/cartesian_controller_utilities:/home/kadi/UR5e_ros2/ros2_real/install/rqt_joint_trajectory_controller:/home/kadi/UR5e_ros2/ros2_real/install/rqt_controller_manager:/home/kadi/UR5e_ros2/ros2_real/install/ros2controlcli:/home/kadi/UR5e_ros2/ros2_real/install/ros2_controllers_test_nodes:/opt/ros/iron:/home/kadi/UR5e_ros2/ros2_real/install/cartesian_controller_tests:/home/kadi/UR5e_ros2/ros2_real/install/ur:/home/kadi/UR5e_ros2/ros2_real/install/ur_calibration:/home/kadi/UR5e_ros2/ros2_real/install/ur_robot_driver:/home/kadi/UR5e_ros2/ros2_real/install/ros2_controllers:/home/kadi/UR5e_ros2/ros2_real/install/velocity_controllers:/home/kadi/UR5e_ros2/ros2_real/install/ur_controllers:/home/kadi/UR5e_ros2/ros2_real/install/ur_moveit_config:/home/kadi/UR5e_ros2/ros2_real/install/ur_dashboard_msgs:/home/kadi/UR5e_ros2/ros2_real/install/ur_client_library:/home/kadi/UR5e_ros2/ros2_real/install/tricycle_steering_controller:/home/kadi/UR5e_ros2/ros2_real/install/tricycle_controller:/home/kadi/UR5e_ros2/ros2_real/install/ros2_control:/home/kadi/UR5e_ros2/ros2_real/install/transmission_interface:/home/kadi/UR5e_ros2/ros2_real/install/bicycle_steering_controller:/home/kadi/UR5e_ros2/ros2_real/install/ackermann_steering_controller:/home/kadi/UR5e_ros2/ros2_real/install/steering_controllers_library:/home/kadi/UR5e_ros2/ros2_real/install/hardware_interface_testing:/home/kadi/UR5e_ros2/ros2_real/install/controller_manager:/home/kadi/UR5e_ros2/ros2_real/install/ros2_control_test_assets:/home/kadi/UR5e_ros2/ros2_real/install/range_sensor_broadcaster:/home/kadi/UR5e_ros2/ros2_real/install/position_controllers:/home/kadi/UR5e_ros2/ros2_real/install/pid_controller:/home/kadi/UR5e_ros2/ros2_real/install/kinematics_interface_kdl:/home/kadi/UR5e_ros2/ros2_real/install/admittance_controller:/home/kadi/UR5e_ros2/ros2_real/install/kinematics_interface:/home/kadi/UR5e_ros2/ros2_real/install/joint_trajectory_controller:/home/kadi/UR5e_ros2/ros2_real/install/joint_state_broadcaster:/home/kadi/UR5e_ros2/ros2_real/install/joint_limits:/home/kadi/UR5e_ros2/ros2_real/install/imu_sensor_broadcaster:/home/kadi/UR5e_ros2/ros2_real/install/gripper_controllers:/home/kadi/UR5e_ros2/ros2_real/install/effort_controllers:/home/kadi/UR5e_ros2/ros2_real/install/forward_command_controller:/home/kadi/UR5e_ros2/ros2_real/install/force_torque_sensor_broadcaster:/home/kadi/UR5e_ros2/ros2_real/install/diff_drive_controller:/home/kadi/UR5e_ros2/ros2_real/install/controller_interface:/home/kadi/UR5e_ros2/ros2_real/install/hardware_interface:/home/kadi/UR5e_ros2/ros2_real/install/controller_manager_msgs:/home/kadi/UR5e_ros2/ros2_real/install/control_msgs:/home/kadi/UR5e_ros2/ros2_real/install/ur_msgs:/home/kadi/UR5e_ros2/ros2_real/install/ur_description /usr/bin/cmake /home/kadi/UR5e_ros2/ros2_real/src/ros2_robotiq_gripper/robotiq_driver -DCMAKE_INSTALL_PREFIX=/home/kadi/UR5e_ros2/ros2_real/install/robotiq_driver
[1.293s] Invoking command in '/home/kadi/UR5e_ros2/ros2_real/build/robotiq_driver': CMAKE_PREFIX_PATH=/home/kadi/UR5e_ros2/ros2_real/install/robotiq_description:/home/kadi/UR5e_ros2/ros2_real/install/serial:/home/kadi/UR5e_ros2/ros2_real/install/cartesian_controller_simulation_ur5e:/home/kadi/UR5e_ros2/ros2_real/install/cartesian_controller_simulation:/home/kadi/UR5e_ros2/ros2_real/install/cartesian_compliance_controller:/home/kadi/UR5e_ros2/ros2_real/install/cartesian_motion_controller:/home/kadi/UR5e_ros2/ros2_real/install/cartesian_force_controller:/home/kadi/UR5e_ros2/ros2_real/install/cartesian_controller_handles:/home/kadi/UR5e_ros2/ros2_real/install/cartesian_controller_base:/home/kadi/UR5e_ros2/ros2_real/install/cartesian_controller_utilities:/home/kadi/UR5e_ros2/ros2_real/install/rqt_joint_trajectory_controller:/home/kadi/UR5e_ros2/ros2_real/install/rqt_controller_manager:/home/kadi/UR5e_ros2/ros2_real/install/ros2controlcli:/home/kadi/UR5e_ros2/ros2_real/install/ros2_controllers_test_nodes:/opt/ros/iron:/home/kadi/UR5e_ros2/ros2_real/install/cartesian_controller_tests:/home/kadi/UR5e_ros2/ros2_real/install/ur:/home/kadi/UR5e_ros2/ros2_real/install/ur_calibration:/home/kadi/UR5e_ros2/ros2_real/install/ur_robot_driver:/home/kadi/UR5e_ros2/ros2_real/install/ros2_controllers:/home/kadi/UR5e_ros2/ros2_real/install/velocity_controllers:/home/kadi/UR5e_ros2/ros2_real/install/ur_controllers:/home/kadi/UR5e_ros2/ros2_real/install/ur_moveit_config:/home/kadi/UR5e_ros2/ros2_real/install/ur_dashboard_msgs:/home/kadi/UR5e_ros2/ros2_real/install/ur_client_library:/home/kadi/UR5e_ros2/ros2_real/install/tricycle_steering_controller:/home/kadi/UR5e_ros2/ros2_real/install/tricycle_controller:/home/kadi/UR5e_ros2/ros2_real/install/ros2_control:/home/kadi/UR5e_ros2/ros2_real/install/transmission_interface:/home/kadi/UR5e_ros2/ros2_real/install/bicycle_steering_controller:/home/kadi/UR5e_ros2/ros2_real/install/ackermann_steering_controller:/home/kadi/UR5e_ros2/ros2_real/install/steering_controllers_library:/home/kadi/UR5e_ros2/ros2_real/install/hardware_interface_testing:/home/kadi/UR5e_ros2/ros2_real/install/controller_manager:/home/kadi/UR5e_ros2/ros2_real/install/ros2_control_test_assets:/home/kadi/UR5e_ros2/ros2_real/install/range_sensor_broadcaster:/home/kadi/UR5e_ros2/ros2_real/install/position_controllers:/home/kadi/UR5e_ros2/ros2_real/install/pid_controller:/home/kadi/UR5e_ros2/ros2_real/install/kinematics_interface_kdl:/home/kadi/UR5e_ros2/ros2_real/install/admittance_controller:/home/kadi/UR5e_ros2/ros2_real/install/kinematics_interface:/home/kadi/UR5e_ros2/ros2_real/install/joint_trajectory_controller:/home/kadi/UR5e_ros2/ros2_real/install/joint_state_broadcaster:/home/kadi/UR5e_ros2/ros2_real/install/joint_limits:/home/kadi/UR5e_ros2/ros2_real/install/imu_sensor_broadcaster:/home/kadi/UR5e_ros2/ros2_real/install/gripper_controllers:/home/kadi/UR5e_ros2/ros2_real/install/effort_controllers:/home/kadi/UR5e_ros2/ros2_real/install/forward_command_controller:/home/kadi/UR5e_ros2/ros2_real/install/force_torque_sensor_broadcaster:/home/kadi/UR5e_ros2/ros2_real/install/diff_drive_controller:/home/kadi/UR5e_ros2/ros2_real/install/controller_interface:/home/kadi/UR5e_ros2/ros2_real/install/hardware_interface:/home/kadi/UR5e_ros2/ros2_real/install/controller_manager_msgs:/home/kadi/UR5e_ros2/ros2_real/install/control_msgs:/home/kadi/UR5e_ros2/ros2_real/install/ur_msgs:/home/kadi/UR5e_ros2/ros2_real/install/ur_description /usr/bin/cmake --build /home/kadi/UR5e_ros2/ros2_real/build/robotiq_driver -- -j16 -l16
[1.366s] [ 16%] [32mBuilding CXX object CMakeFiles/robotiq_driver.dir/src/hardware_interface.cpp.o[0m
[1.366s] [ 16%] [32mBuilding CXX object CMakeFiles/robotiq_driver.dir/src/default_driver_factory.cpp.o[0m
[1.366s] [ 16%] [32mBuilding CXX object CMakeFiles/robotiq_driver.dir/src/fake/fake_driver.cpp.o[0m
[1.367s] [ 16%] [32mBuilding CXX object CMakeFiles/robotiq_driver.dir/src/default_driver.cpp.o[0m
[1.367s] [ 20%] [32mBuilding CXX object CMakeFiles/robotiq_driver.dir/src/crc_utils.cpp.o[0m
[1.367s] [ 25%] [32mBuilding CXX object gmock/CMakeFiles/gmock.dir/opt/ros/iron/src/gtest_vendor/src/gtest-all.cc.o[0m
[1.367s] [ 33%] [32mBuilding CXX object CMakeFiles/robotiq_driver.dir/src/data_utils.cpp.o[0m
[1.367s] [ 33%] [32mBuilding CXX object gmock/CMakeFiles/gmock.dir/src/gmock-all.cc.o[0m
[1.367s] [ 37%] [32mBuilding CXX object gmock/CMakeFiles/gmock_main.dir/src/gmock_main.cc.o[0m
[1.368s] [ 41%] [32mBuilding CXX object CMakeFiles/robotiq_driver.dir/src/default_serial.cpp.o[0m
[1.368s] [ 45%] [32mBuilding CXX object CMakeFiles/robotiq_driver.dir/src/default_serial_factory.cpp.o[0m
[2.403s] [ 50%] [32m[1mLinking CXX static library libgmock_main.a[0m
[2.490s] [ 50%] Built target gmock_main
[3.440s] In file included from [01m[K/opt/ros/iron/include/rclcpp/rclcpp/logging.hpp:24[m[K,
[3.440s]                  from [01m[K/opt/ros/iron/include/rclcpp/rclcpp/client.hpp:43[m[K,
[3.440s]                  from [01m[K/opt/ros/iron/include/rclcpp/rclcpp/callback_group.hpp:24[m[K,
[3.440s]                  from [01m[K/opt/ros/iron/include/rclcpp/rclcpp/any_executable.hpp:20[m[K,
[3.440s]                  from [01m[K/opt/ros/iron/include/rclcpp/rclcpp/memory_strategy.hpp:25[m[K,
[3.440s]                  from [01m[K/opt/ros/iron/include/rclcpp/rclcpp/memory_strategies.hpp:18[m[K,
[3.440s]                  from [01m[K/opt/ros/iron/include/rclcpp/rclcpp/executor_options.hpp:20[m[K,
[3.440s]                  from [01m[K/opt/ros/iron/include/rclcpp/rclcpp/executor.hpp:37[m[K,
[3.440s]                  from [01m[K/opt/ros/iron/include/rclcpp/rclcpp/executors/multi_threaded_executor.hpp:25[m[K,
[3.440s]                  from [01m[K/opt/ros/iron/include/rclcpp/rclcpp/executors.hpp:21[m[K,
[3.440s]                  from [01m[K/opt/ros/iron/include/rclcpp/rclcpp/rclcpp.hpp:167[m[K,
[3.440s]                  from [01m[K/home/kadi/UR5e_ros2/ros2_real/src/ros2_robotiq_gripper/robotiq_driver/include/robotiq_driver/hardware_interface.hpp:48[m[K,
[3.441s]                  from [01m[K/home/kadi/UR5e_ros2/ros2_real/src/ros2_robotiq_gripper/robotiq_driver/src/hardware_interface.cpp:36[m[K:
[3.441s] [01m[K/home/kadi/UR5e_ros2/ros2_real/src/ros2_robotiq_gripper/robotiq_driver/src/hardware_interface.cpp:[m[K In member function â€˜[01m[Kvirtual hardware_interface::CallbackReturn robotiq_driver::RobotiqGripperHardwareInterface::on_init(const hardware_interface::HardwareInfo&)[m[Kâ€™:
[3.441s] [01m[K/home/kadi/UR5e_ros2/ros2_real/src/ros2_robotiq_gripper/robotiq_driver/src/hardware_interface.cpp:106:27:[m[K [01;35m[Kwarning: [m[Ktoo many arguments for format [[01;35m[K]8;;https://gcc.gnu.org/onlinedocs/gcc/Warning-Options.html#index-Wformat-extra-args-Wformat-extra-args]8;;[m[K]
[3.441s]   106 |     RCLCPP_FATAL(kLogger, [01;35m[K"Joint '%s' has does not have expected '%s' interface."[m[K, joint.name.c_str(),
[3.441s]       |                           [01;35m[K^~~~~~~~~~~~~~~~~~~~~~~~~~~~~~~~~~~~~~~~~~~~~~~~~~~~~~~[m[K
[3.581s] [ 54%] [32m[1mLinking CXX static library libgmock.a[0m
[3.693s] [ 54%] Built target gmock
[4.739s] [ 58%] [32m[1mLinking CXX shared library librobotiq_driver.so[0m
[4.897s] [ 58%] Built target robotiq_driver
[4.923s] [ 75%] [32mBuilding CXX object tests/CMakeFiles/test_data_utils.dir/test_data_utils.cpp.o[0m
[4.924s] [ 75%] [32mBuilding CXX object tests/CMakeFiles/test_robotiq_gripper_hardware_interface.dir/test_robotiq_gripper_hardware_interface.cpp.o[0m
[4.924s] [ 75%] [32mBuilding CXX object tests/CMakeFiles/test_crc_utils.dir/test_crc_utils.cpp.o[0m
[4.924s] [ 75%] [32mBuilding CXX object tests/CMakeFiles/test_default_serial_factory.dir/test_default_serial_factory.cpp.o[0m
[4.924s] [ 79%] [32mBuilding CXX object tests/CMakeFiles/test_default_driver_factory.dir/test_default_driver_factory.cpp.o[0m
[5.643s] [ 83%] [32m[1mLinking CXX executable test_crc_utils[0m
[5.679s] [ 87%] [32m[1mLinking CXX executable test_data_utils[0m
[5.860s] [ 87%] Built target test_crc_utils
[5.898s] [ 87%] Built target test_data_utils
[6.301s] [01m[K/home/kadi/UR5e_ros2/ros2_real/src/ros2_robotiq_gripper/robotiq_driver/tests/test_robotiq_gripper_hardware_interface.cpp:[m[K In member function â€˜[01m[Kvirtual void robotiq_driver::test::TestRobotiqGripperHardwareInterface_load_urdf_Test::TestBody()[m[Kâ€™:
[6.301s] [01m[K/home/kadi/UR5e_ros2/ros2_real/src/ros2_robotiq_gripper/robotiq_driver/tests/test_robotiq_gripper_hardware_interface.cpp:79:114:[m[K [01;31m[Kerror: [m[Kno matching function for call to â€˜[01m[Khardware_interface::ResourceManager::ResourceManager(std::string&, rclcpp::node_interfaces::NodeClockInterface::SharedPtr, rclcpp::node_interfaces::NodeLoggingInterface::SharedPtr)[m[Kâ€™
[6.301s]    79 |   hardware_interface::ResourceManager rm(urdf, node.get_node_clock_interface(), node.get_node_logging_interface()[01;31m[K)[m[K;
[6.301s]       |                                                                                                                  [01;31m[K^[m[K
[6.301s] In file included from [01m[K/home/kadi/UR5e_ros2/ros2_real/src/ros2_robotiq_gripper/robotiq_driver/tests/test_robotiq_gripper_hardware_interface.cpp:31[m[K:
[6.302s] [01m[K/home/kadi/UR5e_ros2/ros2_real/install/hardware_interface/include/hardware_interface/hardware_interface/resource_manager.hpp:71:12:[m[K [01;36m[Knote: [m[Kcandidate: â€˜[01m[Khardware_interface::ResourceManager::ResourceManager(const string&, bool, bool, unsigned int, rclcpp::node_interfaces::NodeClockInterface::SharedPtr)[m[Kâ€™
[6.302s]    71 |   explicit [01;36m[KResourceManager[m[K(
[6.302s]       |            [01;36m[K^~~~~~~~~~~~~~~[m[K
[6.302s] [01m[K/home/kadi/UR5e_ros2/ros2_real/install/hardware_interface/include/hardware_interface/hardware_interface/resource_manager.hpp:72:36:[m[K [01;36m[Knote: [m[K  no known conversion for argument 2 from â€˜[01m[Krclcpp::node_interfaces::NodeClockInterface::SharedPtr[m[Kâ€™ {aka â€˜[01m[Kstd::shared_ptr<rclcpp::node_interfaces::NodeClockInterface>[m[Kâ€™} to â€˜[01m[Kbool[m[Kâ€™
[6.302s]    72 |     const std::string & urdf, [01;36m[Kbool validate_interfaces = true[m[K, bool activate_all = false,
[6.302s]       |                               [01;36m[K~~~~~^~~~~~~~~~~~~~~~~~~~~~~~~~[m[K
[6.302s] [01m[K/home/kadi/UR5e_ros2/ros2_real/install/hardware_interface/include/hardware_interface/hardware_interface/resource_manager.hpp:52:3:[m[K [01;36m[Knote: [m[Kcandidate: â€˜[01m[Khardware_interface::ResourceManager::ResourceManager(unsigned int, rclcpp::node_interfaces::NodeClockInterface::SharedPtr)[m[Kâ€™
[6.302s]    52 |   [01;36m[KResourceManager[m[K(
[6.302s]       |   [01;36m[K^~~~~~~~~~~~~~~[m[K
[6.302s] [01m[K/home/kadi/UR5e_ros2/ros2_real/install/hardware_interface/include/hardware_interface/hardware_interface/resource_manager.hpp:52:3:[m[K [01;36m[Knote: [m[K  candidate expects 2 arguments, 3 provided
[6.726s] gmake[2]: *** [tests/CMakeFiles/test_robotiq_gripper_hardware_interface.dir/build.make:76: tests/CMakeFiles/test_robotiq_gripper_hardware_interface.dir/test_robotiq_gripper_hardware_interface.cpp.o] Error 1
[6.726s] gmake[1]: *** [CMakeFiles/Makefile2:1037: tests/CMakeFiles/test_robotiq_gripper_hardware_interface.dir/all] Error 2
[6.726s] gmake[1]: *** Waiting for unfinished jobs....
[6.767s] [ 91%] [32m[1mLinking CXX executable test_default_serial_factory[0m
[7.002s] [ 91%] Built target test_default_serial_factory
[8.527s] [ 95%] [32m[1mLinking CXX executable test_default_driver_factory[0m
[8.723s] [ 95%] Built target test_default_driver_factory
[8.724s] gmake: *** [Makefile:146: all] Error 2
[8.727s] Invoked command in '/home/kadi/UR5e_ros2/ros2_real/build/robotiq_driver' returned '2': CMAKE_PREFIX_PATH=/home/kadi/UR5e_ros2/ros2_real/install/robotiq_description:/home/kadi/UR5e_ros2/ros2_real/install/serial:/home/kadi/UR5e_ros2/ros2_real/install/cartesian_controller_simulation_ur5e:/home/kadi/UR5e_ros2/ros2_real/install/cartesian_controller_simulation:/home/kadi/UR5e_ros2/ros2_real/install/cartesian_compliance_controller:/home/kadi/UR5e_ros2/ros2_real/install/cartesian_motion_controller:/home/kadi/UR5e_ros2/ros2_real/install/cartesian_force_controller:/home/kadi/UR5e_ros2/ros2_real/install/cartesian_controller_handles:/home/kadi/UR5e_ros2/ros2_real/install/cartesian_controller_base:/home/kadi/UR5e_ros2/ros2_real/install/cartesian_controller_utilities:/home/kadi/UR5e_ros2/ros2_real/install/rqt_joint_trajectory_controller:/home/kadi/UR5e_ros2/ros2_real/install/rqt_controller_manager:/home/kadi/UR5e_ros2/ros2_real/install/ros2controlcli:/home/kadi/UR5e_ros2/ros2_real/install/ros2_controllers_test_nodes:/opt/ros/iron:/home/kadi/UR5e_ros2/ros2_real/install/cartesian_controller_tests:/home/kadi/UR5e_ros2/ros2_real/install/ur:/home/kadi/UR5e_ros2/ros2_real/install/ur_calibration:/home/kadi/UR5e_ros2/ros2_real/install/ur_robot_driver:/home/kadi/UR5e_ros2/ros2_real/install/ros2_controllers:/home/kadi/UR5e_ros2/ros2_real/install/velocity_controllers:/home/kadi/UR5e_ros2/ros2_real/install/ur_controllers:/home/kadi/UR5e_ros2/ros2_real/install/ur_moveit_config:/home/kadi/UR5e_ros2/ros2_real/install/ur_dashboard_msgs:/home/kadi/UR5e_ros2/ros2_real/install/ur_client_library:/home/kadi/UR5e_ros2/ros2_real/install/tricycle_steering_controller:/home/kadi/UR5e_ros2/ros2_real/install/tricycle_controller:/home/kadi/UR5e_ros2/ros2_real/install/ros2_control:/home/kadi/UR5e_ros2/ros2_real/install/transmission_interface:/home/kadi/UR5e_ros2/ros2_real/install/bicycle_steering_controller:/home/kadi/UR5e_ros2/ros2_real/install/ackermann_steering_controller:/home/kadi/UR5e_ros2/ros2_real/install/steering_controllers_library:/home/kadi/UR5e_ros2/ros2_real/install/hardware_interface_testing:/home/kadi/UR5e_ros2/ros2_real/install/controller_manager:/home/kadi/UR5e_ros2/ros2_real/install/ros2_control_test_assets:/home/kadi/UR5e_ros2/ros2_real/install/range_sensor_broadcaster:/home/kadi/UR5e_ros2/ros2_real/install/position_controllers:/home/kadi/UR5e_ros2/ros2_real/install/pid_controller:/home/kadi/UR5e_ros2/ros2_real/install/kinematics_interface_kdl:/home/kadi/UR5e_ros2/ros2_real/install/admittance_controller:/home/kadi/UR5e_ros2/ros2_real/install/kinematics_interface:/home/kadi/UR5e_ros2/ros2_real/install/joint_trajectory_controller:/home/kadi/UR5e_ros2/ros2_real/install/joint_state_broadcaster:/home/kadi/UR5e_ros2/ros2_real/install/joint_limits:/home/kadi/UR5e_ros2/ros2_real/install/imu_sensor_broadcaster:/home/kadi/UR5e_ros2/ros2_real/install/gripper_controllers:/home/kadi/UR5e_ros2/ros2_real/install/effort_controllers:/home/kadi/UR5e_ros2/ros2_real/install/forward_command_controller:/home/kadi/UR5e_ros2/ros2_real/install/force_torque_sensor_broadcaster:/home/kadi/UR5e_ros2/ros2_real/install/diff_drive_controller:/home/kadi/UR5e_ros2/ros2_real/install/controller_interface:/home/kadi/UR5e_ros2/ros2_real/install/hardware_interface:/home/kadi/UR5e_ros2/ros2_real/install/controller_manager_msgs:/home/kadi/UR5e_ros2/ros2_real/install/control_msgs:/home/kadi/UR5e_ros2/ros2_real/install/ur_msgs:/home/kadi/UR5e_ros2/ros2_real/install/ur_description /usr/bin/cmake --build /home/kadi/UR5e_ros2/ros2_real/build/robotiq_driver -- -j16 -l16
