[0.039s] Invoking command in '/home/kadi/UR5e_ros2/ros2_real/build/ur_controllers': AMENT_PREFIX_PATH=/home/kadi/UR5e_ros2/ros2_real/install/joint_trajectory_controller:/home/kadi/UR5e_ros2/ros2_real/install/controller_manager:/home/kadi/UR5e_ros2/ros2_real/install/hardware_interface_testing:/home/kadi/UR5e_ros2/ros2_real/install/controller_interface:/home/kadi/UR5e_ros2/ros2_real/install/hardware_interface:/home/kadi/UR5e_ros2/ros2_real/install/ur_dashboard_msgs:/home/kadi/UR5e_ros2/ros2_real/install/ros2_control_test_assets:/home/kadi/UR5e_ros2/ros2_real/install/controller_manager_msgs:/home/kadi/UR5e_ros2/ros2_real/install/control_msgs:${AMENT_PREFIX_PATH} CMAKE_PREFIX_PATH=/home/kadi/UR5e_ros2/ros2_real/install/joint_trajectory_controller:/home/kadi/UR5e_ros2/ros2_real/install/controller_manager:/home/kadi/UR5e_ros2/ros2_real/install/hardware_interface_testing:/home/kadi/UR5e_ros2/ros2_real/install/controller_interface:/home/kadi/UR5e_ros2/ros2_real/install/hardware_interface:/home/kadi/UR5e_ros2/ros2_real/install/ur_msgs:/home/kadi/UR5e_ros2/ros2_real/install/ur_dashboard_msgs:/home/kadi/UR5e_ros2/ros2_real/install/ros2_control_test_assets:/home/kadi/UR5e_ros2/ros2_real/install/controller_manager_msgs:/home/kadi/UR5e_ros2/ros2_real/install/control_msgs:/home/kadi/UR5e_ros2/ros2_real/install/ur_description:/opt/ros/iron LD_LIBRARY_PATH=/home/kadi/UR5e_ros2/ros2_real/install/joint_trajectory_controller/lib:/home/kadi/UR5e_ros2/ros2_real/install/controller_manager/lib:/home/kadi/UR5e_ros2/ros2_real/install/hardware_interface_testing/lib:/home/kadi/UR5e_ros2/ros2_real/install/controller_interface/lib:/home/kadi/UR5e_ros2/ros2_real/install/hardware_interface/lib:/home/kadi/UR5e_ros2/ros2_real/install/ur_msgs/lib:/home/kadi/UR5e_ros2/ros2_real/install/ur_dashboard_msgs/lib:/home/kadi/UR5e_ros2/ros2_real/install/ros2_control_test_assets/lib:/home/kadi/UR5e_ros2/ros2_real/install/controller_manager_msgs/lib:/home/kadi/UR5e_ros2/ros2_real/install/control_msgs/lib:/home/kadi/mujoco-3.0.0/lib:/home/kadi/mujoco-3.0.0/lib:/home/kadi/mujoco-3.0.0/lib:/home/kadi/mujoco-3.0.0/lib:/home/kadi/mujoco-3.0.0/lib:/usr/lib/x86_64-linux-gnu/gazebo-11/plugins:/opt/ros/iron/opt/rviz_ogre_vendor/lib:/opt/ros/iron/lib/x86_64-linux-gnu:/opt/ros/iron/lib PYTHONPATH=/home/kadi/UR5e_ros2/ros2_real/install/controller_manager/lib/python3.10/site-packages:/home/kadi/UR5e_ros2/ros2_real/install/ur_msgs/lib/python3.10/site-packages:/home/kadi/UR5e_ros2/ros2_real/install/ur_dashboard_msgs/lib/python3.10/site-packages:/home/kadi/UR5e_ros2/ros2_real/install/controller_manager_msgs/lib/python3.10/site-packages:/home/kadi/UR5e_ros2/ros2_real/install/control_msgs/lib/python3.10/site-packages:/opt/ros/iron/lib/python3.10/site-packages /usr/bin/cmake --build /home/kadi/UR5e_ros2/ros2_real/build/ur_controllers -- -j16 -l16
[0.092s] [ 36%] Built target freedrive_mode_controller_parameters
[0.092s] [ 36%] Built target gpio_controller_parameters
[0.092s] [ 36%] Built target scaled_joint_trajectory_controller_parameters
[0.092s] [ 36%] Built target speed_scaling_state_broadcaster_parameters
[0.093s] [ 45%] Built target ur_configuration_controller_parameters
[0.107s] [35m[1mConsolidate compiler generated dependencies of target ur_controllers[0m
[0.136s] [ 54%] [32mBuilding CXX object CMakeFiles/ur_controllers.dir/src/freedrive_mode_controller.cpp.o[0m
[2.144s] [01m[K/home/kadi/UR5e_ros2/ros2_real/src/Universal_Robots_ROS2_Driver/ur_controllers/src/freedrive_mode_controller.cpp:[m[K In member function â€˜[01m[Kvirtual controller_interface::CallbackReturn ur_controllers::FreedriveModeController::on_init()[m[Kâ€™:
[2.144s] [01m[K/home/kadi/UR5e_ros2/ros2_real/src/Universal_Robots_ROS2_Driver/ur_controllers/src/freedrive_mode_controller.cpp:48:5:[m[K [01;31m[Kerror: [m[Kâ€˜[01m[Kparam_listener_[m[Kâ€™ was not declared in this scope
[2.145s]    48 |     [01;31m[Kparam_listener_[m[K = std::make_shared<freedrive_mode_controller::ParamListener>(get_node());
[2.145s]       |     [01;31m[K^~~~~~~~~~~~~~~[m[K
[2.149s] [01m[K/home/kadi/UR5e_ros2/ros2_real/src/Universal_Robots_ROS2_Driver/ur_controllers/src/freedrive_mode_controller.cpp:49:5:[m[K [01;31m[Kerror: [m[Kâ€˜[01m[Kparams_[m[Kâ€™ was not declared in this scope
[2.150s]    49 |     [01;31m[Kparams_[m[K = param_listener_->get_params();
[2.150s]       |     [01;31m[K^~~~~~~[m[K
[2.154s] [01m[K/home/kadi/UR5e_ros2/ros2_real/src/Universal_Robots_ROS2_Driver/ur_controllers/src/freedrive_mode_controller.cpp:[m[K In member function â€˜[01m[Kvirtual controller_interface::InterfaceConfiguration ur_controllers::FreedriveModeController::command_interface_configuration() const[m[Kâ€™:
[2.154s] [01m[K/home/kadi/UR5e_ros2/ros2_real/src/Universal_Robots_ROS2_Driver/ur_controllers/src/freedrive_mode_controller.cpp:62:33:[m[K [01;31m[Kerror: [m[Kâ€˜[01m[Kparams_[m[Kâ€™ was not declared in this scope
[2.154s]    62 |   const std::string tf_prefix = [01;31m[Kparams_[m[K.tf_prefix;
[2.154s]       |                                 [01;31m[K^~~~~~~[m[K
[2.159s] [01m[K/home/kadi/UR5e_ros2/ros2_real/src/Universal_Robots_ROS2_Driver/ur_controllers/src/freedrive_mode_controller.cpp:[m[K In member function â€˜[01m[Kvirtual controller_interface::InterfaceConfiguration ur_controllers::FreedriveModeController::state_interface_configuration() const[m[Kâ€™:
[2.160s] [01m[K/home/kadi/UR5e_ros2/ros2_real/src/Universal_Robots_ROS2_Driver/ur_controllers/src/freedrive_mode_controller.cpp:77:33:[m[K [01;31m[Kerror: [m[Kâ€˜[01m[Kparams_[m[Kâ€™ was not declared in this scope
[2.160s]    77 |   const std::string tf_prefix = [01;31m[Kparams_[m[K.tf_prefix;
[2.160s]       |                                 [01;31m[K^~~~~~~[m[K
[2.166s] [01m[K/home/kadi/UR5e_ros2/ros2_real/src/Universal_Robots_ROS2_Driver/ur_controllers/src/freedrive_mode_controller.cpp:[m[K In member function â€˜[01m[Kvirtual controller_interface::return_type ur_controllers::FreedriveModeController::update(const rclcpp::Time&, const rclcpp::Duration&)[m[Kâ€™:
[2.166s] [01m[K/home/kadi/UR5e_ros2/ros2_real/src/Universal_Robots_ROS2_Driver/ur_controllers/src/freedrive_mode_controller.cpp:88:7:[m[K [01;31m[Kerror: [m[Kâ€˜[01m[Kfreedrive_mode_enable_[m[Kâ€™ was not declared in this scope; did you mean â€˜[01m[Kfreedrive_mode_controller[m[Kâ€™?
[2.167s]    88 |   if ([01;31m[Kfreedrive_mode_enable_[m[K)
[2.167s]       |       [01;31m[K^~~~~~~~~~~~~~~~~~~~~~[m[K
[2.167s]       |       [32m[Kfreedrive_mode_controller[m[K
[2.173s] [01m[K/home/kadi/UR5e_ros2/ros2_real/src/Universal_Robots_ROS2_Driver/ur_controllers/src/freedrive_mode_controller.cpp:90:5:[m[K [01;31m[Kerror: [m[Kâ€˜[01m[KenableFreedriveMode[m[Kâ€™ was not declared in this scope; did you mean â€˜[01m[Kenable_freedrive_mode_sub_[m[Kâ€™?
[2.173s]    90 |     [01;31m[KenableFreedriveMode[m[K();
[2.173s]       |     [01;31m[K^~~~~~~~~~~~~~~~~~~[m[K
[2.173s]       |     [32m[Kenable_freedrive_mode_sub_[m[K
[2.179s] [01m[K/home/kadi/UR5e_ros2/ros2_real/src/Universal_Robots_ROS2_Driver/ur_controllers/src/freedrive_mode_controller.cpp:[m[K In member function â€˜[01m[Kvirtual controller_interface::CallbackReturn ur_controllers::FreedriveModeController::on_configure(const rclcpp_lifecycle::State&)[m[Kâ€™:
[2.179s] [01m[K/home/kadi/UR5e_ros2/ros2_real/src/Universal_Robots_ROS2_Driver/ur_controllers/src/freedrive_mode_controller.cpp:101:8:[m[K [01;31m[Kerror: [m[Kâ€˜[01m[Kparam_listener_[m[Kâ€™ was not declared in this scope
[2.179s]   101 |   if (![01;31m[Kparam_listener_[m[K) {
[2.179s]       |        [01;31m[K^~~~~~~~~~~~~~~[m[K
[2.185s] [01m[K/home/kadi/UR5e_ros2/ros2_real/src/Universal_Robots_ROS2_Driver/ur_controllers/src/freedrive_mode_controller.cpp:107:3:[m[K [01;31m[Kerror: [m[Kâ€˜[01m[Kparam_listener_[m[Kâ€™ was not declared in this scope
[2.185s]   107 |   [01;31m[Kparam_listener_[m[K->refresh_dynamic_parameters();
[2.185s]       |   [01;31m[K^~~~~~~~~~~~~~~[m[K
[2.189s] [01m[K/home/kadi/UR5e_ros2/ros2_real/src/Universal_Robots_ROS2_Driver/ur_controllers/src/freedrive_mode_controller.cpp:110:3:[m[K [01;31m[Kerror: [m[Kâ€˜[01m[Kparams_[m[Kâ€™ was not declared in this scope
[2.190s]   110 |   [01;31m[Kparams_[m[K = param_listener_->get_params();
[2.190s]       |   [01;31m[K^~~~~~~[m[K
[2.190s] [01m[K/home/kadi/UR5e_ros2/ros2_real/src/Universal_Robots_ROS2_Driver/ur_controllers/src/freedrive_mode_controller.cpp:[m[K In member function â€˜[01m[Kvirtual controller_interface::CallbackReturn ur_controllers::FreedriveModeController::on_activate(const rclcpp_lifecycle::State&)[m[Kâ€™:
[2.190s] [01m[K/home/kadi/UR5e_ros2/ros2_real/src/Universal_Robots_ROS2_Driver/ur_controllers/src/freedrive_mode_controller.cpp:118:28:[m[K [01;31m[Kerror: [m[Kâ€˜[01m[KStateInterfaces[m[Kâ€™ has not been declared
[2.190s]   118 |   while (state_interfaces_[[01;31m[KStateInterfaces[m[K::INITIALIZED_FLAG].get_value() == 0.0) {
[2.190s]       |                            [01;31m[K^~~~~~~~~~~~~~~[m[K
[2.226s] [01m[K/home/kadi/UR5e_ros2/ros2_real/src/Universal_Robots_ROS2_Driver/ur_controllers/src/freedrive_mode_controller.cpp:[m[K In member function â€˜[01m[Kvirtual controller_interface::CallbackReturn ur_controllers::FreedriveModeController::on_deactivate(const rclcpp_lifecycle::State&)[m[Kâ€™:
[2.226s] [01m[K/home/kadi/UR5e_ros2/ros2_real/src/Universal_Robots_ROS2_Driver/ur_controllers/src/freedrive_mode_controller.cpp:138:3:[m[K [01;31m[Kerror: [m[Kâ€˜[01m[KdisableFreedriveMode[m[Kâ€™ was not declared in this scope
[2.226s]   138 |   [01;31m[KdisableFreedriveMode[m[K();
[2.226s]       |   [01;31m[K^~~~~~~~~~~~~~~~~~~~[m[K
[2.232s] [01m[K/home/kadi/UR5e_ros2/ros2_real/src/Universal_Robots_ROS2_Driver/ur_controllers/src/freedrive_mode_controller.cpp:140:5:[m[K [01;31m[Kerror: [m[Kâ€˜[01m[Kset_freedrive_mode_srv_[m[Kâ€™ was not declared in this scope; did you mean â€˜[01m[Kenable_freedrive_mode_sub_[m[Kâ€™?
[2.232s]   140 |     [01;31m[Kset_freedrive_mode_srv_[m[K.reset();
[2.232s]       |     [01;31m[K^~~~~~~~~~~~~~~~~~~~~~~[m[K
[2.232s]       |     [32m[Kenable_freedrive_mode_sub_[m[K
[2.244s] [01m[K/home/kadi/UR5e_ros2/ros2_real/src/Universal_Robots_ROS2_Driver/ur_controllers/src/freedrive_mode_controller.cpp:[m[K In member function â€˜[01m[Kvoid ur_controllers::FreedriveModeController::readFreedriveModeCmd(std_msgs::msg::Bool_<std::allocator<void> >::SharedPtr)[m[Kâ€™:
[2.244s] [01m[K/home/kadi/UR5e_ros2/ros2_real/src/Universal_Robots_ROS2_Driver/ur_controllers/src/freedrive_mode_controller.cpp:152:5:[m[K [01;31m[Kerror: [m[Kâ€˜[01m[Kfreedrive_mode_enable_[m[Kâ€™ was not declared in this scope; did you mean â€˜[01m[Kfreedrive_mode_controller[m[Kâ€™?
[2.244s]   152 |     [01;31m[Kfreedrive_mode_enable_[m[K =  true;
[2.244s]       |     [01;31m[K^~~~~~~~~~~~~~~~~~~~~~[m[K
[2.244s]       |     [32m[Kfreedrive_mode_controller[m[K
[2.251s] [01m[K/home/kadi/UR5e_ros2/ros2_real/src/Universal_Robots_ROS2_Driver/ur_controllers/src/freedrive_mode_controller.cpp:155:5:[m[K [01;31m[Kerror: [m[Kâ€˜[01m[Kfreedrive_mode_enable_[m[Kâ€™ was not declared in this scope; did you mean â€˜[01m[Kfreedrive_mode_controller[m[Kâ€™?
[2.251s]   155 |     [01;31m[Kfreedrive_mode_enable_[m[K = false;
[2.251s]       |     [01;31m[K^~~~~~~~~~~~~~~~~~~~~~[m[K
[2.251s]       |     [32m[Kfreedrive_mode_controller[m[K
[2.252s] [01m[K/home/kadi/UR5e_ros2/ros2_real/src/Universal_Robots_ROS2_Driver/ur_controllers/src/freedrive_mode_controller.cpp:[m[K At global scope:
[2.252s] [01m[K/home/kadi/UR5e_ros2/ros2_real/src/Universal_Robots_ROS2_Driver/ur_controllers/src/freedrive_mode_controller.cpp:160:6:[m[K [01;31m[Kerror: [m[Kno declaration matches â€˜[01m[Kbool ur_controllers::FreedriveModeController::enableFreedriveMode()[m[Kâ€™
[2.252s]   160 | bool [01;31m[KFreedriveModeController[m[K::enableFreedriveMode()
[2.252s]       |      [01;31m[K^~~~~~~~~~~~~~~~~~~~~~~[m[K
[2.252s] [01m[K/home/kadi/UR5e_ros2/ros2_real/src/Universal_Robots_ROS2_Driver/ur_controllers/src/freedrive_mode_controller.cpp:160:6:[m[K [01;36m[Knote: [m[Kno functions named â€˜[01m[Kbool ur_controllers::FreedriveModeController::enableFreedriveMode()[m[Kâ€™
[2.252s] In file included from [01m[K/home/kadi/UR5e_ros2/ros2_real/src/Universal_Robots_ROS2_Driver/ur_controllers/src/freedrive_mode_controller.cpp:40[m[K:
[2.252s] [01m[K/home/kadi/UR5e_ros2/ros2_real/src/Universal_Robots_ROS2_Driver/ur_controllers/include/ur_controllers/freedrive_mode_controller.hpp:91:7:[m[K [01;36m[Knote: [m[Kâ€˜[01m[Kclass ur_controllers::FreedriveModeController[m[Kâ€™ defined here
[2.252s]    91 | class [01;36m[KFreedriveModeController[m[K : public controller_interface::ControllerInterface
[2.252s]       |       [01;36m[K^~~~~~~~~~~~~~~~~~~~~~~[m[K
[2.252s] [01m[K/home/kadi/UR5e_ros2/ros2_real/src/Universal_Robots_ROS2_Driver/ur_controllers/src/freedrive_mode_controller.cpp:191:6:[m[K [01;31m[Kerror: [m[Kno declaration matches â€˜[01m[Kbool ur_controllers::FreedriveModeController::disableFreedriveMode()[m[Kâ€™
[2.252s]   191 | bool [01;31m[KFreedriveModeController[m[K::disableFreedriveMode()
[2.252s]       |      [01;31m[K^~~~~~~~~~~~~~~~~~~~~~~[m[K
[2.252s] [01m[K/home/kadi/UR5e_ros2/ros2_real/src/Universal_Robots_ROS2_Driver/ur_controllers/src/freedrive_mode_controller.cpp:191:6:[m[K [01;36m[Knote: [m[Kno functions named â€˜[01m[Kbool ur_controllers::FreedriveModeController::disableFreedriveMode()[m[Kâ€™
[2.252s] In file included from [01m[K/home/kadi/UR5e_ros2/ros2_real/src/Universal_Robots_ROS2_Driver/ur_controllers/src/freedrive_mode_controller.cpp:40[m[K:
[2.252s] [01m[K/home/kadi/UR5e_ros2/ros2_real/src/Universal_Robots_ROS2_Driver/ur_controllers/include/ur_controllers/freedrive_mode_controller.hpp:91:7:[m[K [01;36m[Knote: [m[Kâ€˜[01m[Kclass ur_controllers::FreedriveModeController[m[Kâ€™ defined here
[2.252s]    91 | class [01;36m[KFreedriveModeController[m[K : public controller_interface::ControllerInterface
[2.252s]       |       [01;36m[K^~~~~~~~~~~~~~~~~~~~~~~[m[K
[2.272s] [01m[K/home/kadi/UR5e_ros2/ros2_real/src/Universal_Robots_ROS2_Driver/ur_controllers/src/freedrive_mode_controller.cpp:215:13:[m[K [01;31m[Kerror: [m[Kexpected constructor, destructor, or type conversion before â€˜[01m[K([m[Kâ€™ token
[2.272s]   215 | find_package[01;31m[K([m[Kcartesian_controllers REQUIRED)
[2.272s]       |             [01;31m[K^[m[K
[3.832s] gmake[2]: *** [CMakeFiles/ur_controllers.dir/build.make:132: CMakeFiles/ur_controllers.dir/src/freedrive_mode_controller.cpp.o] Error 1
[3.832s] gmake[1]: *** [CMakeFiles/Makefile2:281: CMakeFiles/ur_controllers.dir/all] Error 2
[3.832s] gmake: *** [Makefile:146: all] Error 2
[3.835s] Invoked command in '/home/kadi/UR5e_ros2/ros2_real/build/ur_controllers' returned '2': AMENT_PREFIX_PATH=/home/kadi/UR5e_ros2/ros2_real/install/joint_trajectory_controller:/home/kadi/UR5e_ros2/ros2_real/install/controller_manager:/home/kadi/UR5e_ros2/ros2_real/install/hardware_interface_testing:/home/kadi/UR5e_ros2/ros2_real/install/controller_interface:/home/kadi/UR5e_ros2/ros2_real/install/hardware_interface:/home/kadi/UR5e_ros2/ros2_real/install/ur_dashboard_msgs:/home/kadi/UR5e_ros2/ros2_real/install/ros2_control_test_assets:/home/kadi/UR5e_ros2/ros2_real/install/controller_manager_msgs:/home/kadi/UR5e_ros2/ros2_real/install/control_msgs:${AMENT_PREFIX_PATH} CMAKE_PREFIX_PATH=/home/kadi/UR5e_ros2/ros2_real/install/joint_trajectory_controller:/home/kadi/UR5e_ros2/ros2_real/install/controller_manager:/home/kadi/UR5e_ros2/ros2_real/install/hardware_interface_testing:/home/kadi/UR5e_ros2/ros2_real/install/controller_interface:/home/kadi/UR5e_ros2/ros2_real/install/hardware_interface:/home/kadi/UR5e_ros2/ros2_real/install/ur_msgs:/home/kadi/UR5e_ros2/ros2_real/install/ur_dashboard_msgs:/home/kadi/UR5e_ros2/ros2_real/install/ros2_control_test_assets:/home/kadi/UR5e_ros2/ros2_real/install/controller_manager_msgs:/home/kadi/UR5e_ros2/ros2_real/install/control_msgs:/home/kadi/UR5e_ros2/ros2_real/install/ur_description:/opt/ros/iron LD_LIBRARY_PATH=/home/kadi/UR5e_ros2/ros2_real/install/joint_trajectory_controller/lib:/home/kadi/UR5e_ros2/ros2_real/install/controller_manager/lib:/home/kadi/UR5e_ros2/ros2_real/install/hardware_interface_testing/lib:/home/kadi/UR5e_ros2/ros2_real/install/controller_interface/lib:/home/kadi/UR5e_ros2/ros2_real/install/hardware_interface/lib:/home/kadi/UR5e_ros2/ros2_real/install/ur_msgs/lib:/home/kadi/UR5e_ros2/ros2_real/install/ur_dashboard_msgs/lib:/home/kadi/UR5e_ros2/ros2_real/install/ros2_control_test_assets/lib:/home/kadi/UR5e_ros2/ros2_real/install/controller_manager_msgs/lib:/home/kadi/UR5e_ros2/ros2_real/install/control_msgs/lib:/home/kadi/mujoco-3.0.0/lib:/home/kadi/mujoco-3.0.0/lib:/home/kadi/mujoco-3.0.0/lib:/home/kadi/mujoco-3.0.0/lib:/home/kadi/mujoco-3.0.0/lib:/usr/lib/x86_64-linux-gnu/gazebo-11/plugins:/opt/ros/iron/opt/rviz_ogre_vendor/lib:/opt/ros/iron/lib/x86_64-linux-gnu:/opt/ros/iron/lib PYTHONPATH=/home/kadi/UR5e_ros2/ros2_real/install/controller_manager/lib/python3.10/site-packages:/home/kadi/UR5e_ros2/ros2_real/install/ur_msgs/lib/python3.10/site-packages:/home/kadi/UR5e_ros2/ros2_real/install/ur_dashboard_msgs/lib/python3.10/site-packages:/home/kadi/UR5e_ros2/ros2_real/install/controller_manager_msgs/lib/python3.10/site-packages:/home/kadi/UR5e_ros2/ros2_real/install/control_msgs/lib/python3.10/site-packages:/opt/ros/iron/lib/python3.10/site-packages /usr/bin/cmake --build /home/kadi/UR5e_ros2/ros2_real/build/ur_controllers -- -j16 -l16
